<?xml version="1.0" encoding="UTF-8"?>
<testsuite xmlns:xsi="http://www.w3.org/2001/XMLSchema-instance" xsi:noNamespaceSchemaLocation="https://maven.apache.org/surefire/maven-surefire-plugin/xsd/surefire-test-report.xsd" version="3.0.2" name="autotests.apiBusiness.UpdateEmployeeBusinessTest" time="5.413" tests="5" errors="0" skipped="0" failures="0">
  <properties>
[...]
</properties>
  <testcase name="updateWithEmptyFieldsTest" classname="autotests.apiBusiness.UpdateEmployeeBusinessTest" time="0.869">
    <system-err><![CDATA[[main] ERROR io.qameta.allure.AllureLifecycle - Could not start step: no test case running
[main] ERROR io.qameta.allure.AllureLifecycle - Could not update step: no step running
[main] ERROR io.qameta.allure.AllureLifecycle - Could not stop step: no step running
]]></system-err>
  </testcase>
  <testcase name="updateWithSameDataTest" classname="autotests.apiBusiness.UpdateEmployeeBusinessTest" time="0.906"/>
  <testcase name="updateAllFieldsTest" classname="autotests.apiBusiness.UpdateEmployeeBusinessTest" time="0.831"/>
  <testcase name="updateNonExistentEmployeeTest" classname="autotests.apiBusiness.UpdateEmployeeBusinessTest" time="0.619"/>
  <testcase name="updateSurnameCityFieldsTest" classname="autotests.apiBusiness.UpdateEmployeeBusinessTest" time="0.834"/>
</testsuite>