<?xml version="1.0" encoding="UTF-8"?>
<testsuite xmlns:xsi="http://www.w3.org/2001/XMLSchema-instance" xsi:noNamespaceSchemaLocation="https://maven.apache.org/surefire/maven-surefire-plugin/xsd/surefire-test-report.xsd" version="3.0.2" name="autotests.apiContract.GetEmployeesContractTest" time="3.315" tests="5" errors="0" skipped="0" failures="0">
  <properties>
[...]
</properties>
  <testcase name="getEmployeesСontainsListOfEmployeesTest" classname="autotests.apiContract.GetEmployeesContractTest" time="0.424">
    <system-out><![CDATA[HTTP/1.1 200 OK
Date: Wed, 05 Nov 2025 12:31:47 GMT
Content-Type: application/json
Transfer-Encoding: chunked
Connection: keep-alive
Content-Encoding: gzip
rndr-id: c3378e75-a53b-4f66
vary: Accept-Encoding
x-render-origin-server: gunicorn
cf-cache-status: DYNAMIC
Server: cloudflare
CF-RAY: 999c5ebe1ae445c1-WAW
alt-svc: h3=":443"; ma=86400

[
    {
        "city": "Forth Worth",
        "id": 1,
        "name": "Test Employee 1760955058049",
        "position": "QA",
        "surname": "Bolkunova"
    },
    {
        "city": "Forth Worth",
        "id": 2,
        "name": "Test Employee 1760955266938",
        "position": "QA",
        "surname": "Bolkunova"
    },
    {
        "city": "Forth Worth",
        "id": 3,
        "name": "Test Employee 1760955269846",
        "position": "QA",
        "surname": "Bolkunova"
    },
    {
        "city": "Forth Worth",
        "id": 5,
        "name": "Test Employee 1760955274730",
        "position": "QA",
        "surname": "Bolkunova"
    },
    {
        "city": "Forth Worth",
        "id": 6,
        "name": "Test Employee 1760955276150",
        "position": "QA",
        "surname": "Bolkunova"
    },
    {
        "city": "Forth Worth",
        "id": 7,
        "name": "Test Employee 1760987631544",
        "position": "QA",
        "surname": "Bolkunova"
    },
    {
        "city": "Forth Worth",
        "id": 10,
        "name": "Test Employee 1760987692124",
        "position": "QA",
        "surname": "Bolkunova"
    },
    {
        "city": "Forth Worth",
        "id": 11,
        "name": "Test Employee 1760987693532",
        "position": "QA",
        "surname": "Bolkunova"
    },
    {
        "city": "Forth Worth",
        "id": 12,
        "name": "Test Employee 1760988281442",
        "position": "QA",
        "surname": "Bolkunova"
    },
    {
        "city": "Forth Worth",
        "id": 16,
        "name": "Test Employee 1760988517767",
        "position": "QA",
        "surname": "Bolkunova"
    },
    {
        "city": "Kazan",
        "id": 351,
        "name": "Mary",
        "position": "AQA",
        "surname": "Addington"
    },
    {
        "city": "Forth Worth",
        "id": 18,
        "name": "Test Employee 1760988521156",
        "position": "QA",
        "surname": "Bolkunova"
    },
    {
        "city": "Forth Worth",
        "id": 19,
        "name": "Test Employee 1760988524616",
        "position": "QA",
        "surname": "Bolkunova"
    },
    {
        "city": "Forth Worth",
        "id": 20,
        "name": "Test Employee 1760988525895",
        "position": "QA",
        "surname": "Bolkunova"
    },
    {
        "city": "Kazan",
        "id": 352,
        "name": "Mary",
        "position": "AQA",
        "surname": "Addington"
    },
    {
        "city": "Forth Worth",
        "id": 22,
        "name": "Test Employee 1761238399816",
        "position": "QA",
        "surname": "Bolkunova"
    },
    {
        "city": "Forth Worth",
        "id": 23,
        "name": "Test Employee 1761238474595",
        "position": "QA",
        "surname": "Bolkunova"
    },
    {
        "city": "Kazan",
        "id": 353,
        "name": "Mary",
        "position": "AQA",
        "surname": "Addington"
    },
    {
        "city": "Forth Worth",
        "id": 25,
        "name": "Test Employee 1761238478744",
        "position": "QA",
        "surname": "Bolkunova"
    },
    {
        "city": "Forth Worth",
        "id": 26,
        "name": "Test Employee 1761238482241",
        "position": "QA",
        "surname": "Bolkunova"
    },
    {
        "city": "Forth Worth",
        "id": 27,
        "name": "Test Employee 1761238483563",
        "position": "QA",
        "surname": "Bolkunova"
    },
    {
        "city": "Samara",
        "id": 145,
        "name": "Ivan",
        "position": "Senior QA",
        "surname": "Kalashnikova"
    },
    {
        "city": "Kazan",
        "id": 354,
        "name": "Mary",
        "position": "AQA",
        "surname": "Addington"
    },
    {
        "city": "Forth Worth",
        "id": 31,
        "name": "Test Employee 1761249062627",
        "position": "QA",
        "surname": "Bolkunova"
    },
    {
        "city": "Kazan",
        "id": 355,
        "name": "Mary",
        "position": "AQA",
        "surname": "Addington"
    },
    {
        "city": "Forth Worth",
        "id": 33,
        "name": "Test Employee 1761249067250",
        "position": "QA",
        "surname": "Bolkunova"
    },
    {
        "city": "Forth Worth",
        "id": 34,
        "name": "Test Employee 1761249071029",
        "position": "QA",
        "surname": "Bolkunova"
    },
    {
        "city": "Forth Worth",
        "id": 35,
        "name": "Test Employee 1761249072344",
        "position": "QA",
        "surname": "Bolkunova"
    },
    {
        "city": "Murmansk",
        "id": 950,
        "name": "Olga",
        "position": "Engineer",
        "surname": "Bobrova"
    },
    {
        "city": "Forth Worth",
        "id": 37,
        "name": "Test Employee 1761249937030",
        "position": "QA",
        "surname": "Bolkunova"
    },
    {
        "city": "Kazan",
        "id": 866,
        "name": "Olga",
        "position": "Finance",
        "surname": "Petrova"
    },
    {
        "city": "Forth Worth",
        "id": 39,
        "name": "Test Employee 1761249940969",
        "position": "QA",
        "surname": "Bolkunova"
    },
    {
        "city": "Forth Worth",
        "id": 40,
        "name": "Test Employee 1761249944856",
        "position": "QA",
        "surname": "Bolkunova"
    },
    {
        "city": "Forth Worth",
        "id": 41,
        "name": "Test Employee 1761249946162",
        "position": "QA",
        "surname": "Bolkunova"
    },
    {
        "city": "Murmansk",
        "id": 951,
        "name": "Olga",
        "position": "Engineer",
        "surname": "Bobrova"
    },
    {
        "city": "Murmansk",
        "id": 952,
        "name": "Olga",
        "position": "Engineer",
        "surname": "Bobrova"
    },
    {
        "city": "Forth Worth",
        "id": 44,
        "name": "Test Employee 1761420932190",
        "position": "QA",
        "surname": "Bolkunova"
    },
    {
        "city": "Murmansk",
        "id": 953,
        "name": "Olga",
        "position": "Engineer",
        "surname": "Bobrova"
    },
    {
        "city": "Forth Worth",
        "id": 46,
        "name": "Test Employee 1761420935690",
        "position": "QA",
        "surname": "Bolkunova"
    },
    {
        "city": "Forth Worth",
        "id": 47,
        "name": "Test Employee 1761420939308",
        "position": "QA",
        "surname": "Bolkunova"
    },
    {
        "city": "Forth Worth",
        "id": 48,
        "name": "Test Employee 1761420940835",
        "position": "QA",
        "surname": "Bolkunova"
    },
    {
        "city": "Forth Worth",
        "id": 533,
        "name": "Test Employee 1761762854622",
        "position": "QA",
        "surname": "Bolkunova"
    },
    {
        "city": "Forth Worth",
        "id": 50,
        "name": "Test Employee 1761421982734",
        "position": "QA",
        "surname": "Bolkunova"
    },
    {
        "city": "Forth Worth",
        "id": 51,
        "name": "Test Employee 1761422114591",
        "position": "QA",
        "surname": "Bolkunova"
    },
    {
        "city": "Forth Worth",
        "id": 52,
        "name": "Test Employee 1761422376252",
        "position": "QA",
        "surname": "Bolkunova"
    },
    {
        "city": "Forth Worth",
        "id": 53,
        "name": "Test Employee 1761422594295",
        "position": "QA",
        "surname": "Bolkunova"
    },
    {
        "city": "Forth Worth",
        "id": 54,
        "name": "Test Employee 1761422671350",
        "position": "QA",
        "surname": "Bolkunova"
    },
    {
        "city": "Forth Worth",
        "id": 55,
        "name": "Test Employee 1761422858619",
        "position": "QA",
        "surname": "Bolkunova"
    },
    {
        "city": "Forth Worth",
        "id": 534,
        "name": "Test Employee 1761762856317",
        "position": "QA",
        "surname": "Bolkunova"
    },
    {
        "city": "Murmansk",
        "id": 954,
        "name": "Olga",
        "position": "Engineer",
        "surname": "Bobrova"
    },
    {
        "city": "Forth Worth",
        "id": 58,
        "name": "Test Employee 1761423130258",
        "position": "QA",
        "surname": "Bolkunova"
    },
    {
        "city": "Forth Worth",
        "id": 59,
        "name": "Test Employee 1761423131987",
        "position": "QA",
        "surname": "Bolkunova"
    },
    {
        "city": "Madrid",
        "id": 1068,
        "name": "Margarita",
        "position": "Scientist",
        "surname": "Smirnova"
    },
    {
        "city": "Forth Worth",
        "id": 61,
        "name": "Test Employee 1761423135580",
        "position": "QA",
        "surname": "Bolkunova"
    },
    {
        "city": "Forth Worth",
        "id": 62,
        "name": "Test Employee 1761423139794",
        "position": "QA",
        "surname": "Bolkunova"
    },
    {
        "city": "Forth Worth",
        "id": 63,
        "name": "Test Employee 1761423141110",
        "position": "QA",
        "surname": "Bolkunova"
    },
    {
        "city": "Forth Worth",
        "id": 64,
        "name": "Test Employee 1761423142401",
        "position": "QA",
        "surname": "Bolkunova"
    },
    {
        "city": "Forth Worth",
        "id": 65,
        "name": "Test Employee 1761423144981",
        "position": "QA",
        "surname": "Bolkunova"
    },
    {
        "city": "Moscow",
        "id": 152,
        "name": "Ivan",
        "position": "QA",
        "surname": "Ivanov"
    },
    {
        "city": "Moscow",
        "id": 153,
        "name": "Ivan",
        "position": "QA",
        "surname": "Ivanov"
    },
    {
        "city": "Forth Worth",
        "id": 69,
        "name": "Test Employee 1761423909226",
        "position": "QA",
        "surname": "Bolkunova"
    },
    {
        "city": "Forth Worth",
        "id": 70,
        "name": "Test Employee 1761423911021",
        "position": "QA",
        "surname": "Bolkunova"
    },
    {
        "city": "Forth Worth",
        "id": 72,
        "name": "Test Employee 1761423914685",
        "position": "QA",
        "surname": "Bolkunova"
    },
    {
        "city": "Forth Worth",
        "id": 73,
        "name": "Test Employee 1761423918211",
        "position": "QA",
        "surname": "Bolkunova"
    },
    {
        "city": "Forth Worth",
        "id": 74,
        "name": "Test Employee 1761423919570",
        "position": "QA",
        "surname": "Bolkunova"
    },
    {
        "city": "Forth Worth",
        "id": 75,
        "name": "Test Employee 1761423920853",
        "position": "QA",
        "surname": "Bolkunova"
    },
    {
        "city": "Forth Worth",
        "id": 76,
        "name": "Test Employee 1761423923321",
        "position": "QA",
        "surname": "Bolkunova"
    },
    {
        "city": "Novosibirsk",
        "id": 868,
        "name": "Irina",
        "position": "IT",
        "surname": "Sidorova"
    },
    {
        "city": "Murmansk",
        "id": 975,
        "name": "Olga",
        "position": "Engineer",
        "surname": "Bobrova"
    },
    {
        "city": "Murmansk",
        "id": 976,
        "name": "Olga",
        "position": "Engineer",
        "surname": "Bobrova"
    },
    {
        "city": "Murmansk",
        "id": 977,
        "name": "Olga",
        "position": "Engineer",
        "surname": "Bobrova"
    },
    {
        "city": "Murmansk",
        "id": 978,
        "name": "Olga",
        "position": "Engineer",
        "surname": "Bobrova"
    },
    {
        "city": "Kazan",
        "id": 870,
        "name": "Olga",
        "position": "Finance",
        "surname": "Petrova"
    },
    {
        "city": "Forth Worth",
        "id": 881,
        "name": "Test Employee 1762180055783",
        "position": "QA",
        "surname": "Bolkunova"
    },
    {
        "city": "Samara",
        "id": 198,
        "name": "Kseniia",
        "position": "Senior QA",
        "surname": "Kalashnikova"
    },
    {
        "city": "Samara",
        "id": 199,
        "name": "Kseniia",
        "position": "Senior QA",
        "surname": "Kalashnikova"
    },
    {
        "city": "Samara",
        "id": 200,
        "name": "Kseniia",
        "position": "Senior QA",
        "surname": "Kalashnikova"
    },
    {
        "city": "Samara",
        "id": 201,
        "name": "Kseniia",
        "position": "Senior QA",
        "surname": "Kalashnikova"
    },
    {
        "city": "Samara",
        "id": 202,
        "name": "Kseniia",
        "position": "Senior QA",
        "surname": "Kalashnikova"
    },
    {
        "city": "Samara",
        "id": 204,
        "name": "Kseniia",
        "position": "Senior QA",
        "surname": "Kalashnikova"
    },
    {
        "city": "Samara",
        "id": 205,
        "name": "Kseniia",
        "position": "Senior QA",
        "surname": "Kalashnikova"
    },
    {
        "city": "Samara",
        "id": 206,
        "name": "Kseniia",
        "position": "Senior QA",
        "surname": "Kalashnikova"
    },
    {
        "city": "Samara",
        "id": 207,
        "name": "Kseniia",
        "position": "Senior QA",
        "surname": "Kalashnikova"
    },
    {
        "city": "Samara",
        "id": 208,
        "name": "Kseniia",
        "position": "Senior QA",
        "surname": "Kalashnikova"
    },
    {
        "city": "Samara",
        "id": 209,
        "name": "Kseniia",
        "position": "Senior QA",
        "surname": "Kalashnikova"
    },
    {
        "city": "Samara",
        "id": 210,
        "name": "Kseniia",
        "position": "Senior QA",
        "surname": "Kalashnikova"
    },
    {
        "city": "Samara",
        "id": 211,
        "name": "Kseniia",
        "position": "Senior QA",
        "surname": "Kalashnikova"
    },
    {
        "city": "Samara",
        "id": 218,
        "name": "Kseniia",
        "position": "Senior QA",
        "surname": "Kalashnikova"
    },
    {
        "city": "Samara",
        "id": 219,
        "name": "Kseniia",
        "position": "Senior QA",
        "surname": "Kalashnikova"
    },
    {
        "city": "Samara",
        "id": 224,
        "name": "Kseniia",
        "position": "Senior QA",
        "surname": "Kalashnikova"
    },
    {
        "city": "Samara",
        "id": 225,
        "name": "Kseniia",
        "position": "Senior QA",
        "surname": "Kalashnikova"
    },
    {
        "city": "Samara",
        "id": 231,
        "name": "Kseniia",
        "position": "Senior QA",
        "surname": "Kalashnikova"
    },
    {
        "city": "Samara",
        "id": 241,
        "name": "Kseniia",
        "position": "Senior QA",
        "surname": "Kalashnikova"
    },
    {
        "city": "Samara",
        "id": 242,
        "name": "Kseniia",
        "position": "Senior QA",
        "surname": "Kalashnikova"
    },
    {
        "city": "Kazan",
        "id": 347,
        "name": "Marina",
        "position": "AQA",
        "surname": "Addington"
    },
    {
        "city": "Samara",
        "id": 250,
        "name": "Kseniia",
        "position": "Senior QA",
        "surname": "Kalashnikova"
    },
    {
        "city": "Samara",
        "id": 252,
        "name": "Kseniia",
        "position": "Senior QA",
        "surname": "Kalashnikova"
    },
    {
        "city": "Kazan",
        "id": 349,
        "name": "Marina",
        "position": "AQA",
        "surname": "Addington"
    },
    {
        "city": "Samara",
        "id": 254,
        "name": "Kseniia",
        "position": "Senior QA",
        "surname": "Kalashnikova"
    },
    {
        "city": "Forth Worth",
        "id": 536,
        "name": "Test Employee 1761762860996",
        "position": "QA",
        "surname": "Bolkunova"
    },
    {
        "city": "Samara",
        "id": 256,
        "name": "Kseniia",
        "position": "Senior QA",
        "surname": "Kalashnikova"
    },
    {
        "city": "Kazan",
        "id": 356,
        "name": "Mary",
        "position": "AQA",
        "surname": "Addington"
    },
    {
        "city": "Samara",
        "id": 258,
        "name": "Kseniia",
        "position": "Senior QA",
        "surname": "Kalashnikova"
    },
    {
        "city": "Kazan",
        "id": 357,
        "name": "Mary",
        "position": "AQA",
        "surname": "Addington"
    },
    {
        "city": "Kazan",
        "id": 358,
        "name": "Mary",
        "position": "AQA",
        "surname": "Addington"
    },
    {
        "city": "Kazan",
        "id": 359,
        "name": "Mary",
        "position": "AQA",
        "surname": "Addington"
    },
    {
        "city": "Kazan",
        "id": 360,
        "name": "Mary",
        "position": "AQA",
        "surname": "Addington"
    },
    {
        "city": "Kazan",
        "id": 361,
        "name": "Mary",
        "position": "AQA",
        "surname": "Addington"
    },
    {
        "city": "Kazan",
        "id": 362,
        "name": "Mary",
        "position": "AQA",
        "surname": "Addington"
    },
    {
        "city": "Kazan",
        "id": 363,
        "name": "Mary",
        "position": "AQA",
        "surname": "Addington"
    },
    {
        "city": "Kazan",
        "id": 364,
        "name": "Mary",
        "position": "AQA",
        "surname": "Addington"
    },
    {
        "city": "Samara",
        "id": 267,
        "name": "Kseniia",
        "position": "Senior QA",
        "surname": "Kalashnikova"
    },
    {
        "city": "Kazan",
        "id": 365,
        "name": "Marina",
        "position": "AQA",
        "surname": "Addington"
    },
    {
        "city": "Kazan",
        "id": 367,
        "name": "Marina",
        "position": "AQA",
        "surname": "Addington"
    },
    {
        "city": "Kazan",
        "id": 369,
        "name": "Mary",
        "position": "AQA",
        "surname": "Addington"
    },
    {
        "city": "Kazan",
        "id": 370,
        "name": "Mary",
        "position": "AQA",
        "surname": "Addington"
    },
    {
        "city": "Kazan",
        "id": 371,
        "name": "Mary",
        "position": "AQA",
        "surname": "Addington"
    },
    {
        "city": "Kazan",
        "id": 372,
        "name": "Mary",
        "position": "AQA",
        "surname": "Addington"
    },
    {
        "city": "Kazan",
        "id": 373,
        "name": "Mary",
        "position": "AQA",
        "surname": "Addington"
    },
    {
        "city": "Kazan",
        "id": 374,
        "name": "Mary",
        "position": "AQA",
        "surname": "Addington"
    },
    {
        "city": "Kazan",
        "id": 375,
        "name": "Mary",
        "position": "AQA",
        "surname": "Addington"
    },
    {
        "city": "Kazan",
        "id": 376,
        "name": "Mary",
        "position": "AQA",
        "surname": "Addington"
    },
    {
        "city": "Kazan",
        "id": 377,
        "name": "Mary",
        "position": "AQA",
        "surname": "Addington"
    },
    {
        "city": "Kazan",
        "id": 378,
        "name": "Mary",
        "position": "AQA",
        "surname": "Addington"
    },
    {
        "city": "Kazan",
        "id": 379,
        "name": "Mary",
        "position": "AQA",
        "surname": "Addington"
    },
    {
        "city": "Kazan",
        "id": 380,
        "name": "Mary",
        "position": "AQA",
        "surname": "Addington"
    },
    {
        "city": "Kazan",
        "id": 381,
        "name": "Mary",
        "position": "AQA",
        "surname": "Addington"
    },
    {
        "city": "Kazan",
        "id": 382,
        "name": "Mary",
        "position": "AQA",
        "surname": "Addington"
    },
    {
        "city": "Kazan",
        "id": 383,
        "name": "Marina",
        "position": "AQA",
        "surname": "Addington"
    },
    {
        "city": "Kazan",
        "id": 385,
        "name": "Marina",
        "position": "AQA",
        "surname": "Addington"
    },
    {
        "city": "Kazan",
        "id": 387,
        "name": "Mary",
        "position": "AQA",
        "surname": "Addington"
    },
    {
        "city": "Kazan",
        "id": 388,
        "name": "Mary",
        "position": "AQA",
        "surname": "Addington"
    },
    {
        "city": "Kazan",
        "id": 389,
        "name": "Mary",
        "position": "AQA",
        "surname": "Addington"
    },
    {
        "city": "Kazan",
        "id": 390,
        "name": "Mary",
        "position": "AQA",
        "surname": "Addington"
    },
    {
        "city": "Kazan",
        "id": 391,
        "name": "Mary",
        "position": "AQA",
        "surname": "Addington"
    },
    {
        "city": "Kazan",
        "id": 392,
        "name": "Mary",
        "position": "AQA",
        "surname": "Addington"
    },
    {
        "city": "Kazan",
        "id": 393,
        "name": "Mary",
        "position": "AQA",
        "surname": "Addington"
    },
    {
        "city": "Kazan",
        "id": 394,
        "name": "Mary",
        "position": "AQA",
        "surname": "Addington"
    },
    {
        "city": "Kazan",
        "id": 395,
        "name": "Mary",
        "position": "AQA",
        "surname": "Addington"
    },
    {
        "city": "Kazan",
        "id": 396,
        "name": "Mary",
        "position": "AQA",
        "surname": "Addington"
    },
    {
        "city": "Kazan",
        "id": 397,
        "name": "Mary",
        "position": "AQA",
        "surname": "Addington"
    },
    {
        "city": "Samara",
        "id": 289,
        "name": "Kseniia",
        "position": "Senior QA",
        "surname": "Kalashnikova"
    },
    {
        "city": "Samara",
        "id": 290,
        "name": "Kseniia",
        "position": "Senior QA",
        "surname": "Kalashnikova"
    },
    {
        "city": "Samara",
        "id": 291,
        "name": "Kseniia",
        "position": "Senior QA",
        "surname": "Kalashnikova"
    },
    {
        "city": "Samara",
        "id": 292,
        "name": "Kseniia",
        "position": "Senior QA",
        "surname": "Kalashnikova"
    },
    {
        "city": "Samara",
        "id": 293,
        "name": "Kseniia",
        "position": "Senior QA",
        "surname": "Kalashnikova"
    },
    {
        "city": "Kazan",
        "id": 398,
        "name": "Mary",
        "position": "AQA",
        "surname": "Addington"
    },
    {
        "city": "Kazan",
        "id": 399,
        "name": "Mary",
        "position": "AQA",
        "surname": "Addington"
    },
    {
        "city": "Samara",
        "id": 296,
        "name": "Kseniia",
        "position": "Senior QA",
        "surname": "Kalashnikova"
    },
    {
        "city": "Samara",
        "id": 297,
        "name": "Kseniia",
        "position": "Senior QA",
        "surname": "Kalashnikova"
    },
    {
        "city": "Kazan",
        "id": 400,
        "name": "Mary",
        "position": "AQA",
        "surname": "Addington"
    },
    {
        "city": "Kazan",
        "id": 401,
        "name": "Mary",
        "position": "AQA",
        "surname": "Addington"
    },
    {
        "city": "Kazan",
        "id": 402,
        "name": "Marina",
        "position": "AQA",
        "surname": "Addington"
    },
    {
        "city": "Samara",
        "id": 301,
        "name": "Kseniia",
        "position": "Senior QA",
        "surname": "Kalashnikova"
    },
    {
        "city": "Samara",
        "id": 302,
        "name": "Kseniia",
        "position": "Senior QA",
        "surname": "Kalashnikova"
    },
    {
        "city": "Samara",
        "id": 303,
        "name": "Kseniia",
        "position": "Senior QA",
        "surname": "Kalashnikova"
    },
    {
        "city": "Samara",
        "id": 304,
        "name": "Kseniia",
        "position": "Senior QA",
        "surname": "Kalashnikova"
    },
    {
        "city": "Samara",
        "id": 305,
        "name": "Kseniia",
        "position": "Senior QA",
        "surname": "Kalashnikova"
    },
    {
        "city": "Samara",
        "id": 306,
        "name": "Kseniia",
        "position": "Senior QA",
        "surname": "Kalashnikova"
    },
    {
        "city": "Samara",
        "id": 307,
        "name": "Kseniia",
        "position": "Senior QA",
        "surname": "Kalashnikova"
    },
    {
        "city": "Samara",
        "id": 308,
        "name": "Kseniia",
        "position": "Senior QA",
        "surname": "Kalashnikova"
    },
    {
        "city": "Samara",
        "id": 309,
        "name": "Kseniia",
        "position": "Senior QA",
        "surname": "Kalashnikova"
    },
    {
        "city": "Samara",
        "id": 310,
        "name": "Kseniia",
        "position": "Senior QA",
        "surname": "Kalashnikova"
    },
    {
        "city": "Samara",
        "id": 311,
        "name": "Kseniia",
        "position": "Senior QA",
        "surname": "Kalashnikova"
    },
    {
        "city": "Samara",
        "id": 312,
        "name": "Kseniia",
        "position": "Senior QA",
        "surname": "Kalashnikova"
    },
    {
        "city": "Samara",
        "id": 313,
        "name": "Kseniia",
        "position": "Senior QA",
        "surname": "Kalashnikova"
    },
    {
        "city": "Samara",
        "id": 314,
        "name": "Kseniia",
        "position": "Senior QA",
        "surname": "Kalashnikova"
    },
    {
        "city": "Samara",
        "id": 315,
        "name": "Kseniia",
        "position": "Senior QA",
        "surname": "Kalashnikova"
    },
    {
        "city": "Kazan",
        "id": 404,
        "name": "Marina",
        "position": "AQA",
        "surname": "Addington"
    },
    {
        "city": "Kazan",
        "id": 406,
        "name": "Mary",
        "position": "AQA",
        "surname": "Addington"
    },
    {
        "city": "Kazan",
        "id": 407,
        "name": "Mary",
        "position": "AQA",
        "surname": "Addington"
    },
    {
        "city": "Kazan",
        "id": 408,
        "name": "Mary",
        "position": "AQA",
        "surname": "Addington"
    },
    {
        "city": "Kazan",
        "id": 409,
        "name": "Mary",
        "position": "AQA",
        "surname": "Addington"
    },
    {
        "city": "Kazan",
        "id": 410,
        "name": "Mary",
        "position": "AQA",
        "surname": "Addington"
    },
    {
        "city": "Kazan",
        "id": 411,
        "name": "Mary",
        "position": "AQA",
        "surname": "Addington"
    },
    {
        "city": "Kazan",
        "id": 412,
        "name": "Mary",
        "position": "AQA",
        "surname": "Addington"
    },
    {
        "city": "Kazan",
        "id": 413,
        "name": "Mary",
        "position": "AQA",
        "surname": "Addington"
    },
    {
        "city": "Kazan",
        "id": 414,
        "name": "Mary",
        "position": "AQA",
        "surname": "Addington"
    },
    {
        "city": "Kazan",
        "id": 415,
        "name": "Mary",
        "position": "AQA",
        "surname": "Addington"
    },
    {
        "city": "Samara",
        "id": 323,
        "name": "Kseniia",
        "position": "Senior QA",
        "surname": "Kalashnikova"
    },
    {
        "city": "Kazan",
        "id": 416,
        "name": "Mary",
        "position": "AQA",
        "surname": "Addington"
    },
    {
        "city": "Kazan",
        "id": 417,
        "name": "Mary",
        "position": "AQA",
        "surname": "Addington"
    },
    {
        "city": "Kazan",
        "id": 418,
        "name": "Mary",
        "position": "AQA",
        "surname": "Addington"
    },
    {
        "city": "Kazan",
        "id": 419,
        "name": "Mary",
        "position": "AQA",
        "surname": "Addington"
    },
    {
        "city": "Kazan",
        "id": 420,
        "name": "Mary",
        "position": "AQA",
        "surname": "Addington"
    },
    {
        "city": "Kazan",
        "id": 421,
        "name": "Marina",
        "position": "AQA",
        "surname": "Addington"
    },
    {
        "city": "Kazan",
        "id": 423,
        "name": "Marina",
        "position": "AQA",
        "surname": "Addington"
    },
    {
        "city": "Kazan",
        "id": 425,
        "name": "Mary",
        "position": "AQA",
        "surname": "Addington"
    },
    {
        "city": "Kazan",
        "id": 426,
        "name": "Mary",
        "position": "AQA",
        "surname": "Addington"
    },
    {
        "city": "Kazan",
        "id": 427,
        "name": "Mary",
        "position": "AQA",
        "surname": "Addington"
    },
    {
        "city": "Kazan",
        "id": 428,
        "name": "Mary",
        "position": "AQA",
        "surname": "Addington"
    },
    {
        "city": "Kazan",
        "id": 429,
        "name": "Mary",
        "position": "AQA",
        "surname": "Addington"
    },
    {
        "city": "Kazan",
        "id": 430,
        "name": "Mary",
        "position": "AQA",
        "surname": "Addington"
    },
    {
        "city": "Kazan",
        "id": 431,
        "name": "Mary",
        "position": "AQA",
        "surname": "Addington"
    },
    {
        "city": "Kazan",
        "id": 432,
        "name": "Mary",
        "position": "AQA",
        "surname": "Addington"
    },
    {
        "city": "Kazan",
        "id": 433,
        "name": "Mary",
        "position": "AQA",
        "surname": "Addington"
    },
    {
        "city": "Kazan",
        "id": 434,
        "name": "Mary",
        "position": "AQA",
        "surname": "Addington"
    },
    {
        "city": "Kazan",
        "id": 435,
        "name": "Mary",
        "position": "AQA",
        "surname": "Addington"
    },
    {
        "city": "Kazan",
        "id": 436,
        "name": "Mary",
        "position": "AQA",
        "surname": "Addington"
    },
    {
        "city": "Kazan",
        "id": 437,
        "name": "Mary",
        "position": "AQA",
        "surname": "Addington"
    },
    {
        "city": "Kazan",
        "id": 438,
        "name": "Mary",
        "position": "AQA",
        "surname": "Addington"
    },
    {
        "city": "",
        "id": 8,
        "name": "Mary",
        "position": "AQA",
        "surname": "Addington"
    },
    {
        "city": "Kazan",
        "id": 445,
        "name": "Mary",
        "position": "AQA",
        "surname": "Addington"
    },
    {
        "city": "Kazan",
        "id": 439,
        "name": "Mary",
        "position": "AQA",
        "surname": "Addington"
    },
    {
        "city": "Kazan",
        "id": 440,
        "name": "Mary",
        "position": "AQA",
        "surname": "Addington"
    },
    {
        "city": "Kazan",
        "id": 441,
        "name": "Marina",
        "position": "AQA",
        "surname": "Addington"
    },
    {
        "city": "Kazan",
        "id": 443,
        "name": "Marina",
        "position": "AQA",
        "surname": "Addington"
    },
    {
        "city": "Kazan",
        "id": 446,
        "name": "Mary",
        "position": "AQA",
        "surname": "Addington"
    },
    {
        "city": "Kazan",
        "id": 447,
        "name": "Mary",
        "position": "AQA",
        "surname": "Addington"
    },
    {
        "city": "Kazan",
        "id": 448,
        "name": "Mary",
        "position": "AQA",
        "surname": "Addington"
    },
    {
        "city": "Kazan",
        "id": 449,
        "name": "Mary",
        "position": "AQA",
        "surname": "Addington"
    },
    {
        "city": "Kazan",
        "id": 450,
        "name": "Mary",
        "position": "AQA",
        "surname": "Addington"
    },
    {
        "city": "Kazan",
        "id": 451,
        "name": "Mary",
        "position": "AQA",
        "surname": "Addington"
    },
    {
        "city": "Kazan",
        "id": 452,
        "name": "Mary",
        "position": "AQA",
        "surname": "Addington"
    },
    {
        "city": "Kazan",
        "id": 453,
        "name": "Mary",
        "position": "AQA",
        "surname": "Addington"
    },
    {
        "city": "Kazan",
        "id": 454,
        "name": "Mary",
        "position": "AQA",
        "surname": "Addington"
    },
    {
        "city": "Kazan",
        "id": 455,
        "name": "Mary",
        "position": "AQA",
        "surname": "Addington"
    },
    {
        "city": "Kazan",
        "id": 456,
        "name": "Mary",
        "position": "AQA",
        "surname": "Addington"
    },
    {
        "city": "Kazan",
        "id": 457,
        "name": "Mary",
        "position": "AQA",
        "surname": "Addington"
    },
    {
        "city": "Kazan",
        "id": 458,
        "name": "Mary",
        "position": "AQA",
        "surname": "Addington"
    },
    {
        "city": "Kazan",
        "id": 459,
        "name": "Mary",
        "position": "AQA",
        "surname": "Addington"
    },
    {
        "city": "Forth Worth",
        "id": 537,
        "name": "Test Employee 1761762865364",
        "position": "QA",
        "surname": "Bolkunova"
    },
    {
        "city": "Forth Worth",
        "id": 538,
        "name": "Test Employee 1761762866714",
        "position": "QA",
        "surname": "Bolkunova"
    },
    {
        "city": "Forth Worth",
        "id": 539,
        "name": "Test Employee 1761762868220",
        "position": "QA",
        "surname": "Bolkunova"
    },
    {
        "city": "Forth Worth",
        "id": 542,
        "name": "Test Employee 1761763026204",
        "position": "QA",
        "surname": "Bolkunova"
    },
    {
        "city": "Samara",
        "id": 469,
        "name": "Kseniia",
        "position": "Senior QA",
        "surname": "Kalashnikova"
    },
    {
        "city": "Forth Worth",
        "id": 543,
        "name": "Test Employee 1761763028466",
        "position": "QA",
        "surname": "Bolkunova"
    },
    {
        "city": "Forth Worth",
        "id": 545,
        "name": "Test Employee 1761763032278",
        "position": "QA",
        "surname": "Bolkunova"
    },
    {
        "city": "Forth Worth",
        "id": 546,
        "name": "Test Employee 1761763036855",
        "position": "QA",
        "surname": "Bolkunova"
    },
    {
        "city": "Forth Worth",
        "id": 547,
        "name": "Test Employee 1761763038300",
        "position": "QA",
        "surname": "Bolkunova"
    },
    {
        "city": "Forth Worth",
        "id": 548,
        "name": "Test Employee 1761763039696",
        "position": "QA",
        "surname": "Bolkunova"
    },
    {
        "city": "Forth Worth",
        "id": 549,
        "name": "Test Employee 1761763042335",
        "position": "QA",
        "surname": "Bolkunova"
    },
    {
        "city": "Forth Worth",
        "id": 553,
        "name": "Test Employee 1761766207405",
        "position": "QA",
        "surname": "Bolkunova"
    },
    {
        "city": "Forth Worth",
        "id": 554,
        "name": "Test Employee 1761766209615",
        "position": "QA",
        "surname": "Bolkunova"
    },
    {
        "city": "Samara",
        "id": 478,
        "name": "Kseniia",
        "position": "Senior QA",
        "surname": "Kalashnikova"
    },
    {
        "city": "Forth Worth",
        "id": 556,
        "name": "Test Employee 1761766213273",
        "position": "QA",
        "surname": "Bolkunova"
    },
    {
        "city": "Forth Worth",
        "id": 557,
        "name": "Test Employee 1761766216984",
        "position": "QA",
        "surname": "Bolkunova"
    },
    {
        "city": "Forth Worth",
        "id": 558,
        "name": "Test Employee 1761766218426",
        "position": "QA",
        "surname": "Bolkunova"
    },
    {
        "city": "Forth Worth",
        "id": 559,
        "name": "Test Employee 1761766220074",
        "position": "QA",
        "surname": "Bolkunova"
    },
    {
        "city": "Forth Worth",
        "id": 560,
        "name": "Test Employee 1761766222816",
        "position": "QA",
        "surname": "Bolkunova"
    },
    {
        "city": "Forth Worth",
        "id": 562,
        "name": "Test Employee 1761766418509",
        "position": "QA",
        "surname": "Bolkunova"
    },
    {
        "city": "Forth Worth",
        "id": 563,
        "name": "Test Employee 1761766422229",
        "position": "QA",
        "surname": "Bolkunova"
    },
    {
        "city": "Forth Worth",
        "id": 565,
        "name": "Test Employee 1761766425814",
        "position": "QA",
        "surname": "Bolkunova"
    },
    {
        "city": "Forth Worth",
        "id": 566,
        "name": "Test Employee 1761766429698",
        "position": "QA",
        "surname": "Bolkunova"
    },
    {
        "city": "Forth Worth",
        "id": 567,
        "name": "Test Employee 1761766431058",
        "position": "QA",
        "surname": "Bolkunova"
    },
    {
        "city": "Forth Worth",
        "id": 568,
        "name": "Test Employee 1761766432588",
        "position": "QA",
        "surname": "Bolkunova"
    },
    {
        "city": "Samara",
        "id": 573,
        "name": "Kseniia",
        "position": "Senior QA",
        "surname": "Kalashnikova"
    },
    {
        "city": "Samara",
        "id": 657,
        "name": "Kseniia",
        "position": "Senior QA",
        "surname": "Kalashnikova"
    },
    {
        "city": "Samara",
        "id": 575,
        "name": "Kseniia",
        "position": "QA",
        "surname": "Kalashnikova"
    },
    {
        "city": "Samara",
        "id": 852,
        "name": "Kseniia",
        "position": "Senior QA",
        "surname": "Kalashnikova"
    },
    {
        "city": "Forth Worth",
        "id": 1078,
        "name": "Test Employee 1762197821999",
        "position": "QA",
        "surname": "Bolkunova"
    },
    {
        "city": "Forth Worth",
        "id": 1079,
        "name": "Test Employee 1762197861298",
        "position": "QA",
        "surname": "Bolkunova"
    },
    {
        "city": "Forth Worth",
        "id": 1081,
        "name": "Test Employee 1762197864305",
        "position": "QA",
        "surname": "Bolkunova"
    },
    {
        "city": "Forth Worth",
        "id": 1082,
        "name": "Test Employee 1762197866571",
        "position": "QA",
        "surname": "Bolkunova"
    },
    {
        "city": "Forth Worth",
        "id": 1083,
        "name": "Test Employee 1762197867747",
        "position": "QA",
        "surname": "Bolkunova"
    },
    {
        "city": "Samara",
        "id": 782,
        "name": "Kseniia",
        "position": "Senior QA",
        "surname": "Kalashnikova"
    },
    {
        "city": "Forth Worth",
        "id": 1084,
        "name": "Test Employee 1762197868870",
        "position": "QA",
        "surname": "Bolkunova"
    },
    {
        "city": "Forth Worth",
        "id": 1085,
        "name": "Test Employee 1762197870117",
        "position": "QA",
        "surname": "Bolkunova"
    },
    {
        "city": "Murmansk",
        "id": 979,
        "name": "Olga",
        "position": "Engineer",
        "surname": "Bobrova"
    },
    {
        "city": "Samara",
        "id": 510,
        "name": "Kseniia",
        "position": "Senior QA",
        "surname": "Kalashnikova"
    },
    {
        "city": "Murmansk",
        "id": 980,
        "name": "Olga",
        "position": "Engineer",
        "surname": "Bobrova"
    },
    {
        "city": "Samara",
        "id": 590,
        "name": "Kseniia",
        "position": "QA",
        "surname": "Kalashnikova"
    },
    {
        "city": "Samara",
        "id": 591,
        "name": "Kseniia",
        "position": "Senior QA",
        "surname": "Kalashnikova"
    },
    {
        "city": "Samara",
        "id": 592,
        "name": "Kseniia",
        "position": "Senior QA",
        "surname": "Kalashnikova"
    },
    {
        "city": "Samara",
        "id": 922,
        "name": "Kseniia",
        "position": "Senior QA",
        "surname": "Kalashnikova"
    },
    {
        "city": "Samara",
        "id": 594,
        "name": "Kseniia",
        "position": "Senior QA",
        "surname": "Kalashnikova"
    },
    {
        "city": "Murmansk",
        "id": 981,
        "name": "Olga",
        "position": "Engineer",
        "surname": "Bobrova"
    },
    {
        "city": "Murmansk",
        "id": 982,
        "name": "Olga",
        "position": "Engineer",
        "surname": "Bobrova"
    },
    {
        "city": "Murmansk",
        "id": 983,
        "name": "Olga",
        "position": "Engineer",
        "surname": "Bobrova"
    },
    {
        "city": "Murmansk",
        "id": 984,
        "name": "Olga",
        "position": "Engineer",
        "surname": "Bobrova"
    },
    {
        "city": "Samara",
        "id": 719,
        "name": "Kseniia",
        "position": "AQA",
        "surname": "Kalashnikova"
    },
    {
        "city": "Forth Worth",
        "id": 878,
        "name": "Test Employee 1762180050287",
        "position": "QA",
        "surname": "Bolkunova"
    },
    {
        "city": "Forth Worth",
        "id": 879,
        "name": "Test Employee 1762180051981",
        "position": "QA",
        "surname": "Bolkunova"
    },
    {
        "city": "Murmansk",
        "id": 985,
        "name": "Olga",
        "position": "Engineer",
        "surname": "Bobrova"
    },
    {
        "city": "Forth Worth",
        "id": 882,
        "name": "Test Employee 1762180059648",
        "position": "QA",
        "surname": "Bolkunova"
    },
    {
        "city": "Forth Worth",
        "id": 883,
        "name": "Test Employee 1762180061047",
        "position": "QA",
        "surname": "Bolkunova"
    },
    {
        "city": "Samara",
        "id": 603,
        "name": "Kseniia",
        "position": "Senior QA",
        "surname": "Kalashnikova"
    },
    {
        "city": "Forth Worth",
        "id": 884,
        "name": "Test Employee 1762180062426",
        "position": "QA",
        "surname": "Bolkunova"
    },
    {
        "city": "Forth Worth",
        "id": 885,
        "name": "Test Employee 1762180065023",
        "position": "QA",
        "surname": "Bolkunova"
    },
    {
        "city": "Murmansk",
        "id": 887,
        "name": "Olga",
        "position": "Engineer",
        "surname": "Bobrova"
    },
    {
        "city": "Forth Worth",
        "id": 1089,
        "name": "Test Employee 1762197910387",
        "position": "QA",
        "surname": "Bolkunova"
    },
    {
        "city": "Forth Worth",
        "id": 1090,
        "name": "Test Employee 1762197914862",
        "position": "QA",
        "surname": "Bolkunova"
    },
    {
        "city": "Forth Worth",
        "id": 1092,
        "name": "Test Employee 1762197917647",
        "position": "QA",
        "surname": "Bolkunova"
    },
    {
        "city": "Forth Worth",
        "id": 1093,
        "name": "Test Employee 1762197919764",
        "position": "QA",
        "surname": "Bolkunova"
    },
    {
        "city": "Forth Worth",
        "id": 1094,
        "name": "Test Employee 1762197920941",
        "position": "QA",
        "surname": "Bolkunova"
    },
    {
        "city": "Forth Worth",
        "id": 1095,
        "name": "Test Employee 1762197922159",
        "position": "QA",
        "surname": "Bolkunova"
    },
    {
        "city": "Forth Worth",
        "id": 1096,
        "name": "Test Employee 1762197923362",
        "position": "QA",
        "surname": "Bolkunova"
    },
    {
        "city": "Forth Worth",
        "id": 1100,
        "name": "Test Employee 1762199077673",
        "position": "QA",
        "surname": "Bolkunova"
    },
    {
        "city": "Forth Worth",
        "id": 1101,
        "name": "Test Employee 1762199115465",
        "position": "QA",
        "surname": "Bolkunova"
    },
    {
        "city": "Samara",
        "id": 624,
        "name": "Kseniia",
        "position": "Senior QA",
        "surname": "Kalashnikova"
    },
    {
        "city": "Forth Worth",
        "id": 1103,
        "name": "Test Employee 1762199118775",
        "position": "QA",
        "surname": "Bolkunova"
    },
    {
        "city": "Samara",
        "id": 998,
        "name": "Kseniia",
        "position": "Senior QA",
        "surname": "Kalashnikova"
    },
    {
        "city": "Forth Worth",
        "id": 1104,
        "name": "Test Employee 1762199120931",
        "position": "QA",
        "surname": "Bolkunova"
    },
    {
        "city": "Forth Worth",
        "id": 1105,
        "name": "Test Employee 1762199122040",
        "position": "QA",
        "surname": "Bolkunova"
    },
    {
        "city": "Forth Worth",
        "id": 1106,
        "name": "Test Employee 1762199123344",
        "position": "QA",
        "surname": "Bolkunova"
    },
    {
        "city": "Forth Worth",
        "id": 1107,
        "name": "Test Employee 1762199124639",
        "position": "QA",
        "surname": "Bolkunova"
    },
    {
        "city": "Forth Worth",
        "id": 1111,
        "name": "Test Employee 1762199161993",
        "position": "QA",
        "surname": "Bolkunova"
    },
    {
        "city": "Forth Worth",
        "id": 1112,
        "name": "Test Employee 1762199166647",
        "position": "QA",
        "surname": "Bolkunova"
    },
    {
        "city": "Forth Worth",
        "id": 1114,
        "name": "Test Employee 1762199169410",
        "position": "QA",
        "surname": "Bolkunova"
    },
    {
        "city": "Forth Worth",
        "id": 1115,
        "name": "Test Employee 1762199171720",
        "position": "QA",
        "surname": "Bolkunova"
    },
    {
        "city": "Forth Worth",
        "id": 1116,
        "name": "Test Employee 1762199172834",
        "position": "QA",
        "surname": "Bolkunova"
    },
    {
        "city": "Forth Worth",
        "id": 1117,
        "name": "Test Employee 1762199173814",
        "position": "QA",
        "surname": "Bolkunova"
    },
    {
        "city": "Forth Worth",
        "id": 1118,
        "name": "Test Employee 1762199175300",
        "position": "QA",
        "surname": "Bolkunova"
    },
    {
        "city": "Forth Worth",
        "id": 1124,
        "name": "Test Employee 1762201252513",
        "position": "QA",
        "surname": "Bolkunova"
    },
    {
        "city": "Forth Worth",
        "id": 1125,
        "name": "Test Employee 1762201254301",
        "position": "QA",
        "surname": "Bolkunova"
    },
    {
        "city": "Forth Worth",
        "id": 1127,
        "name": "Test Employee 1762201257766",
        "position": "QA",
        "surname": "Bolkunova"
    },
    {
        "city": "Forth Worth",
        "id": 1128,
        "name": "Test Employee 1762201261450",
        "position": "QA",
        "surname": "Bolkunova"
    },
    {
        "city": "Forth Worth",
        "id": 1129,
        "name": "Test Employee 1762201262818",
        "position": "QA",
        "surname": "Bolkunova"
    },
    {
        "city": "Forth Worth",
        "id": 1130,
        "name": "Test Employee 1762201264304",
        "position": "QA",
        "surname": "Bolkunova"
    },
    {
        "city": "Forth Worth",
        "id": 1131,
        "name": "Test Employee 1762201267235",
        "position": "QA",
        "surname": "Bolkunova"
    },
    {
        "city": "Forth Worth",
        "id": 1133,
        "name": "Test Employee 1762201436730",
        "position": "QA",
        "surname": "Bolkunova"
    },
    {
        "city": "Forth Worth",
        "id": 1134,
        "name": "Test Employee 1762201441083",
        "position": "QA",
        "surname": "Bolkunova"
    },
    {
        "city": "Forth Worth",
        "id": 1136,
        "name": "Test Employee 1762201443368",
        "position": "QA",
        "surname": "Bolkunova"
    },
    {
        "city": "Forth Worth",
        "id": 1137,
        "name": "Test Employee 1762201444983",
        "position": "QA",
        "surname": "Bolkunova"
    },
    {
        "city": "Forth Worth",
        "id": 1138,
        "name": "Test Employee 1762201445899",
        "position": "QA",
        "surname": "Bolkunova"
    },
    {
        "city": "Forth Worth",
        "id": 1139,
        "name": "Test Employee 1762201446749",
        "position": "QA",
        "surname": "Bolkunova"
    },
    {
        "city": "Forth Worth",
        "id": 1140,
        "name": "Test Employee 1762201447611",
        "position": "QA",
        "surname": "Bolkunova"
    },
    {
        "city": "Forth Worth",
        "id": 1144,
        "name": "Test Employee 1762201480212",
        "position": "QA",
        "surname": "Bolkunova"
    },
    {
        "city": "Forth Worth",
        "id": 1145,
        "name": "Test Employee 1762201484274",
        "position": "QA",
        "surname": "Bolkunova"
    },
    {
        "city": "Forth Worth",
        "id": 1147,
        "name": "Test Employee 1762201486397",
        "position": "QA",
        "surname": "Bolkunova"
    },
    {
        "city": "Forth Worth",
        "id": 1148,
        "name": "Test Employee 1762201487972",
        "position": "QA",
        "surname": "Bolkunova"
    },
    {
        "city": "Forth Worth",
        "id": 1149,
        "name": "Test Employee 1762201488942",
        "position": "QA",
        "surname": "Bolkunova"
    },
    {
        "city": "Forth Worth",
        "id": 1150,
        "name": "Test Employee 1762201489808",
        "position": "QA",
        "surname": "Bolkunova"
    },
    {
        "city": "Forth Worth",
        "id": 1151,
        "name": "Test Employee 1762201490634",
        "position": "QA",
        "surname": "Bolkunova"
    },
    {
        "city": "Forth Worth",
        "id": 1155,
        "name": "Test Employee 1762246816430",
        "position": "QA",
        "surname": "Bolkunova"
    },
    {
        "city": "Forth Worth",
        "id": 1156,
        "name": "Test Employee 1762246886080",
        "position": "QA",
        "surname": "Bolkunova"
    },
    {
        "city": "Forth Worth",
        "id": 1158,
        "name": "Test Employee 1762246888305",
        "position": "QA",
        "surname": "Bolkunova"
    },
    {
        "city": "Forth Worth",
        "id": 1159,
        "name": "Test Employee 1762246890160",
        "position": "QA",
        "surname": "Bolkunova"
    },
    {
        "city": "Forth Worth",
        "id": 1160,
        "name": "Test Employee 1762246890991",
        "position": "QA",
        "surname": "Bolkunova"
    },
    {
        "city": "Forth Worth",
        "id": 1161,
        "name": "Test Employee 1762246891877",
        "position": "QA",
        "surname": "Bolkunova"
    },
    {
        "city": "Forth Worth",
        "id": 1162,
        "name": "Test Employee 1762246892585",
        "position": "QA",
        "surname": "Bolkunova"
    },
    {
        "city": "Forth Worth",
        "id": 1166,
        "name": "Test Employee 1762246923714",
        "position": "QA",
        "surname": "Bolkunova"
    },
    {
        "city": "Forth Worth",
        "id": 1167,
        "name": "Test Employee 1762246928028",
        "position": "QA",
        "surname": "Bolkunova"
    },
    {
        "city": "Forth Worth",
        "id": 1169,
        "name": "Test Employee 1762246930274",
        "position": "QA",
        "surname": "Bolkunova"
    },
    {
        "city": "Forth Worth",
        "id": 1170,
        "name": "Test Employee 1762246931908",
        "position": "QA",
        "surname": "Bolkunova"
    },
    {
        "city": "Forth Worth",
        "id": 1171,
        "name": "Test Employee 1762246932888",
        "position": "QA",
        "surname": "Bolkunova"
    },
    {
        "city": "Forth Worth",
        "id": 1172,
        "name": "Test Employee 1762246933902",
        "position": "QA",
        "surname": "Bolkunova"
    },
    {
        "city": "Forth Worth",
        "id": 1173,
        "name": "Test Employee 1762246934696",
        "position": "QA",
        "surname": "Bolkunova"
    }
]
]]></system-out>
    <system-err><![CDATA[[main] ERROR io.qameta.allure.AllureLifecycle - Could not start step: no test case running
[main] ERROR io.qameta.allure.AllureLifecycle - Could not update step: no step running
[main] ERROR io.qameta.allure.AllureLifecycle - Could not stop step: no step running
]]></system-err>
  </testcase>
  <testcase name="getEmployeesStatusCode200Test" classname="autotests.apiContract.GetEmployeesContractTest" time="0.361">
    <system-out><![CDATA[HTTP/1.1 200 OK
Date: Wed, 05 Nov 2025 12:31:47 GMT
Content-Type: application/json
Transfer-Encoding: chunked
Connection: keep-alive
Content-Encoding: gzip
rndr-id: 98584259-05b4-4f42
vary: Accept-Encoding
x-render-origin-server: gunicorn
cf-cache-status: DYNAMIC
Server: cloudflare
CF-RAY: 999c5ec0a9c0b659-WAW
alt-svc: h3=":443"; ma=86400

[
    {
        "city": "Forth Worth",
        "id": 1,
        "name": "Test Employee 1760955058049",
        "position": "QA",
        "surname": "Bolkunova"
    },
    {
        "city": "Forth Worth",
        "id": 2,
        "name": "Test Employee 1760955266938",
        "position": "QA",
        "surname": "Bolkunova"
    },
    {
        "city": "Forth Worth",
        "id": 3,
        "name": "Test Employee 1760955269846",
        "position": "QA",
        "surname": "Bolkunova"
    },
    {
        "city": "Forth Worth",
        "id": 5,
        "name": "Test Employee 1760955274730",
        "position": "QA",
        "surname": "Bolkunova"
    },
    {
        "city": "Forth Worth",
        "id": 6,
        "name": "Test Employee 1760955276150",
        "position": "QA",
        "surname": "Bolkunova"
    },
    {
        "city": "Forth Worth",
        "id": 7,
        "name": "Test Employee 1760987631544",
        "position": "QA",
        "surname": "Bolkunova"
    },
    {
        "city": "Forth Worth",
        "id": 10,
        "name": "Test Employee 1760987692124",
        "position": "QA",
        "surname": "Bolkunova"
    },
    {
        "city": "Forth Worth",
        "id": 11,
        "name": "Test Employee 1760987693532",
        "position": "QA",
        "surname": "Bolkunova"
    },
    {
        "city": "Forth Worth",
        "id": 12,
        "name": "Test Employee 1760988281442",
        "position": "QA",
        "surname": "Bolkunova"
    },
    {
        "city": "Forth Worth",
        "id": 16,
        "name": "Test Employee 1760988517767",
        "position": "QA",
        "surname": "Bolkunova"
    },
    {
        "city": "Kazan",
        "id": 351,
        "name": "Mary",
        "position": "AQA",
        "surname": "Addington"
    },
    {
        "city": "Forth Worth",
        "id": 18,
        "name": "Test Employee 1760988521156",
        "position": "QA",
        "surname": "Bolkunova"
    },
    {
        "city": "Forth Worth",
        "id": 19,
        "name": "Test Employee 1760988524616",
        "position": "QA",
        "surname": "Bolkunova"
    },
    {
        "city": "Forth Worth",
        "id": 20,
        "name": "Test Employee 1760988525895",
        "position": "QA",
        "surname": "Bolkunova"
    },
    {
        "city": "Kazan",
        "id": 352,
        "name": "Mary",
        "position": "AQA",
        "surname": "Addington"
    },
    {
        "city": "Forth Worth",
        "id": 22,
        "name": "Test Employee 1761238399816",
        "position": "QA",
        "surname": "Bolkunova"
    },
    {
        "city": "Forth Worth",
        "id": 23,
        "name": "Test Employee 1761238474595",
        "position": "QA",
        "surname": "Bolkunova"
    },
    {
        "city": "Kazan",
        "id": 353,
        "name": "Mary",
        "position": "AQA",
        "surname": "Addington"
    },
    {
        "city": "Forth Worth",
        "id": 25,
        "name": "Test Employee 1761238478744",
        "position": "QA",
        "surname": "Bolkunova"
    },
    {
        "city": "Forth Worth",
        "id": 26,
        "name": "Test Employee 1761238482241",
        "position": "QA",
        "surname": "Bolkunova"
    },
    {
        "city": "Forth Worth",
        "id": 27,
        "name": "Test Employee 1761238483563",
        "position": "QA",
        "surname": "Bolkunova"
    },
    {
        "city": "Samara",
        "id": 145,
        "name": "Ivan",
        "position": "Senior QA",
        "surname": "Kalashnikova"
    },
    {
        "city": "Kazan",
        "id": 354,
        "name": "Mary",
        "position": "AQA",
        "surname": "Addington"
    },
    {
        "city": "Forth Worth",
        "id": 31,
        "name": "Test Employee 1761249062627",
        "position": "QA",
        "surname": "Bolkunova"
    },
    {
        "city": "Kazan",
        "id": 355,
        "name": "Mary",
        "position": "AQA",
        "surname": "Addington"
    },
    {
        "city": "Forth Worth",
        "id": 33,
        "name": "Test Employee 1761249067250",
        "position": "QA",
        "surname": "Bolkunova"
    },
    {
        "city": "Forth Worth",
        "id": 34,
        "name": "Test Employee 1761249071029",
        "position": "QA",
        "surname": "Bolkunova"
    },
    {
        "city": "Forth Worth",
        "id": 35,
        "name": "Test Employee 1761249072344",
        "position": "QA",
        "surname": "Bolkunova"
    },
    {
        "city": "Murmansk",
        "id": 950,
        "name": "Olga",
        "position": "Engineer",
        "surname": "Bobrova"
    },
    {
        "city": "Forth Worth",
        "id": 37,
        "name": "Test Employee 1761249937030",
        "position": "QA",
        "surname": "Bolkunova"
    },
    {
        "city": "Kazan",
        "id": 866,
        "name": "Olga",
        "position": "Finance",
        "surname": "Petrova"
    },
    {
        "city": "Forth Worth",
        "id": 39,
        "name": "Test Employee 1761249940969",
        "position": "QA",
        "surname": "Bolkunova"
    },
    {
        "city": "Forth Worth",
        "id": 40,
        "name": "Test Employee 1761249944856",
        "position": "QA",
        "surname": "Bolkunova"
    },
    {
        "city": "Forth Worth",
        "id": 41,
        "name": "Test Employee 1761249946162",
        "position": "QA",
        "surname": "Bolkunova"
    },
    {
        "city": "Murmansk",
        "id": 951,
        "name": "Olga",
        "position": "Engineer",
        "surname": "Bobrova"
    },
    {
        "city": "Murmansk",
        "id": 952,
        "name": "Olga",
        "position": "Engineer",
        "surname": "Bobrova"
    },
    {
        "city": "Forth Worth",
        "id": 44,
        "name": "Test Employee 1761420932190",
        "position": "QA",
        "surname": "Bolkunova"
    },
    {
        "city": "Murmansk",
        "id": 953,
        "name": "Olga",
        "position": "Engineer",
        "surname": "Bobrova"
    },
    {
        "city": "Forth Worth",
        "id": 46,
        "name": "Test Employee 1761420935690",
        "position": "QA",
        "surname": "Bolkunova"
    },
    {
        "city": "Forth Worth",
        "id": 47,
        "name": "Test Employee 1761420939308",
        "position": "QA",
        "surname": "Bolkunova"
    },
    {
        "city": "Forth Worth",
        "id": 48,
        "name": "Test Employee 1761420940835",
        "position": "QA",
        "surname": "Bolkunova"
    },
    {
        "city": "Forth Worth",
        "id": 533,
        "name": "Test Employee 1761762854622",
        "position": "QA",
        "surname": "Bolkunova"
    },
    {
        "city": "Forth Worth",
        "id": 50,
        "name": "Test Employee 1761421982734",
        "position": "QA",
        "surname": "Bolkunova"
    },
    {
        "city": "Forth Worth",
        "id": 51,
        "name": "Test Employee 1761422114591",
        "position": "QA",
        "surname": "Bolkunova"
    },
    {
        "city": "Forth Worth",
        "id": 52,
        "name": "Test Employee 1761422376252",
        "position": "QA",
        "surname": "Bolkunova"
    },
    {
        "city": "Forth Worth",
        "id": 53,
        "name": "Test Employee 1761422594295",
        "position": "QA",
        "surname": "Bolkunova"
    },
    {
        "city": "Forth Worth",
        "id": 54,
        "name": "Test Employee 1761422671350",
        "position": "QA",
        "surname": "Bolkunova"
    },
    {
        "city": "Forth Worth",
        "id": 55,
        "name": "Test Employee 1761422858619",
        "position": "QA",
        "surname": "Bolkunova"
    },
    {
        "city": "Forth Worth",
        "id": 534,
        "name": "Test Employee 1761762856317",
        "position": "QA",
        "surname": "Bolkunova"
    },
    {
        "city": "Murmansk",
        "id": 954,
        "name": "Olga",
        "position": "Engineer",
        "surname": "Bobrova"
    },
    {
        "city": "Forth Worth",
        "id": 58,
        "name": "Test Employee 1761423130258",
        "position": "QA",
        "surname": "Bolkunova"
    },
    {
        "city": "Forth Worth",
        "id": 59,
        "name": "Test Employee 1761423131987",
        "position": "QA",
        "surname": "Bolkunova"
    },
    {
        "city": "Madrid",
        "id": 1068,
        "name": "Margarita",
        "position": "Scientist",
        "surname": "Smirnova"
    },
    {
        "city": "Forth Worth",
        "id": 61,
        "name": "Test Employee 1761423135580",
        "position": "QA",
        "surname": "Bolkunova"
    },
    {
        "city": "Forth Worth",
        "id": 62,
        "name": "Test Employee 1761423139794",
        "position": "QA",
        "surname": "Bolkunova"
    },
    {
        "city": "Forth Worth",
        "id": 63,
        "name": "Test Employee 1761423141110",
        "position": "QA",
        "surname": "Bolkunova"
    },
    {
        "city": "Forth Worth",
        "id": 64,
        "name": "Test Employee 1761423142401",
        "position": "QA",
        "surname": "Bolkunova"
    },
    {
        "city": "Forth Worth",
        "id": 65,
        "name": "Test Employee 1761423144981",
        "position": "QA",
        "surname": "Bolkunova"
    },
    {
        "city": "Moscow",
        "id": 152,
        "name": "Ivan",
        "position": "QA",
        "surname": "Ivanov"
    },
    {
        "city": "Moscow",
        "id": 153,
        "name": "Ivan",
        "position": "QA",
        "surname": "Ivanov"
    },
    {
        "city": "Forth Worth",
        "id": 69,
        "name": "Test Employee 1761423909226",
        "position": "QA",
        "surname": "Bolkunova"
    },
    {
        "city": "Forth Worth",
        "id": 70,
        "name": "Test Employee 1761423911021",
        "position": "QA",
        "surname": "Bolkunova"
    },
    {
        "city": "Forth Worth",
        "id": 72,
        "name": "Test Employee 1761423914685",
        "position": "QA",
        "surname": "Bolkunova"
    },
    {
        "city": "Forth Worth",
        "id": 73,
        "name": "Test Employee 1761423918211",
        "position": "QA",
        "surname": "Bolkunova"
    },
    {
        "city": "Forth Worth",
        "id": 74,
        "name": "Test Employee 1761423919570",
        "position": "QA",
        "surname": "Bolkunova"
    },
    {
        "city": "Forth Worth",
        "id": 75,
        "name": "Test Employee 1761423920853",
        "position": "QA",
        "surname": "Bolkunova"
    },
    {
        "city": "Forth Worth",
        "id": 76,
        "name": "Test Employee 1761423923321",
        "position": "QA",
        "surname": "Bolkunova"
    },
    {
        "city": "Novosibirsk",
        "id": 868,
        "name": "Irina",
        "position": "IT",
        "surname": "Sidorova"
    },
    {
        "city": "Murmansk",
        "id": 975,
        "name": "Olga",
        "position": "Engineer",
        "surname": "Bobrova"
    },
    {
        "city": "Murmansk",
        "id": 976,
        "name": "Olga",
        "position": "Engineer",
        "surname": "Bobrova"
    },
    {
        "city": "Murmansk",
        "id": 977,
        "name": "Olga",
        "position": "Engineer",
        "surname": "Bobrova"
    },
    {
        "city": "Murmansk",
        "id": 978,
        "name": "Olga",
        "position": "Engineer",
        "surname": "Bobrova"
    },
    {
        "city": "Kazan",
        "id": 870,
        "name": "Olga",
        "position": "Finance",
        "surname": "Petrova"
    },
    {
        "city": "Forth Worth",
        "id": 881,
        "name": "Test Employee 1762180055783",
        "position": "QA",
        "surname": "Bolkunova"
    },
    {
        "city": "Samara",
        "id": 198,
        "name": "Kseniia",
        "position": "Senior QA",
        "surname": "Kalashnikova"
    },
    {
        "city": "Samara",
        "id": 199,
        "name": "Kseniia",
        "position": "Senior QA",
        "surname": "Kalashnikova"
    },
    {
        "city": "Samara",
        "id": 200,
        "name": "Kseniia",
        "position": "Senior QA",
        "surname": "Kalashnikova"
    },
    {
        "city": "Samara",
        "id": 201,
        "name": "Kseniia",
        "position": "Senior QA",
        "surname": "Kalashnikova"
    },
    {
        "city": "Samara",
        "id": 202,
        "name": "Kseniia",
        "position": "Senior QA",
        "surname": "Kalashnikova"
    },
    {
        "city": "Samara",
        "id": 204,
        "name": "Kseniia",
        "position": "Senior QA",
        "surname": "Kalashnikova"
    },
    {
        "city": "Samara",
        "id": 205,
        "name": "Kseniia",
        "position": "Senior QA",
        "surname": "Kalashnikova"
    },
    {
        "city": "Samara",
        "id": 206,
        "name": "Kseniia",
        "position": "Senior QA",
        "surname": "Kalashnikova"
    },
    {
        "city": "Samara",
        "id": 207,
        "name": "Kseniia",
        "position": "Senior QA",
        "surname": "Kalashnikova"
    },
    {
        "city": "Samara",
        "id": 208,
        "name": "Kseniia",
        "position": "Senior QA",
        "surname": "Kalashnikova"
    },
    {
        "city": "Samara",
        "id": 209,
        "name": "Kseniia",
        "position": "Senior QA",
        "surname": "Kalashnikova"
    },
    {
        "city": "Samara",
        "id": 210,
        "name": "Kseniia",
        "position": "Senior QA",
        "surname": "Kalashnikova"
    },
    {
        "city": "Samara",
        "id": 211,
        "name": "Kseniia",
        "position": "Senior QA",
        "surname": "Kalashnikova"
    },
    {
        "city": "Samara",
        "id": 218,
        "name": "Kseniia",
        "position": "Senior QA",
        "surname": "Kalashnikova"
    },
    {
        "city": "Samara",
        "id": 219,
        "name": "Kseniia",
        "position": "Senior QA",
        "surname": "Kalashnikova"
    },
    {
        "city": "Samara",
        "id": 224,
        "name": "Kseniia",
        "position": "Senior QA",
        "surname": "Kalashnikova"
    },
    {
        "city": "Samara",
        "id": 225,
        "name": "Kseniia",
        "position": "Senior QA",
        "surname": "Kalashnikova"
    },
    {
        "city": "Samara",
        "id": 231,
        "name": "Kseniia",
        "position": "Senior QA",
        "surname": "Kalashnikova"
    },
    {
        "city": "Samara",
        "id": 241,
        "name": "Kseniia",
        "position": "Senior QA",
        "surname": "Kalashnikova"
    },
    {
        "city": "Samara",
        "id": 242,
        "name": "Kseniia",
        "position": "Senior QA",
        "surname": "Kalashnikova"
    },
    {
        "city": "Kazan",
        "id": 347,
        "name": "Marina",
        "position": "AQA",
        "surname": "Addington"
    },
    {
        "city": "Samara",
        "id": 250,
        "name": "Kseniia",
        "position": "Senior QA",
        "surname": "Kalashnikova"
    },
    {
        "city": "Samara",
        "id": 252,
        "name": "Kseniia",
        "position": "Senior QA",
        "surname": "Kalashnikova"
    },
    {
        "city": "Kazan",
        "id": 349,
        "name": "Marina",
        "position": "AQA",
        "surname": "Addington"
    },
    {
        "city": "Samara",
        "id": 254,
        "name": "Kseniia",
        "position": "Senior QA",
        "surname": "Kalashnikova"
    },
    {
        "city": "Forth Worth",
        "id": 536,
        "name": "Test Employee 1761762860996",
        "position": "QA",
        "surname": "Bolkunova"
    },
    {
        "city": "Samara",
        "id": 256,
        "name": "Kseniia",
        "position": "Senior QA",
        "surname": "Kalashnikova"
    },
    {
        "city": "Kazan",
        "id": 356,
        "name": "Mary",
        "position": "AQA",
        "surname": "Addington"
    },
    {
        "city": "Samara",
        "id": 258,
        "name": "Kseniia",
        "position": "Senior QA",
        "surname": "Kalashnikova"
    },
    {
        "city": "Kazan",
        "id": 357,
        "name": "Mary",
        "position": "AQA",
        "surname": "Addington"
    },
    {
        "city": "Kazan",
        "id": 358,
        "name": "Mary",
        "position": "AQA",
        "surname": "Addington"
    },
    {
        "city": "Kazan",
        "id": 359,
        "name": "Mary",
        "position": "AQA",
        "surname": "Addington"
    },
    {
        "city": "Kazan",
        "id": 360,
        "name": "Mary",
        "position": "AQA",
        "surname": "Addington"
    },
    {
        "city": "Kazan",
        "id": 361,
        "name": "Mary",
        "position": "AQA",
        "surname": "Addington"
    },
    {
        "city": "Kazan",
        "id": 362,
        "name": "Mary",
        "position": "AQA",
        "surname": "Addington"
    },
    {
        "city": "Kazan",
        "id": 363,
        "name": "Mary",
        "position": "AQA",
        "surname": "Addington"
    },
    {
        "city": "Kazan",
        "id": 364,
        "name": "Mary",
        "position": "AQA",
        "surname": "Addington"
    },
    {
        "city": "Samara",
        "id": 267,
        "name": "Kseniia",
        "position": "Senior QA",
        "surname": "Kalashnikova"
    },
    {
        "city": "Kazan",
        "id": 365,
        "name": "Marina",
        "position": "AQA",
        "surname": "Addington"
    },
    {
        "city": "Kazan",
        "id": 367,
        "name": "Marina",
        "position": "AQA",
        "surname": "Addington"
    },
    {
        "city": "Kazan",
        "id": 369,
        "name": "Mary",
        "position": "AQA",
        "surname": "Addington"
    },
    {
        "city": "Kazan",
        "id": 370,
        "name": "Mary",
        "position": "AQA",
        "surname": "Addington"
    },
    {
        "city": "Kazan",
        "id": 371,
        "name": "Mary",
        "position": "AQA",
        "surname": "Addington"
    },
    {
        "city": "Kazan",
        "id": 372,
        "name": "Mary",
        "position": "AQA",
        "surname": "Addington"
    },
    {
        "city": "Kazan",
        "id": 373,
        "name": "Mary",
        "position": "AQA",
        "surname": "Addington"
    },
    {
        "city": "Kazan",
        "id": 374,
        "name": "Mary",
        "position": "AQA",
        "surname": "Addington"
    },
    {
        "city": "Kazan",
        "id": 375,
        "name": "Mary",
        "position": "AQA",
        "surname": "Addington"
    },
    {
        "city": "Kazan",
        "id": 376,
        "name": "Mary",
        "position": "AQA",
        "surname": "Addington"
    },
    {
        "city": "Kazan",
        "id": 377,
        "name": "Mary",
        "position": "AQA",
        "surname": "Addington"
    },
    {
        "city": "Kazan",
        "id": 378,
        "name": "Mary",
        "position": "AQA",
        "surname": "Addington"
    },
    {
        "city": "Kazan",
        "id": 379,
        "name": "Mary",
        "position": "AQA",
        "surname": "Addington"
    },
    {
        "city": "Kazan",
        "id": 380,
        "name": "Mary",
        "position": "AQA",
        "surname": "Addington"
    },
    {
        "city": "Kazan",
        "id": 381,
        "name": "Mary",
        "position": "AQA",
        "surname": "Addington"
    },
    {
        "city": "Kazan",
        "id": 382,
        "name": "Mary",
        "position": "AQA",
        "surname": "Addington"
    },
    {
        "city": "Kazan",
        "id": 383,
        "name": "Marina",
        "position": "AQA",
        "surname": "Addington"
    },
    {
        "city": "Kazan",
        "id": 385,
        "name": "Marina",
        "position": "AQA",
        "surname": "Addington"
    },
    {
        "city": "Kazan",
        "id": 387,
        "name": "Mary",
        "position": "AQA",
        "surname": "Addington"
    },
    {
        "city": "Kazan",
        "id": 388,
        "name": "Mary",
        "position": "AQA",
        "surname": "Addington"
    },
    {
        "city": "Kazan",
        "id": 389,
        "name": "Mary",
        "position": "AQA",
        "surname": "Addington"
    },
    {
        "city": "Kazan",
        "id": 390,
        "name": "Mary",
        "position": "AQA",
        "surname": "Addington"
    },
    {
        "city": "Kazan",
        "id": 391,
        "name": "Mary",
        "position": "AQA",
        "surname": "Addington"
    },
    {
        "city": "Kazan",
        "id": 392,
        "name": "Mary",
        "position": "AQA",
        "surname": "Addington"
    },
    {
        "city": "Kazan",
        "id": 393,
        "name": "Mary",
        "position": "AQA",
        "surname": "Addington"
    },
    {
        "city": "Kazan",
        "id": 394,
        "name": "Mary",
        "position": "AQA",
        "surname": "Addington"
    },
    {
        "city": "Kazan",
        "id": 395,
        "name": "Mary",
        "position": "AQA",
        "surname": "Addington"
    },
    {
        "city": "Kazan",
        "id": 396,
        "name": "Mary",
        "position": "AQA",
        "surname": "Addington"
    },
    {
        "city": "Kazan",
        "id": 397,
        "name": "Mary",
        "position": "AQA",
        "surname": "Addington"
    },
    {
        "city": "Samara",
        "id": 289,
        "name": "Kseniia",
        "position": "Senior QA",
        "surname": "Kalashnikova"
    },
    {
        "city": "Samara",
        "id": 290,
        "name": "Kseniia",
        "position": "Senior QA",
        "surname": "Kalashnikova"
    },
    {
        "city": "Samara",
        "id": 291,
        "name": "Kseniia",
        "position": "Senior QA",
        "surname": "Kalashnikova"
    },
    {
        "city": "Samara",
        "id": 292,
        "name": "Kseniia",
        "position": "Senior QA",
        "surname": "Kalashnikova"
    },
    {
        "city": "Samara",
        "id": 293,
        "name": "Kseniia",
        "position": "Senior QA",
        "surname": "Kalashnikova"
    },
    {
        "city": "Kazan",
        "id": 398,
        "name": "Mary",
        "position": "AQA",
        "surname": "Addington"
    },
    {
        "city": "Kazan",
        "id": 399,
        "name": "Mary",
        "position": "AQA",
        "surname": "Addington"
    },
    {
        "city": "Samara",
        "id": 296,
        "name": "Kseniia",
        "position": "Senior QA",
        "surname": "Kalashnikova"
    },
    {
        "city": "Samara",
        "id": 297,
        "name": "Kseniia",
        "position": "Senior QA",
        "surname": "Kalashnikova"
    },
    {
        "city": "Kazan",
        "id": 400,
        "name": "Mary",
        "position": "AQA",
        "surname": "Addington"
    },
    {
        "city": "Kazan",
        "id": 401,
        "name": "Mary",
        "position": "AQA",
        "surname": "Addington"
    },
    {
        "city": "Kazan",
        "id": 402,
        "name": "Marina",
        "position": "AQA",
        "surname": "Addington"
    },
    {
        "city": "Samara",
        "id": 301,
        "name": "Kseniia",
        "position": "Senior QA",
        "surname": "Kalashnikova"
    },
    {
        "city": "Samara",
        "id": 302,
        "name": "Kseniia",
        "position": "Senior QA",
        "surname": "Kalashnikova"
    },
    {
        "city": "Samara",
        "id": 303,
        "name": "Kseniia",
        "position": "Senior QA",
        "surname": "Kalashnikova"
    },
    {
        "city": "Samara",
        "id": 304,
        "name": "Kseniia",
        "position": "Senior QA",
        "surname": "Kalashnikova"
    },
    {
        "city": "Samara",
        "id": 305,
        "name": "Kseniia",
        "position": "Senior QA",
        "surname": "Kalashnikova"
    },
    {
        "city": "Samara",
        "id": 306,
        "name": "Kseniia",
        "position": "Senior QA",
        "surname": "Kalashnikova"
    },
    {
        "city": "Samara",
        "id": 307,
        "name": "Kseniia",
        "position": "Senior QA",
        "surname": "Kalashnikova"
    },
    {
        "city": "Samara",
        "id": 308,
        "name": "Kseniia",
        "position": "Senior QA",
        "surname": "Kalashnikova"
    },
    {
        "city": "Samara",
        "id": 309,
        "name": "Kseniia",
        "position": "Senior QA",
        "surname": "Kalashnikova"
    },
    {
        "city": "Samara",
        "id": 310,
        "name": "Kseniia",
        "position": "Senior QA",
        "surname": "Kalashnikova"
    },
    {
        "city": "Samara",
        "id": 311,
        "name": "Kseniia",
        "position": "Senior QA",
        "surname": "Kalashnikova"
    },
    {
        "city": "Samara",
        "id": 312,
        "name": "Kseniia",
        "position": "Senior QA",
        "surname": "Kalashnikova"
    },
    {
        "city": "Samara",
        "id": 313,
        "name": "Kseniia",
        "position": "Senior QA",
        "surname": "Kalashnikova"
    },
    {
        "city": "Samara",
        "id": 314,
        "name": "Kseniia",
        "position": "Senior QA",
        "surname": "Kalashnikova"
    },
    {
        "city": "Samara",
        "id": 315,
        "name": "Kseniia",
        "position": "Senior QA",
        "surname": "Kalashnikova"
    },
    {
        "city": "Kazan",
        "id": 404,
        "name": "Marina",
        "position": "AQA",
        "surname": "Addington"
    },
    {
        "city": "Kazan",
        "id": 406,
        "name": "Mary",
        "position": "AQA",
        "surname": "Addington"
    },
    {
        "city": "Kazan",
        "id": 407,
        "name": "Mary",
        "position": "AQA",
        "surname": "Addington"
    },
    {
        "city": "Kazan",
        "id": 408,
        "name": "Mary",
        "position": "AQA",
        "surname": "Addington"
    },
    {
        "city": "Kazan",
        "id": 409,
        "name": "Mary",
        "position": "AQA",
        "surname": "Addington"
    },
[...]
        "id": 454,
        "name": "Mary",
        "position": "AQA",
        "surname": "Addington"
    },
    {
        "city": "Kazan",
        "id": 455,
        "name": "Mary",
        "position": "AQA",
        "surname": "Addington"
    },
    {
        "city": "Kazan",
        "id": 456,
        "name": "Mary",
        "position": "AQA",
        "surname": "Addington"
    },
    {
        "city": "Kazan",
        "id": 457,
        "name": "Mary",
        "position": "AQA",
        "surname": "Addington"
    },
    {
        "city": "Kazan",
        "id": 458,
        "name": "Mary",
        "position": "AQA",
        "surname": "Addington"
    },
    {
        "city": "Kazan",
        "id": 459,
        "name": "Mary",
        "position": "AQA",
        "surname": "Addington"
    },
    {
        "city": "Forth Worth",
        "id": 537,
        "name": "Test Employee 1761762865364",
        "position": "QA",
        "surname": "Bolkunova"
    },
    {
        "city": "Forth Worth",
        "id": 538,
        "name": "Test Employee 1761762866714",
        "position": "QA",
        "surname": "Bolkunova"
    },
    {
        "city": "Forth Worth",
        "id": 539,
        "name": "Test Employee 1761762868220",
        "position": "QA",
        "surname": "Bolkunova"
    },
    {
        "city": "Forth Worth",
        "id": 542,
        "name": "Test Employee 1761763026204",
        "position": "QA",
        "surname": "Bolkunova"
    },
    {
        "city": "Samara",
        "id": 469,
        "name": "Kseniia",
        "position": "Senior QA",
        "surname": "Kalashnikova"
    },
    {
        "city": "Forth Worth",
        "id": 543,
        "name": "Test Employee 1761763028466",
        "position": "QA",
        "surname": "Bolkunova"
    },
    {
        "city": "Forth Worth",
        "id": 545,
        "name": "Test Employee 1761763032278",
        "position": "QA",
        "surname": "Bolkunova"
    },
    {
        "city": "Forth Worth",
        "id": 546,
        "name": "Test Employee 1761763036855",
        "position": "QA",
        "surname": "Bolkunova"
    },
    {
        "city": "Forth Worth",
        "id": 547,
        "name": "Test Employee 1761763038300",
        "position": "QA",
        "surname": "Bolkunova"
    },
    {
        "city": "Forth Worth",
        "id": 548,
        "name": "Test Employee 1761763039696",
        "position": "QA",
        "surname": "Bolkunova"
    },
    {
        "city": "Forth Worth",
        "id": 549,
        "name": "Test Employee 1761763042335",
        "position": "QA",
        "surname": "Bolkunova"
    },
    {
        "city": "Forth Worth",
        "id": 553,
        "name": "Test Employee 1761766207405",
        "position": "QA",
        "surname": "Bolkunova"
    },
    {
        "city": "Forth Worth",
        "id": 554,
        "name": "Test Employee 1761766209615",
        "position": "QA",
        "surname": "Bolkunova"
    },
    {
        "city": "Samara",
        "id": 478,
        "name": "Kseniia",
        "position": "Senior QA",
        "surname": "Kalashnikova"
    },
    {
        "city": "Forth Worth",
        "id": 556,
        "name": "Test Employee 1761766213273",
        "position": "QA",
        "surname": "Bolkunova"
    },
    {
        "city": "Forth Worth",
        "id": 557,
        "name": "Test Employee 1761766216984",
        "position": "QA",
        "surname": "Bolkunova"
    },
    {
        "city": "Forth Worth",
        "id": 558,
        "name": "Test Employee 1761766218426",
        "position": "QA",
        "surname": "Bolkunova"
    },
    {
        "city": "Forth Worth",
        "id": 559,
        "name": "Test Employee 1761766220074",
        "position": "QA",
        "surname": "Bolkunova"
    },
    {
        "city": "Forth Worth",
        "id": 560,
        "name": "Test Employee 1761766222816",
        "position": "QA",
        "surname": "Bolkunova"
    },
    {
        "city": "Forth Worth",
        "id": 562,
        "name": "Test Employee 1761766418509",
        "position": "QA",
        "surname": "Bolkunova"
    },
    {
        "city": "Forth Worth",
        "id": 563,
        "name": "Test Employee 1761766422229",
        "position": "QA",
        "surname": "Bolkunova"
    },
    {
        "city": "Forth Worth",
        "id": 565,
        "name": "Test Employee 1761766425814",
        "position": "QA",
        "surname": "Bolkunova"
    },
    {
        "city": "Forth Worth",
        "id": 566,
        "name": "Test Employee 1761766429698",
        "position": "QA",
        "surname": "Bolkunova"
    },
    {
        "city": "Forth Worth",
        "id": 567,
        "name": "Test Employee 1761766431058",
        "position": "QA",
        "surname": "Bolkunova"
    },
    {
        "city": "Forth Worth",
        "id": 568,
        "name": "Test Employee 1761766432588",
        "position": "QA",
        "surname": "Bolkunova"
    },
    {
        "city": "Samara",
        "id": 573,
        "name": "Kseniia",
        "position": "Senior QA",
        "surname": "Kalashnikova"
    },
    {
        "city": "Samara",
        "id": 657,
        "name": "Kseniia",
        "position": "Senior QA",
        "surname": "Kalashnikova"
    },
    {
        "city": "Samara",
        "id": 575,
        "name": "Kseniia",
        "position": "QA",
        "surname": "Kalashnikova"
    },
    {
        "city": "Samara",
        "id": 852,
        "name": "Kseniia",
        "position": "Senior QA",
        "surname": "Kalashnikova"
    },
    {
        "city": "Forth Worth",
        "id": 1078,
        "name": "Test Employee 1762197821999",
        "position": "QA",
        "surname": "Bolkunova"
    },
    {
        "city": "Forth Worth",
        "id": 1079,
        "name": "Test Employee 1762197861298",
        "position": "QA",
        "surname": "Bolkunova"
    },
    {
        "city": "Forth Worth",
        "id": 1081,
        "name": "Test Employee 1762197864305",
        "position": "QA",
        "surname": "Bolkunova"
    },
    {
        "city": "Forth Worth",
        "id": 1082,
        "name": "Test Employee 1762197866571",
        "position": "QA",
        "surname": "Bolkunova"
    },
    {
        "city": "Forth Worth",
        "id": 1083,
        "name": "Test Employee 1762197867747",
        "position": "QA",
        "surname": "Bolkunova"
    },
    {
        "city": "Samara",
        "id": 782,
        "name": "Kseniia",
        "position": "Senior QA",
        "surname": "Kalashnikova"
    },
    {
        "city": "Forth Worth",
        "id": 1084,
        "name": "Test Employee 1762197868870",
        "position": "QA",
        "surname": "Bolkunova"
    },
    {
        "city": "Forth Worth",
        "id": 1085,
        "name": "Test Employee 1762197870117",
        "position": "QA",
        "surname": "Bolkunova"
    },
    {
        "city": "Murmansk",
        "id": 979,
        "name": "Olga",
        "position": "Engineer",
        "surname": "Bobrova"
    },
    {
        "city": "Samara",
        "id": 510,
        "name": "Kseniia",
        "position": "Senior QA",
        "surname": "Kalashnikova"
    },
    {
        "city": "Murmansk",
        "id": 980,
        "name": "Olga",
        "position": "Engineer",
        "surname": "Bobrova"
    },
    {
        "city": "Samara",
        "id": 590,
        "name": "Kseniia",
        "position": "QA",
        "surname": "Kalashnikova"
    },
    {
        "city": "Samara",
        "id": 591,
        "name": "Kseniia",
        "position": "Senior QA",
        "surname": "Kalashnikova"
    },
    {
        "city": "Samara",
        "id": 592,
        "name": "Kseniia",
        "position": "Senior QA",
        "surname": "Kalashnikova"
    },
    {
        "city": "Samara",
        "id": 922,
        "name": "Kseniia",
        "position": "Senior QA",
        "surname": "Kalashnikova"
    },
    {
        "city": "Samara",
        "id": 594,
        "name": "Kseniia",
        "position": "Senior QA",
        "surname": "Kalashnikova"
    },
    {
        "city": "Murmansk",
        "id": 981,
        "name": "Olga",
        "position": "Engineer",
        "surname": "Bobrova"
    },
    {
        "city": "Murmansk",
        "id": 982,
        "name": "Olga",
        "position": "Engineer",
        "surname": "Bobrova"
    },
    {
        "city": "Murmansk",
        "id": 983,
        "name": "Olga",
        "position": "Engineer",
        "surname": "Bobrova"
    },
    {
        "city": "Murmansk",
        "id": 984,
        "name": "Olga",
        "position": "Engineer",
        "surname": "Bobrova"
    },
    {
        "city": "Samara",
        "id": 719,
        "name": "Kseniia",
        "position": "AQA",
        "surname": "Kalashnikova"
    },
    {
        "city": "Forth Worth",
        "id": 878,
        "name": "Test Employee 1762180050287",
        "position": "QA",
        "surname": "Bolkunova"
    },
    {
        "city": "Forth Worth",
        "id": 879,
        "name": "Test Employee 1762180051981",
        "position": "QA",
        "surname": "Bolkunova"
    },
    {
        "city": "Murmansk",
        "id": 985,
        "name": "Olga",
        "position": "Engineer",
        "surname": "Bobrova"
    },
    {
        "city": "Forth Worth",
        "id": 882,
        "name": "Test Employee 1762180059648",
        "position": "QA",
        "surname": "Bolkunova"
    },
    {
        "city": "Forth Worth",
        "id": 883,
        "name": "Test Employee 1762180061047",
        "position": "QA",
        "surname": "Bolkunova"
    },
    {
        "city": "Samara",
        "id": 603,
        "name": "Kseniia",
        "position": "Senior QA",
        "surname": "Kalashnikova"
    },
    {
        "city": "Forth Worth",
        "id": 884,
        "name": "Test Employee 1762180062426",
        "position": "QA",
        "surname": "Bolkunova"
    },
    {
        "city": "Forth Worth",
        "id": 885,
        "name": "Test Employee 1762180065023",
        "position": "QA",
        "surname": "Bolkunova"
    },
    {
        "city": "Murmansk",
        "id": 887,
        "name": "Olga",
        "position": "Engineer",
        "surname": "Bobrova"
    },
    {
        "city": "Forth Worth",
        "id": 1089,
        "name": "Test Employee 1762197910387",
        "position": "QA",
        "surname": "Bolkunova"
    },
    {
        "city": "Forth Worth",
        "id": 1090,
        "name": "Test Employee 1762197914862",
        "position": "QA",
        "surname": "Bolkunova"
    },
    {
        "city": "Forth Worth",
        "id": 1092,
        "name": "Test Employee 1762197917647",
        "position": "QA",
        "surname": "Bolkunova"
    },
    {
        "city": "Forth Worth",
        "id": 1093,
        "name": "Test Employee 1762197919764",
        "position": "QA",
        "surname": "Bolkunova"
    },
    {
        "city": "Forth Worth",
        "id": 1094,
        "name": "Test Employee 1762197920941",
        "position": "QA",
        "surname": "Bolkunova"
    },
    {
        "city": "Forth Worth",
        "id": 1095,
        "name": "Test Employee 1762197922159",
        "position": "QA",
        "surname": "Bolkunova"
    },
    {
        "city": "Forth Worth",
        "id": 1096,
        "name": "Test Employee 1762197923362",
        "position": "QA",
        "surname": "Bolkunova"
    },
    {
        "city": "Forth Worth",
        "id": 1100,
        "name": "Test Employee 1762199077673",
        "position": "QA",
        "surname": "Bolkunova"
    },
    {
        "city": "Forth Worth",
        "id": 1101,
        "name": "Test Employee 1762199115465",
        "position": "QA",
        "surname": "Bolkunova"
    },
    {
        "city": "Samara",
        "id": 624,
        "name": "Kseniia",
        "position": "Senior QA",
        "surname": "Kalashnikova"
    },
    {
        "city": "Forth Worth",
        "id": 1103,
        "name": "Test Employee 1762199118775",
        "position": "QA",
        "surname": "Bolkunova"
    },
    {
        "city": "Samara",
        "id": 998,
        "name": "Kseniia",
        "position": "Senior QA",
        "surname": "Kalashnikova"
    },
    {
        "city": "Forth Worth",
        "id": 1104,
        "name": "Test Employee 1762199120931",
        "position": "QA",
        "surname": "Bolkunova"
    },
    {
        "city": "Forth Worth",
        "id": 1105,
        "name": "Test Employee 1762199122040",
        "position": "QA",
        "surname": "Bolkunova"
    },
    {
        "city": "Forth Worth",
        "id": 1106,
        "name": "Test Employee 1762199123344",
        "position": "QA",
        "surname": "Bolkunova"
    },
    {
        "city": "Forth Worth",
        "id": 1107,
        "name": "Test Employee 1762199124639",
        "position": "QA",
        "surname": "Bolkunova"
    },
    {
        "city": "Forth Worth",
        "id": 1111,
        "name": "Test Employee 1762199161993",
        "position": "QA",
        "surname": "Bolkunova"
    },
    {
        "city": "Forth Worth",
        "id": 1112,
        "name": "Test Employee 1762199166647",
        "position": "QA",
        "surname": "Bolkunova"
    },
    {
        "city": "Forth Worth",
        "id": 1114,
        "name": "Test Employee 1762199169410",
        "position": "QA",
        "surname": "Bolkunova"
    },
    {
        "city": "Forth Worth",
        "id": 1115,
        "name": "Test Employee 1762199171720",
        "position": "QA",
        "surname": "Bolkunova"
    },
    {
        "city": "Forth Worth",
        "id": 1116,
        "name": "Test Employee 1762199172834",
        "position": "QA",
        "surname": "Bolkunova"
    },
    {
        "city": "Forth Worth",
        "id": 1117,
        "name": "Test Employee 1762199173814",
        "position": "QA",
        "surname": "Bolkunova"
    },
    {
        "city": "Forth Worth",
        "id": 1118,
        "name": "Test Employee 1762199175300",
        "position": "QA",
        "surname": "Bolkunova"
    },
    {
        "city": "Forth Worth",
        "id": 1124,
        "name": "Test Employee 1762201252513",
        "position": "QA",
        "surname": "Bolkunova"
    },
    {
        "city": "Forth Worth",
        "id": 1125,
        "name": "Test Employee 1762201254301",
        "position": "QA",
        "surname": "Bolkunova"
    },
    {
        "city": "Forth Worth",
        "id": 1127,
        "name": "Test Employee 1762201257766",
        "position": "QA",
        "surname": "Bolkunova"
    },
    {
        "city": "Forth Worth",
        "id": 1128,
        "name": "Test Employee 1762201261450",
        "position": "QA",
        "surname": "Bolkunova"
    },
    {
        "city": "Forth Worth",
        "id": 1129,
        "name": "Test Employee 1762201262818",
        "position": "QA",
        "surname": "Bolkunova"
    },
    {
        "city": "Forth Worth",
        "id": 1130,
        "name": "Test Employee 1762201264304",
        "position": "QA",
        "surname": "Bolkunova"
    },
    {
        "city": "Forth Worth",
        "id": 1131,
        "name": "Test Employee 1762201267235",
        "position": "QA",
        "surname": "Bolkunova"
    },
    {
        "city": "Forth Worth",
        "id": 1133,
        "name": "Test Employee 1762201436730",
        "position": "QA",
        "surname": "Bolkunova"
    },
    {
        "city": "Forth Worth",
        "id": 1134,
        "name": "Test Employee 1762201441083",
        "position": "QA",
        "surname": "Bolkunova"
    },
    {
        "city": "Forth Worth",
        "id": 1136,
        "name": "Test Employee 1762201443368",
        "position": "QA",
        "surname": "Bolkunova"
    },
    {
        "city": "Forth Worth",
        "id": 1137,
        "name": "Test Employee 1762201444983",
        "position": "QA",
        "surname": "Bolkunova"
    },
    {
        "city": "Forth Worth",
        "id": 1138,
        "name": "Test Employee 1762201445899",
        "position": "QA",
        "surname": "Bolkunova"
    },
    {
        "city": "Forth Worth",
        "id": 1139,
        "name": "Test Employee 1762201446749",
        "position": "QA",
        "surname": "Bolkunova"
    },
    {
        "city": "Forth Worth",
        "id": 1140,
        "name": "Test Employee 1762201447611",
        "position": "QA",
        "surname": "Bolkunova"
    },
    {
        "city": "Forth Worth",
        "id": 1144,
        "name": "Test Employee 1762201480212",
        "position": "QA",
        "surname": "Bolkunova"
    },
    {
        "city": "Forth Worth",
        "id": 1145,
        "name": "Test Employee 1762201484274",
        "position": "QA",
        "surname": "Bolkunova"
    },
    {
        "city": "Forth Worth",
        "id": 1147,
        "name": "Test Employee 1762201486397",
        "position": "QA",
        "surname": "Bolkunova"
    },
    {
        "city": "Forth Worth",
        "id": 1148,
        "name": "Test Employee 1762201487972",
        "position": "QA",
        "surname": "Bolkunova"
    },
    {
        "city": "Forth Worth",
        "id": 1149,
        "name": "Test Employee 1762201488942",
        "position": "QA",
        "surname": "Bolkunova"
    },
    {
        "city": "Forth Worth",
        "id": 1150,
        "name": "Test Employee 1762201489808",
        "position": "QA",
        "surname": "Bolkunova"
    },
    {
        "city": "Forth Worth",
        "id": 1151,
        "name": "Test Employee 1762201490634",
        "position": "QA",
        "surname": "Bolkunova"
    },
    {
        "city": "Forth Worth",
        "id": 1155,
        "name": "Test Employee 1762246816430",
        "position": "QA",
        "surname": "Bolkunova"
    },
    {
        "city": "Forth Worth",
        "id": 1156,
        "name": "Test Employee 1762246886080",
        "position": "QA",
        "surname": "Bolkunova"
    },
    {
        "city": "Forth Worth",
        "id": 1158,
        "name": "Test Employee 1762246888305",
        "position": "QA",
        "surname": "Bolkunova"
    },
    {
        "city": "Forth Worth",
        "id": 1159,
        "name": "Test Employee 1762246890160",
        "position": "QA",
        "surname": "Bolkunova"
    },
    {
        "city": "Forth Worth",
        "id": 1160,
        "name": "Test Employee 1762246890991",
        "position": "QA",
        "surname": "Bolkunova"
    },
    {
        "city": "Forth Worth",
        "id": 1161,
        "name": "Test Employee 1762246891877",
        "position": "QA",
        "surname": "Bolkunova"
    },
    {
        "city": "Forth Worth",
        "id": 1162,
        "name": "Test Employee 1762246892585",
        "position": "QA",
        "surname": "Bolkunova"
    },
    {
        "city": "Forth Worth",
        "id": 1166,
        "name": "Test Employee 1762246923714",
        "position": "QA",
        "surname": "Bolkunova"
    },
    {
        "city": "Forth Worth",
        "id": 1167,
        "name": "Test Employee 1762246928028",
        "position": "QA",
        "surname": "Bolkunova"
    },
    {
        "city": "Forth Worth",
        "id": 1169,
        "name": "Test Employee 1762246930274",
        "position": "QA",
        "surname": "Bolkunova"
    },
    {
        "city": "Forth Worth",
        "id": 1170,
        "name": "Test Employee 1762246931908",
        "position": "QA",
        "surname": "Bolkunova"
    },
    {
        "city": "Forth Worth",
        "id": 1171,
        "name": "Test Employee 1762246932888",
        "position": "QA",
        "surname": "Bolkunova"
    },
    {
        "city": "Forth Worth",
        "id": 1172,
        "name": "Test Employee 1762246933902",
        "position": "QA",
        "surname": "Bolkunova"
    },
    {
        "city": "Forth Worth",
        "id": 1173,
        "name": "Test Employee 1762246934696",
        "position": "QA",
        "surname": "Bolkunova"
    }
]
]]></system-out>
  </testcase>
</testsuite>