<?xml version="1.0" encoding="UTF-8"?>
<testsuite xmlns:xsi="http://www.w3.org/2001/XMLSchema-instance" xsi:noNamespaceSchemaLocation="https://maven.apache.org/surefire/maven-surefire-plugin/xsd/surefire-test-report.xsd" version="3.0.2" name="autotests.ui.UiTest" time="18.955" tests="4" errors="0" skipped="0" failures="0">
  <properties>
[...]
</properties>
  <testcase name="loginStandardUserTest" classname="autotests.ui.UiTest" time="3.307">
    <system-out><![CDATA[1762345922378	geckodriver	INFO	Listening on 127.0.0.1:1586
1762345922454	webdriver::server	DEBUG	-> POST /session {
  "capabilities": {
    "firstMatch": [
      {
        "acceptInsecureCerts": true,
        "browserName" ... m-usage"
          ],
          "prefs": {
            "remote.active-protocols": 1
          }
        }
      }
    ]
  }
}
1762345922454	geckodriver::capabilities	DEBUG	Trying to read firefox version from ini files
1762345922455	geckodriver::capabilities	DEBUG	Found version 144.0
1762345922460	mozrunner::runner	INFO	Running command: "C:\\Program Files (x86)\\Mozilla Firefox\\firefox.exe" "--marionette" "--headless" "--disable-gpu" "--no-sandbox" "--disable-dev-shm-usage" "-no-remote" "-profile" "C:\\Users\\User\\AppData\\Local\\Temp\\rust_mozprofilejYitv4"
1762345922469	geckodriver::marionette	DEBUG	Waiting 60s to connect to browser on 127.0.0.1
*** You are running in headless mode.
console.warn: services.settings: Ignoring preference override of remote settings server
console.warn: services.settings: Allow by setting MOZ_REMOTE_SETTINGS_DEVTOOLS=1 in the environment
1762345922724	Marionette	INFO	Marionette enabled
1762345922725	RemoteAgent	DEBUG	Setting recommended pref apz.content_response_timeout to 60000
1762345922725	RemoteAgent	DEBUG	Setting recommended pref browser.contentblocking.introCount to 99
1762345922725	RemoteAgent	DEBUG	Setting recommended pref browser.download.panel.shown to true
1762345922725	RemoteAgent	DEBUG	Setting recommended pref browser.http.blank_page_with_error_response.enabled to true
1762345922725	RemoteAgent	DEBUG	Setting recommended pref browser.newtabpage.activity-stream.asrouter.userprefs.cfr.features to false
1762345922725	RemoteAgent	DEBUG	Setting recommended pref browser.newtabpage.activity-stream.discoverystream.region-weather-config to 
1762345922725	RemoteAgent	DEBUG	Setting recommended pref browser.newtabpage.activity-stream.newtabWallpapers.enabled to false
1762345922725	RemoteAgent	DEBUG	Setting recommended pref browser.newtabpage.activity-stream.showSponsoredTopSites to false
1762345922725	RemoteAgent	DEBUG	Setting recommended pref browser.newtabpage.enabled to false
1762345922725	RemoteAgent	DEBUG	Setting recommended pref browser.pagethumbnails.capturing_disabled to true
1762345922725	RemoteAgent	DEBUG	Setting recommended pref browser.region.network.url to 
1762345922725	RemoteAgent	DEBUG	Setting recommended pref browser.safebrowsing.blockedURIs.enabled to false
1762345922725	RemoteAgent	DEBUG	Setting recommended pref browser.safebrowsing.downloads.enabled to false
1762345922725	RemoteAgent	DEBUG	Setting recommended pref browser.safebrowsing.malware.enabled to false
1762345922725	RemoteAgent	DEBUG	Setting recommended pref browser.safebrowsing.phishing.enabled to false
1762345922725	RemoteAgent	DEBUG	Setting recommended pref browser.search.update to false
1762345922725	RemoteAgent	DEBUG	Setting recommended pref browser.startup.couldRestoreSession.count to -1
1762345922725	RemoteAgent	DEBUG	Setting recommended pref browser.tabs.remote.unloadDelayMs to 0
1762345922725	RemoteAgent	DEBUG	Setting recommended pref browser.tabs.unloadOnLowMemory to false
1762345922725	RemoteAgent	DEBUG	Setting recommended pref browser.tabs.warnOnClose to false
1762345922725	RemoteAgent	DEBUG	Setting recommended pref browser.tabs.warnOnCloseOtherTabs to false
1762345922725	RemoteAgent	DEBUG	Setting recommended pref browser.tabs.warnOnOpen to false
1762345922725	RemoteAgent	DEBUG	Setting recommended pref browser.toolbars.bookmarks.visibility to never
1762345922725	RemoteAgent	DEBUG	Setting recommended pref browser.topsites.contile.enabled to false
1762345922725	RemoteAgent	DEBUG	Setting recommended pref browser.usedOnWindows10.introURL to 
1762345922725	RemoteAgent	DEBUG	Setting recommended pref browser.urlbar.merino.endpointURL to 
1762345922725	RemoteAgent	DEBUG	Setting recommended pref browser.urlbar.suggest.searches to false
1762345922725	RemoteAgent	DEBUG	Setting recommended pref datareporting.policy.dataSubmissionPolicyAccepted to false
1762345922725	RemoteAgent	DEBUG	Setting recommended pref datareporting.usage.uploadEnabled to false
1762345922726	RemoteAgent	DEBUG	Setting recommended pref telemetry.fog.test.localhost_port to -1
1762345922726	RemoteAgent	DEBUG	Setting recommended pref dom.disable_open_during_load to false
1762345922726	RemoteAgent	DEBUG	Setting recommended pref dom.file.createInChild to true
1762345922726	RemoteAgent	DEBUG	Setting recommended pref dom.input_events.security.minNumTicks to 0
1762345922726	RemoteAgent	DEBUG	Setting recommended pref dom.input_events.security.minTimeElapsedInMS to 0
1762345922726	RemoteAgent	DEBUG	Setting recommended pref threads.lower_mainthread_priority_in_background.enabled to false
1762345922726	RemoteAgent	DEBUG	Setting recommended pref dom.ipc.processPriorityManager.enabled to false
1762345922726	RemoteAgent	DEBUG	Setting recommended pref dom.max_chrome_script_run_time to 0
1762345922726	RemoteAgent	DEBUG	Setting recommended pref dom.max_script_run_time to 0
1762345922726	RemoteAgent	DEBUG	Setting recommended pref dom.navigation.navigationRateLimit.count to 0
1762345922726	RemoteAgent	DEBUG	Setting recommended pref dom.push.connection.enabled to false
1762345922726	RemoteAgent	DEBUG	Setting recommended pref dom.screenorientation.allow-lock to true
1762345922726	RemoteAgent	DEBUG	Setting recommended pref dom.successive_dialog_time_limit to 0
1762345922726	RemoteAgent	DEBUG	Setting recommended pref extensions.getAddons.cache.enabled to false
1762345922726	RemoteAgent	DEBUG	Setting recommended pref extensions.getAddons.discovery.api_url to data:, 
1762345922726	RemoteAgent	DEBUG	Setting recommended pref extensions.blocklist.detailsURL to http://%(server)s/extensions-dummy/blocklistDetailsURL
1762345922726	RemoteAgent	DEBUG	Setting recommended pref extensions.blocklist.itemURL to http://%(server)s/extensions-dummy/blocklistItemURL
1762345922726	RemoteAgent	DEBUG	Setting recommended pref extensions.hotfix.url to http://%(server)s/extensions-dummy/hotfixURL
1762345922726	RemoteAgent	DEBUG	Setting recommended pref extensions.systemAddon.update.enabled to false
1762345922726	RemoteAgent	DEBUG	Setting recommended pref extensions.update.background.url to http://%(server)s/extensions-dummy/updateBackgroundURL
1762345922726	RemoteAgent	DEBUG	Setting recommended pref extensions.update.url to http://%(server)s/extensions-dummy/updateURL
1762345922726	RemoteAgent	DEBUG	Setting recommended pref extensions.getAddons.get.url to http://%(server)s/extensions-dummy/repositoryGetURL
1762345922726	RemoteAgent	DEBUG	Setting recommended pref extensions.getAddons.search.browseURL to http://%(server)s/extensions-dummy/repositoryBrowseURL
1762345922726	RemoteAgent	DEBUG	Setting recommended pref geo.provider.network.url to 
1762345922726	RemoteAgent	DEBUG	Setting recommended pref identity.fxaccounts.auth.uri to https://{server}/dummy/fxa
1762345922726	RemoteAgent	DEBUG	Setting recommended pref network.connectivity-service.enabled to false
1762345922726	RemoteAgent	DEBUG	Setting recommended pref network.http.phishy-userpass-length to 255
1762345922726	RemoteAgent	DEBUG	Setting recommended pref network.http.prompt-temp-redirect to false
1762345922726	RemoteAgent	DEBUG	Setting recommended pref privacy.trackingprotection.enabled to false
1762345922726	RemoteAgent	DEBUG	Setting recommended pref remote.prefs.recommended.applied to true
1762345922726	RemoteAgent	DEBUG	Setting recommended pref security.fileuri.strict_origin_policy to false
1762345922726	RemoteAgent	DEBUG	Setting recommended pref security.notification_enable_delay to 0
1762345922726	RemoteAgent	DEBUG	Setting recommended pref security.remote_settings.intermediates.enabled to false
1762345922726	RemoteAgent	DEBUG	Setting recommended pref services.settings.loglevel to off
1762345922726	RemoteAgent	DEBUG	Setting recommended pref signon.autofillForms to false
1762345922726	RemoteAgent	DEBUG	Setting recommended pref signon.rememberSignons to false
1762345922726	RemoteAgent	DEBUG	Setting recommended pref termsofuse.bypassNotification to true
1762345922726	RemoteAgent	DEBUG	Setting recommended pref toolkit.telemetry.server to https://%(server)s/telemetry-dummy/
1762345922726	RemoteAgent	DEBUG	Setting recommended pref widget.windows.window_occlusion_tracking.enabled to false
Dynamically enable window occlusion 0
console.error: "Warning: unrecognized command line flag" "-disable-gpu"
console.error: "Warning: unrecognized command line flag" "-disable-dev-shm-usage"
1762345922785	Marionette	INFO	Listening on port 62047
1762345922786	Marionette	DEBUG	Marionette is listening
Read port: 62047
1762345922899	Marionette	DEBUG	Accepted connection 0 from 127.0.0.1:62050
1762345922902	geckodriver::marionette	DEBUG	Connection to Marionette established on 127.0.0.1:62047.
1762345922934	Marionette	DEBUG	0 -> [0,1,"WebDriver:NewSession",{"acceptInsecureCerts":true,"browserName":"firefox"}]
1762345922936	RemoteAgent	WARN	TLS certificate errors will be ignored for this session
1762345922953	Marionette	DEBUG	Waiting for initial application window
[GFX1-]: RenderCompositorSWGL failed mapping default framebuffer, no dt
console.error: [Exception... "Component returned failure code: 0x80070057 (NS_ERROR_ILLEGAL_VALUE) [nsIWinTaskbar.getTaskbarProgress]"  nsresult: "0x80070057 (NS_ERROR_ILLEGAL_VALUE)"  location: "JS frame :: moz-src:///browser/components/downloads/DownloadsTaskbar.sys.mjs :: #windowsAttachIndicator :: line 183"  data: no]
1762345923640	Marionette	DEBUG	0 <- [1,1,null,{"sessionId":"7f3d9152-5977-4fce-b434-e4454f0f93b6","capabilities":{"acceptInsecureCerts":true,"browserName":"firefox","browserVersion":"144.0","platformName":"windows","unhandledPromptBehavior":"dismiss and notify","userAgent":"Mozilla/5.0 (Windows NT 10.0; Win64; x64; rv:144.0) Gecko/20100101 Firefox/144.0","moz:buildID":"20251009125714","moz:headless":true,"moz:platformVersion":"10.0","moz:processID":10448,"moz:profile":"C:\\Users\\User\\AppData\\Local\\Temp\\rust_mozprofilejYitv4","moz:shutdownTimeout":60000,"pageLoadStrategy":"normal","timeouts":{"implicit":0,"pageLoad":300000,"script":30000},"setWindowRect":true,"strictFileInteractability":false,"moz:accessibilityChecks":false,"moz:webdriverClick":true,"moz:windowless":false,"proxy":{}}}]
1762345923643	webdriver::server	DEBUG	<- 200 OK {"value":{"sessionId":"7f3d9152-5977-4fce-b434-e4454f0f93b6","capabilities":{"acceptInsecureCerts":true,"browserNam ... avior":"dismiss and notify","userAgent":"Mozilla/5.0 (Windows NT 10.0; Win64; x64; rv:144.0) Gecko/20100101 Firefox/144.0"}}}
1762345923696	webdriver::server	DEBUG	-> POST /session/7f3d9152-5977-4fce-b434-e4454f0f93b6/window/maximize {
}
1762345923697	Marionette	DEBUG	0 -> [0,2,"WebDriver:MaximizeWindow",{}]
1762345923697	Marionette	DEBUG	0 <- [1,2,null,{"x":0,"y":0,"width":1366,"height":768}]
1762345923698	webdriver::server	DEBUG	<- 200 OK {"value":{"x":0,"y":0,"width":1366,"height":768}}
1762345923701	webdriver::server	DEBUG	-> POST /session/7f3d9152-5977-4fce-b434-e4454f0f93b6/timeouts {
  "implicit": 20000
}
1762345923702	Marionette	DEBUG	0 -> [0,3,"WebDriver:SetTimeouts",{"implicit":20000}]
1762345923702	Marionette	DEBUG	0 <- [1,3,null,{"value":null}]
1762345923702	webdriver::server	DEBUG	<- 200 OK {"value":null}
1762345923711	webdriver::server	DEBUG	-> POST /session/7f3d9152-5977-4fce-b434-e4454f0f93b6/url {
  "url": "https:\u002f\u002fwww.saucedemo.com\u002f"
}
1762345923711	Marionette	DEBUG	0 -> [0,4,"WebDriver:Navigate",{"url":"https://www.saucedemo.com/"}]
1762345924522	Marionette	DEBUG	0 <- [1,4,null,{"value":null}]
1762345924524	webdriver::server	DEBUG	<- 200 OK {"value":null}
1762345924527	webdriver::server	DEBUG	-> POST /session/7f3d9152-5977-4fce-b434-e4454f0f93b6/element {
  "value": "*[name='user-name']",
  "using": "css selector"
}
1762345924530	Marionette	DEBUG	0 -> [0,5,"WebDriver:FindElement",{"using":"css selector","value":"*[name='user-name']"}]
1762345924537	Marionette	DEBUG	0 <- [1,5,null,{"value":{"element-6066-11e4-a52e-4f735466cecf":"13826ca5-fa64-44c3-a50c-98c788d3f310"}}]
1762345924538	webdriver::server	DEBUG	<- 200 OK {"value":{"element-6066-11e4-a52e-4f735466cecf":"13826ca5-fa64-44c3-a50c-98c788d3f310"}}
1762345924541	webdriver::server	DEBUG	-> POST /session/7f3d9152-5977-4fce-b434-e4454f0f93b6/element/13826ca5-fa64-44c3-a50c-98c788d3f310/value {
  "id": "13826ca5- ... a",
    "n",
    "d",
    "a",
    "r",
    "d",
    "_",
    "u",
    "s",
    "e",
    "r"
  ],
  "text": "standard_user"
}
1762345924544	Marionette	DEBUG	0 -> [0,6,"WebDriver:ElementSendKeys",{"id":"13826ca5-fa64-44c3-a50c-98c788d3f310","text":"standard_user","value":["s","t","a","n","d","a","r","d","_","u","s","e","r"]}]
1762345924600	Marionette	DEBUG	0 <- [1,6,null,{"value":null}]
1762345924600	webdriver::server	DEBUG	<- 200 OK {"value":null}
1762345924602	webdriver::server	DEBUG	-> POST /session/7f3d9152-5977-4fce-b434-e4454f0f93b6/element {
  "value": "*[name='password']",
  "using": "css selector"
}
1762345924602	Marionette	DEBUG	0 -> [0,7,"WebDriver:FindElement",{"using":"css selector","value":"*[name='password']"}]
1762345924603	Marionette	DEBUG	0 <- [1,7,null,{"value":{"element-6066-11e4-a52e-4f735466cecf":"389d82ff-e12b-425f-b912-ea82d770e083"}}]
1762345924603	webdriver::server	DEBUG	<- 200 OK {"value":{"element-6066-11e4-a52e-4f735466cecf":"389d82ff-e12b-425f-b912-ea82d770e083"}}
1762345924605	webdriver::server	DEBUG	-> POST /session/7f3d9152-5977-4fce-b434-e4454f0f93b6/element/389d82ff-e12b-425f-b912-ea82d770e083/value {
  "id": "389d82ff- ... "e",
    "c",
    "r",
    "e",
    "t",
    "_",
    "s",
    "a",
    "u",
    "c",
    "e"
  ],
  "text": "secret_sauce"
}
1762345924605	Marionette	DEBUG	0 -> [0,8,"WebDriver:ElementSendKeys",{"id":"389d82ff-e12b-425f-b912-ea82d770e083","text":"secret_sauce","value":["s","e","c","r","e","t","_","s","a","u","c","e"]}]
1762345924618	Marionette	DEBUG	0 <- [1,8,null,{"value":null}]
1762345924618	webdriver::server	DEBUG	<- 200 OK {"value":null}
1762345924620	webdriver::server	DEBUG	-> POST /session/7f3d9152-5977-4fce-b434-e4454f0f93b6/element {
  "value": "*[name='login-button']",
  "using": "css selector"
}
1762345924620	Marionette	DEBUG	0 -> [0,9,"WebDriver:FindElement",{"using":"css selector","value":"*[name='login-button']"}]
1762345924624	Marionette	DEBUG	0 <- [1,9,null,{"value":{"element-6066-11e4-a52e-4f735466cecf":"57fd63fe-e1af-45c5-a5db-8b29829453b2"}}]
1762345924624	webdriver::server	DEBUG	<- 200 OK {"value":{"element-6066-11e4-a52e-4f735466cecf":"57fd63fe-e1af-45c5-a5db-8b29829453b2"}}
1762345924627	webdriver::server	DEBUG	-> POST /session/7f3d9152-5977-4fce-b434-e4454f0f93b6/element/57fd63fe-e1af-45c5-a5db-8b29829453b2/click {
  "id": "57fd63fe-e1af-45c5-a5db-8b29829453b2"
}
1762345924628	Marionette	DEBUG	0 -> [0,10,"WebDriver:ElementClick",{"id":"57fd63fe-e1af-45c5-a5db-8b29829453b2"}]
console.warn: LoginRecipes: "Falling back to a synchronous message for: https://www.saucedemo.com."
console.warn: LoginRecipes: "Falling back to a synchronous message for: https://www.saucedemo.com."
1762345924730	Marionette	DEBUG	0 <- [1,10,null,{"value":null}]
1762345924730	webdriver::server	DEBUG	<- 200 OK {"value":null}
1762345924736	webdriver::server	DEBUG	-> GET /session/7f3d9152-5977-4fce-b434-e4454f0f93b6/url 
1762345924737	Marionette	DEBUG	0 -> [0,11,"WebDriver:GetCurrentURL",{}]
1762345924737	Marionette	DEBUG	0 <- [1,11,null,{"value":"https://www.saucedemo.com/inventory.html"}]
1762345924737	webdriver::server	DEBUG	<- 200 OK {"value":"https://www.saucedemo.com/inventory.html"}
1762345924739	webdriver::server	DEBUG	-> GET /session/7f3d9152-5977-4fce-b434-e4454f0f93b6/url 
1762345924739	Marionette	DEBUG	0 -> [0,12,"WebDriver:GetCurrentURL",{}]
1762345924739	Marionette	DEBUG	0 <- [1,12,null,{"value":"https://www.saucedemo.com/inventory.html"}]
1762345924739	webdriver::server	DEBUG	<- 200 OK {"value":"https://www.saucedemo.com/inventory.html"}
1762345924740	webdriver::server	DEBUG	-> DELETE /session/7f3d9152-5977-4fce-b434-e4454f0f93b6/cookie 
1762345924741	Marionette	DEBUG	0 -> [0,13,"WebDriver:DeleteAllCookies",{}]
1762345924742	Marionette	DEBUG	0 <- [1,13,null,{"value":null}]
1762345924742	webdriver::server	DEBUG	<- 200 OK {"value":null}
1762345924746	webdriver::server	DEBUG	-> DELETE /session/7f3d9152-5977-4fce-b434-e4454f0f93b6 
1762345924747	Marionette	DEBUG	0 -> [0,14,"Marionette:Quit",{"flags":["eForceQuit"]}]
1762345924747	Marionette	INFO	Stopped listening on port 62047
1762345925090	RemoteAgent	DEBUG	Resetting recommended pref apz.content_response_timeout
1762345925090	RemoteAgent	DEBUG	Resetting recommended pref browser.contentblocking.introCount
1762345925090	RemoteAgent	DEBUG	Resetting recommended pref browser.download.panel.shown
1762345925090	RemoteAgent	DEBUG	Resetting recommended pref browser.http.blank_page_with_error_response.enabled
1762345925090	RemoteAgent	DEBUG	Resetting recommended pref browser.newtabpage.activity-stream.asrouter.userprefs.cfr.features
1762345925091	RemoteAgent	DEBUG	Resetting recommended pref browser.newtabpage.activity-stream.discoverystream.region-weather-config
1762345925091	RemoteAgent	DEBUG	Resetting recommended pref browser.newtabpage.activity-stream.newtabWallpapers.enabled
1762345925091	RemoteAgent	DEBUG	Resetting recommended pref browser.newtabpage.activity-stream.showSponsoredTopSites
1762345925092	RemoteAgent	DEBUG	Resetting recommended pref browser.newtabpage.enabled
1762345925093	RemoteAgent	DEBUG	Resetting recommended pref browser.pagethumbnails.capturing_disabled
1762345925093	RemoteAgent	DEBUG	Resetting recommended pref browser.region.network.url
1762345925093	RemoteAgent	DEBUG	Resetting recommended pref browser.safebrowsing.blockedURIs.enabled
1762345925095	RemoteAgent	DEBUG	Resetting recommended pref browser.safebrowsing.downloads.enabled
1762345925097	RemoteAgent	DEBUG	Resetting recommended pref browser.safebrowsing.malware.enabled
1762345925099	RemoteAgent	DEBUG	Resetting recommended pref browser.safebrowsing.phishing.enabled
1762345925100	RemoteAgent	DEBUG	Resetting recommended pref browser.search.update
1762345925100	RemoteAgent	DEBUG	Resetting recommended pref browser.startup.couldRestoreSession.count
1762345925101	RemoteAgent	DEBUG	Resetting recommended pref browser.tabs.remote.unloadDelayMs
1762345925101	RemoteAgent	DEBUG	Resetting recommended pref browser.tabs.unloadOnLowMemory
1762345925101	RemoteAgent	DEBUG	Resetting recommended pref browser.tabs.warnOnClose
1762345925101	RemoteAgent	DEBUG	Resetting recommended pref browser.tabs.warnOnCloseOtherTabs
1762345925101	RemoteAgent	DEBUG	Resetting recommended pref browser.tabs.warnOnOpen
1762345925101	RemoteAgent	DEBUG	Resetting recommended pref browser.toolbars.bookmarks.visibility
1762345925101	RemoteAgent	DEBUG	Resetting recommended pref browser.topsites.contile.enabled
1762345925101	RemoteAgent	DEBUG	Resetting recommended pref browser.usedOnWindows10.introURL
1762345925102	RemoteAgent	DEBUG	Resetting recommended pref browser.urlbar.merino.endpointURL
1762345925103	RemoteAgent	DEBUG	Resetting recommended pref browser.urlbar.suggest.searches
1762345925103	RemoteAgent	DEBUG	Resetting recommended pref datareporting.policy.dataSubmissionPolicyAccepted
1762345925103	RemoteAgent	DEBUG	Resetting recommended pref datareporting.usage.uploadEnabled
1762345925104	RemoteAgent	DEBUG	Resetting recommended pref telemetry.fog.test.localhost_port
1762345925104	RemoteAgent	DEBUG	Resetting recommended pref dom.disable_open_during_load
1762345925104	RemoteAgent	DEBUG	Resetting recommended pref dom.file.createInChild
1762345925104	RemoteAgent	DEBUG	Resetting recommended pref dom.input_events.security.minNumTicks
1762345925104	RemoteAgent	DEBUG	Resetting recommended pref dom.input_events.security.minTimeElapsedInMS
1762345925104	RemoteAgent	DEBUG	Resetting recommended pref threads.lower_mainthread_priority_in_background.enabled
1762345925104	RemoteAgent	DEBUG	Resetting recommended pref dom.ipc.processPriorityManager.enabled
1762345925104	RemoteAgent	DEBUG	Resetting recommended pref dom.max_chrome_script_run_time
1762345925104	RemoteAgent	DEBUG	Resetting recommended pref dom.max_script_run_time
1762345925105	RemoteAgent	DEBUG	Resetting recommended pref dom.navigation.navigationRateLimit.count
1762345925105	RemoteAgent	DEBUG	Resetting recommended pref dom.push.connection.enabled
1762345925105	RemoteAgent	DEBUG	Resetting recommended pref dom.screenorientation.allow-lock
1762345925105	RemoteAgent	DEBUG	Resetting recommended pref dom.successive_dialog_time_limit
1762345925106	RemoteAgent	DEBUG	Resetting recommended pref extensions.getAddons.cache.enabled
1762345925106	RemoteAgent	DEBUG	Resetting recommended pref extensions.getAddons.discovery.api_url
1762345925106	RemoteAgent	DEBUG	Resetting recommended pref extensions.blocklist.detailsURL
1762345925106	RemoteAgent	DEBUG	Resetting recommended pref extensions.blocklist.itemURL
1762345925106	RemoteAgent	DEBUG	Resetting recommended pref extensions.hotfix.url
1762345925106	RemoteAgent	DEBUG	Resetting recommended pref extensions.systemAddon.update.enabled
1762345925106	RemoteAgent	DEBUG	Resetting recommended pref extensions.update.background.url
1762345925107	RemoteAgent	DEBUG	Resetting recommended pref extensions.update.url
1762345925108	RemoteAgent	DEBUG	Resetting recommended pref extensions.getAddons.get.url
1762345925108	RemoteAgent	DEBUG	Resetting recommended pref extensions.getAddons.search.browseURL
1762345925108	RemoteAgent	DEBUG	Resetting recommended pref geo.provider.network.url
1762345925108	RemoteAgent	DEBUG	Resetting recommended pref identity.fxaccounts.auth.uri
1762345925108	RemoteAgent	DEBUG	Resetting recommended pref network.connectivity-service.enabled
1762345925108	RemoteAgent	DEBUG	Resetting recommended pref network.http.phishy-userpass-length
1762345925108	RemoteAgent	DEBUG	Resetting recommended pref network.http.prompt-temp-redirect
1762345925108	RemoteAgent	DEBUG	Resetting recommended pref privacy.trackingprotection.enabled
1762345925108	RemoteAgent	DEBUG	Resetting recommended pref remote.prefs.recommended.applied
1762345925109	RemoteAgent	DEBUG	Resetting recommended pref security.fileuri.strict_origin_policy
1762345925109	RemoteAgent	DEBUG	Resetting recommended pref security.notification_enable_delay
1762345925109	RemoteAgent	DEBUG	Resetting recommended pref security.remote_settings.intermediates.enabled
1762345925109	RemoteAgent	DEBUG	Resetting recommended pref services.settings.loglevel
1762345925109	RemoteAgent	DEBUG	Resetting recommended pref signon.autofillForms
1762345925111	RemoteAgent	DEBUG	Resetting recommended pref signon.rememberSignons
1762345925111	RemoteAgent	DEBUG	Resetting recommended pref termsofuse.bypassNotification
1762345925111	RemoteAgent	DEBUG	Resetting recommended pref toolkit.telemetry.server
1762345925112	RemoteAgent	DEBUG	Resetting recommended pref widget.windows.window_occlusion_tracking.enabled
Dynamically enable window occlusion 1
1762345925130	Marionette	DEBUG	0 <- [1,14,null,{"cause":"shutdown","forced":false,"in_app":true}]
1762345925144	Marionette	DEBUG	Marionette stopped listening
1762345925148	webdriver::server	DEBUG	Teardown session
1762345925148	geckodriver::marionette	DEBUG	To store minidump files of Firefox crashes the MINIDUMP_SAVE_PATH environment variable needs to be set.
1762345925154	Marionette	DEBUG	Closed connection 0
console.error: "Failed to fetch https://spocs.getpocket.com/user:" "NetworkError when attempting to fetch resource."
console.error: (new TypeError("NetworkError when attempting to fetch resource.", ""))
console.error: (new Error("OHTTP was configured for https://ads.mozilla.org/v1/delete_user but we couldn't fetch a valid config", "moz-src:///browser/modules/ContextId.sys.mjs", 234))
console.warn: TopSitesFeed: Failed to fetch data from MARS server: NetworkError when attempting to fetch resource.
JavaScript error: resource://gre/modules/ObliviousHTTP.sys.mjs, line 117: NS_ERROR_XPC_CANT_CONVERT_PRIMITIVE_TO_ARRAY: Cannot convert primitive JavaScript value into an array arg 2 [nsIObliviousHttpService.newChannel]
JavaScript error: resource://services-settings/RemoteSettingsClient.sys.mjs, line 85: Error: Unknown callback
1762345925350	geckodriver::browser	DEBUG	Browser process stopped: exit code: 0
1762345925372	webdriver::server	DEBUG	<- 200 OK {"value":null}
]]></system-out>
    <system-err><![CDATA[[main] INFO autotests.ui.BaseTest - setUp
[main] INFO io.github.bonigarcia.wdm.WebDriverManager - Using geckodriver 0.36.0 (resolved driver for Firefox 144)
[main] INFO io.github.bonigarcia.wdm.WebDriverManager - Exporting webdriver.gecko.driver as C:\Users\User\.cache\selenium\geckodriver\win64\0.36.0\geckodriver.exe
[main] INFO config.BrowserSettings - Название браузера: firefox
[main] INFO autotests.ui.BaseTest - tearDown
]]></system-err>
  </testcase>
  <testcase name="loginByBlockedUserTest" classname="autotests.ui.UiTest" time="2.905">
    <system-out><![CDATA[1762345925422	geckodriver	INFO	Listening on 127.0.0.1:45801
1762345925457	webdriver::server	DEBUG	-> POST /session {
  "capabilities": {
    "firstMatch": [
      {
        "acceptInsecureCerts": true,
        "browserName" ... m-usage"
          ],
          "prefs": {
            "remote.active-protocols": 1
          }
        }
      }
    ]
  }
}
1762345925457	geckodriver::capabilities	DEBUG	Trying to read firefox version from ini files
1762345925458	geckodriver::capabilities	DEBUG	Found version 144.0
1762345925463	mozrunner::runner	INFO	Running command: "C:\\Program Files (x86)\\Mozilla Firefox\\firefox.exe" "--marionette" "--headless" "--disable-gpu" "--no-sandbox" "--disable-dev-shm-usage" "-no-remote" "-profile" "C:\\Users\\User\\AppData\\Local\\Temp\\rust_mozprofileBbxE3x"
1762345925470	geckodriver::marionette	DEBUG	Waiting 60s to connect to browser on 127.0.0.1
*** You are running in headless mode.
console.warn: services.settings: Ignoring preference override of remote settings server
console.warn: services.settings: Allow by setting MOZ_REMOTE_SETTINGS_DEVTOOLS=1 in the environment
1762345925719	Marionette	INFO	Marionette enabled
1762345925720	RemoteAgent	DEBUG	Setting recommended pref apz.content_response_timeout to 60000
1762345925720	RemoteAgent	DEBUG	Setting recommended pref browser.contentblocking.introCount to 99
1762345925720	RemoteAgent	DEBUG	Setting recommended pref browser.download.panel.shown to true
1762345925720	RemoteAgent	DEBUG	Setting recommended pref browser.http.blank_page_with_error_response.enabled to true
1762345925720	RemoteAgent	DEBUG	Setting recommended pref browser.newtabpage.activity-stream.asrouter.userprefs.cfr.features to false
1762345925720	RemoteAgent	DEBUG	Setting recommended pref browser.newtabpage.activity-stream.discoverystream.region-weather-config to 
1762345925720	RemoteAgent	DEBUG	Setting recommended pref browser.newtabpage.activity-stream.newtabWallpapers.enabled to false
1762345925720	RemoteAgent	DEBUG	Setting recommended pref browser.newtabpage.activity-stream.showSponsoredTopSites to false
1762345925720	RemoteAgent	DEBUG	Setting recommended pref browser.newtabpage.enabled to false
1762345925720	RemoteAgent	DEBUG	Setting recommended pref browser.pagethumbnails.capturing_disabled to true
1762345925720	RemoteAgent	DEBUG	Setting recommended pref browser.region.network.url to 
1762345925720	RemoteAgent	DEBUG	Setting recommended pref browser.safebrowsing.blockedURIs.enabled to false
1762345925720	RemoteAgent	DEBUG	Setting recommended pref browser.safebrowsing.downloads.enabled to false
1762345925720	RemoteAgent	DEBUG	Setting recommended pref browser.safebrowsing.malware.enabled to false
1762345925720	RemoteAgent	DEBUG	Setting recommended pref browser.safebrowsing.phishing.enabled to false
1762345925720	RemoteAgent	DEBUG	Setting recommended pref browser.search.update to false
1762345925720	RemoteAgent	DEBUG	Setting recommended pref browser.startup.couldRestoreSession.count to -1
1762345925720	RemoteAgent	DEBUG	Setting recommended pref browser.tabs.remote.unloadDelayMs to 0
1762345925720	RemoteAgent	DEBUG	Setting recommended pref browser.tabs.unloadOnLowMemory to false
1762345925720	RemoteAgent	DEBUG	Setting recommended pref browser.tabs.warnOnClose to false
1762345925720	RemoteAgent	DEBUG	Setting recommended pref browser.tabs.warnOnCloseOtherTabs to false
1762345925720	RemoteAgent	DEBUG	Setting recommended pref browser.tabs.warnOnOpen to false
1762345925720	RemoteAgent	DEBUG	Setting recommended pref browser.toolbars.bookmarks.visibility to never
1762345925720	RemoteAgent	DEBUG	Setting recommended pref browser.topsites.contile.enabled to false
1762345925721	RemoteAgent	DEBUG	Setting recommended pref browser.usedOnWindows10.introURL to 
1762345925721	RemoteAgent	DEBUG	Setting recommended pref browser.urlbar.merino.endpointURL to 
1762345925721	RemoteAgent	DEBUG	Setting recommended pref browser.urlbar.suggest.searches to false
1762345925721	RemoteAgent	DEBUG	Setting recommended pref datareporting.policy.dataSubmissionPolicyAccepted to false
1762345925721	RemoteAgent	DEBUG	Setting recommended pref datareporting.usage.uploadEnabled to false
1762345925721	RemoteAgent	DEBUG	Setting recommended pref telemetry.fog.test.localhost_port to -1
1762345925721	RemoteAgent	DEBUG	Setting recommended pref dom.disable_open_during_load to false
1762345925721	RemoteAgent	DEBUG	Setting recommended pref dom.file.createInChild to true
1762345925721	RemoteAgent	DEBUG	Setting recommended pref dom.input_events.security.minNumTicks to 0
1762345925721	RemoteAgent	DEBUG	Setting recommended pref dom.input_events.security.minTimeElapsedInMS to 0
1762345925721	RemoteAgent	DEBUG	Setting recommended pref threads.lower_mainthread_priority_in_background.enabled to false
1762345925721	RemoteAgent	DEBUG	Setting recommended pref dom.ipc.processPriorityManager.enabled to false
1762345925721	RemoteAgent	DEBUG	Setting recommended pref dom.max_chrome_script_run_time to 0
1762345925721	RemoteAgent	DEBUG	Setting recommended pref dom.max_script_run_time to 0
1762345925721	RemoteAgent	DEBUG	Setting recommended pref dom.navigation.navigationRateLimit.count to 0
1762345925721	RemoteAgent	DEBUG	Setting recommended pref dom.push.connection.enabled to false
1762345925721	RemoteAgent	DEBUG	Setting recommended pref dom.screenorientation.allow-lock to true
1762345925721	RemoteAgent	DEBUG	Setting recommended pref dom.successive_dialog_time_limit to 0
1762345925721	RemoteAgent	DEBUG	Setting recommended pref extensions.getAddons.cache.enabled to false
1762345925721	RemoteAgent	DEBUG	Setting recommended pref extensions.getAddons.discovery.api_url to data:, 
1762345925721	RemoteAgent	DEBUG	Setting recommended pref extensions.blocklist.detailsURL to http://%(server)s/extensions-dummy/blocklistDetailsURL
1762345925721	RemoteAgent	DEBUG	Setting recommended pref extensions.blocklist.itemURL to http://%(server)s/extensions-dummy/blocklistItemURL
1762345925721	RemoteAgent	DEBUG	Setting recommended pref extensions.hotfix.url to http://%(server)s/extensions-dummy/hotfixURL
1762345925721	RemoteAgent	DEBUG	Setting recommended pref extensions.systemAddon.update.enabled to false
1762345925721	RemoteAgent	DEBUG	Setting recommended pref extensions.update.background.url to http://%(server)s/extensions-dummy/updateBackgroundURL
1762345925721	RemoteAgent	DEBUG	Setting recommended pref extensions.update.url to http://%(server)s/extensions-dummy/updateURL
1762345925721	RemoteAgent	DEBUG	Setting recommended pref extensions.getAddons.get.url to http://%(server)s/extensions-dummy/repositoryGetURL
1762345925722	RemoteAgent	DEBUG	Setting recommended pref extensions.getAddons.search.browseURL to http://%(server)s/extensions-dummy/repositoryBrowseURL
1762345925722	RemoteAgent	DEBUG	Setting recommended pref geo.provider.network.url to 
1762345925722	RemoteAgent	DEBUG	Setting recommended pref identity.fxaccounts.auth.uri to https://{server}/dummy/fxa
1762345925722	RemoteAgent	DEBUG	Setting recommended pref network.connectivity-service.enabled to false
1762345925722	RemoteAgent	DEBUG	Setting recommended pref network.http.phishy-userpass-length to 255
1762345925722	RemoteAgent	DEBUG	Setting recommended pref network.http.prompt-temp-redirect to false
1762345925722	RemoteAgent	DEBUG	Setting recommended pref privacy.trackingprotection.enabled to false
1762345925722	RemoteAgent	DEBUG	Setting recommended pref remote.prefs.recommended.applied to true
1762345925722	RemoteAgent	DEBUG	Setting recommended pref security.fileuri.strict_origin_policy to false
1762345925722	RemoteAgent	DEBUG	Setting recommended pref security.notification_enable_delay to 0
1762345925722	RemoteAgent	DEBUG	Setting recommended pref security.remote_settings.intermediates.enabled to false
1762345925722	RemoteAgent	DEBUG	Setting recommended pref services.settings.loglevel to off
1762345925722	RemoteAgent	DEBUG	Setting recommended pref signon.autofillForms to false
1762345925722	RemoteAgent	DEBUG	Setting recommended pref signon.rememberSignons to false
1762345925722	RemoteAgent	DEBUG	Setting recommended pref termsofuse.bypassNotification to true
1762345925722	RemoteAgent	DEBUG	Setting recommended pref toolkit.telemetry.server to https://%(server)s/telemetry-dummy/
1762345925722	RemoteAgent	DEBUG	Setting recommended pref widget.windows.window_occlusion_tracking.enabled to false
Dynamically enable window occlusion 0
console.error: "Warning: unrecognized command line flag" "-disable-gpu"
console.error: "Warning: unrecognized command line flag" "-disable-dev-shm-usage"
1762345925780	Marionette	INFO	Listening on port 62081
1762345925781	Marionette	DEBUG	Marionette is listening
Read port: 62081
1762345925894	Marionette	DEBUG	Accepted connection 0 from 127.0.0.1:62084
1762345925898	geckodriver::marionette	DEBUG	Connection to Marionette established on 127.0.0.1:62081.
1762345925930	Marionette	DEBUG	0 -> [0,1,"WebDriver:NewSession",{"acceptInsecureCerts":true,"browserName":"firefox"}]
1762345925933	RemoteAgent	WARN	TLS certificate errors will be ignored for this session
1762345925950	Marionette	DEBUG	Waiting for initial application window
[GFX1-]: RenderCompositorSWGL failed mapping default framebuffer, no dt
console.error: [Exception... "Component returned failure code: 0x80070057 (NS_ERROR_ILLEGAL_VALUE) [nsIWinTaskbar.getTaskbarProgress]"  nsresult: "0x80070057 (NS_ERROR_ILLEGAL_VALUE)"  location: "JS frame :: moz-src:///browser/components/downloads/DownloadsTaskbar.sys.mjs :: #windowsAttachIndicator :: line 183"  data: no]
1762345926623	Marionette	DEBUG	0 <- [1,1,null,{"sessionId":"3ab4f83c-b686-4819-b5bb-b234100cea49","capabilities":{"acceptInsecureCerts":true,"browserName":"firefox","browserVersion":"144.0","platformName":"windows","unhandledPromptBehavior":"dismiss and notify","userAgent":"Mozilla/5.0 (Windows NT 10.0; Win64; x64; rv:144.0) Gecko/20100101 Firefox/144.0","moz:buildID":"20251009125714","moz:headless":true,"moz:platformVersion":"10.0","moz:processID":26740,"moz:profile":"C:\\Users\\User\\AppData\\Local\\Temp\\rust_mozprofileBbxE3x","moz:shutdownTimeout":60000,"pageLoadStrategy":"normal","timeouts":{"implicit":0,"pageLoad":300000,"script":30000},"setWindowRect":true,"strictFileInteractability":false,"moz:accessibilityChecks":false,"moz:webdriverClick":true,"moz:windowless":false,"proxy":{}}}]
1762345926625	webdriver::server	DEBUG	<- 200 OK {"value":{"sessionId":"3ab4f83c-b686-4819-b5bb-b234100cea49","capabilities":{"acceptInsecureCerts":true,"browserNam ... avior":"dismiss and notify","userAgent":"Mozilla/5.0 (Windows NT 10.0; Win64; x64; rv:144.0) Gecko/20100101 Firefox/144.0"}}}
1762345926631	webdriver::server	DEBUG	-> POST /session/3ab4f83c-b686-4819-b5bb-b234100cea49/window/maximize {
}
1762345926631	Marionette	DEBUG	0 -> [0,2,"WebDriver:MaximizeWindow",{}]
1762345926632	Marionette	DEBUG	0 <- [1,2,null,{"x":0,"y":0,"width":1366,"height":768}]
1762345926632	webdriver::server	DEBUG	<- 200 OK {"value":{"x":0,"y":0,"width":1366,"height":768}}
1762345926635	webdriver::server	DEBUG	-> POST /session/3ab4f83c-b686-4819-b5bb-b234100cea49/timeouts {
  "implicit": 20000
}
1762345926635	Marionette	DEBUG	0 -> [0,3,"WebDriver:SetTimeouts",{"implicit":20000}]
1762345926636	Marionette	DEBUG	0 <- [1,3,null,{"value":null}]
1762345926636	webdriver::server	DEBUG	<- 200 OK {"value":null}
1762345926639	webdriver::server	DEBUG	-> POST /session/3ab4f83c-b686-4819-b5bb-b234100cea49/url {
  "url": "https:\u002f\u002fwww.saucedemo.com\u002f"
}
1762345926640	Marionette	DEBUG	0 -> [0,4,"WebDriver:Navigate",{"url":"https://www.saucedemo.com/"}]
1762345927459	Marionette	DEBUG	0 <- [1,4,null,{"value":null}]
1762345927461	webdriver::server	DEBUG	<- 200 OK {"value":null}
1762345927463	webdriver::server	DEBUG	-> POST /session/3ab4f83c-b686-4819-b5bb-b234100cea49/element {
  "value": "*[name='user-name']",
  "using": "css selector"
}
1762345927467	Marionette	DEBUG	0 -> [0,5,"WebDriver:FindElement",{"using":"css selector","value":"*[name='user-name']"}]
1762345927474	Marionette	DEBUG	0 <- [1,5,null,{"value":{"element-6066-11e4-a52e-4f735466cecf":"056ac30c-119b-43cf-bb87-123a95c18032"}}]
1762345927474	webdriver::server	DEBUG	<- 200 OK {"value":{"element-6066-11e4-a52e-4f735466cecf":"056ac30c-119b-43cf-bb87-123a95c18032"}}
1762345927476	webdriver::server	DEBUG	-> POST /session/3ab4f83c-b686-4819-b5bb-b234100cea49/element/056ac30c-119b-43cf-bb87-123a95c18032/value {
  "id": "056ac30c- ... ,
    "d",
    "_",
    "o",
    "u",
    "t",
    "_",
    "u",
    "s",
    "e",
    "r"
  ],
  "text": "locked_out_user"
}
1762345927477	Marionette	DEBUG	0 -> [0,6,"WebDriver:ElementSendKeys",{"id":"056ac30c-119b-43cf-bb87-123a95c18032","text":"locked_out_user","value":["l","o","c","k","e","d","_","o","u","t","_","u","s","e","r"]}]
1762345927534	Marionette	DEBUG	0 <- [1,6,null,{"value":null}]
1762345927534	webdriver::server	DEBUG	<- 200 OK {"value":null}
1762345927536	webdriver::server	DEBUG	-> POST /session/3ab4f83c-b686-4819-b5bb-b234100cea49/element {
  "value": "*[name='password']",
  "using": "css selector"
}
1762345927536	Marionette	DEBUG	0 -> [0,7,"WebDriver:FindElement",{"using":"css selector","value":"*[name='password']"}]
1762345927537	Marionette	DEBUG	0 <- [1,7,null,{"value":{"element-6066-11e4-a52e-4f735466cecf":"015c798e-5c95-43c5-98ad-b6e7f7fb851c"}}]
1762345927537	webdriver::server	DEBUG	<- 200 OK {"value":{"element-6066-11e4-a52e-4f735466cecf":"015c798e-5c95-43c5-98ad-b6e7f7fb851c"}}
1762345927539	webdriver::server	DEBUG	-> POST /session/3ab4f83c-b686-4819-b5bb-b234100cea49/element/015c798e-5c95-43c5-98ad-b6e7f7fb851c/value {
  "id": "015c798e- ... "e",
    "c",
    "r",
    "e",
    "t",
    "_",
    "s",
    "a",
    "u",
    "c",
    "e"
  ],
  "text": "secret_sauce"
}
1762345927540	Marionette	DEBUG	0 -> [0,8,"WebDriver:ElementSendKeys",{"id":"015c798e-5c95-43c5-98ad-b6e7f7fb851c","text":"secret_sauce","value":["s","e","c","r","e","t","_","s","a","u","c","e"]}]
1762345927553	Marionette	DEBUG	0 <- [1,8,null,{"value":null}]
1762345927553	webdriver::server	DEBUG	<- 200 OK {"value":null}
1762345927555	webdriver::server	DEBUG	-> POST /session/3ab4f83c-b686-4819-b5bb-b234100cea49/element {
  "value": "*[name='login-button']",
  "using": "css selector"
}
1762345927556	Marionette	DEBUG	0 -> [0,9,"WebDriver:FindElement",{"using":"css selector","value":"*[name='login-button']"}]
1762345927557	Marionette	DEBUG	0 <- [1,9,null,{"value":{"element-6066-11e4-a52e-4f735466cecf":"5d25bd10-2385-49de-aa67-ee08b758fb0f"}}]
1762345927557	webdriver::server	DEBUG	<- 200 OK {"value":{"element-6066-11e4-a52e-4f735466cecf":"5d25bd10-2385-49de-aa67-ee08b758fb0f"}}
1762345927559	webdriver::server	DEBUG	-> POST /session/3ab4f83c-b686-4819-b5bb-b234100cea49/element/5d25bd10-2385-49de-aa67-ee08b758fb0f/click {
  "id": "5d25bd10-2385-49de-aa67-ee08b758fb0f"
}
1762345927559	Marionette	DEBUG	0 -> [0,10,"WebDriver:ElementClick",{"id":"5d25bd10-2385-49de-aa67-ee08b758fb0f"}]
console.warn: LoginRecipes: "Falling back to a synchronous message for: https://www.saucedemo.com."
1762345927645	Marionette	DEBUG	0 <- [1,10,null,{"value":null}]
1762345927645	webdriver::server	DEBUG	<- 200 OK {"value":null}
1762345927648	webdriver::server	DEBUG	-> POST /session/3ab4f83c-b686-4819-b5bb-b234100cea49/element {
  "using": "css selector",
  "value": "#login_button_container"
}
1762345927648	Marionette	DEBUG	0 -> [0,11,"WebDriver:FindElement",{"using":"css selector","value":"#login_button_container"}]
1762345927649	Marionette	DEBUG	0 <- [1,11,null,{"value":{"element-6066-11e4-a52e-4f735466cecf":"d643ebce-b180-4cd8-9810-0cfe2fd8d36f"}}]
1762345927649	webdriver::server	DEBUG	<- 200 OK {"value":{"element-6066-11e4-a52e-4f735466cecf":"d643ebce-b180-4cd8-9810-0cfe2fd8d36f"}}
1762345927651	webdriver::server	DEBUG	-> GET /session/3ab4f83c-b686-4819-b5bb-b234100cea49/element/d643ebce-b180-4cd8-9810-0cfe2fd8d36f/text 
1762345927651	Marionette	DEBUG	0 -> [0,12,"WebDriver:GetElementText",{"id":"d643ebce-b180-4cd8-9810-0cfe2fd8d36f"}]
1762345927660	Marionette	DEBUG	0 <- [1,12,null,{"value":"Epic sadface: Sorry, this user has been locked out."}]
1762345927660	webdriver::server	DEBUG	<- 200 OK {"value":"Epic sadface: Sorry, this user has been locked out."}
1762345927662	webdriver::server	DEBUG	-> DELETE /session/3ab4f83c-b686-4819-b5bb-b234100cea49/cookie 
1762345927663	Marionette	DEBUG	0 -> [0,13,"WebDriver:DeleteAllCookies",{}]
1762345927663	Marionette	DEBUG	0 <- [1,13,null,{"value":null}]
1762345927664	webdriver::server	DEBUG	<- 200 OK {"value":null}
1762345927666	webdriver::server	DEBUG	-> DELETE /session/3ab4f83c-b686-4819-b5bb-b234100cea49 
1762345927667	Marionette	DEBUG	0 -> [0,14,"Marionette:Quit",{"flags":["eForceQuit"]}]
1762345927667	Marionette	INFO	Stopped listening on port 62081
1762345928007	RemoteAgent	DEBUG	Resetting recommended pref apz.content_response_timeout
1762345928007	RemoteAgent	DEBUG	Resetting recommended pref browser.contentblocking.introCount
1762345928007	RemoteAgent	DEBUG	Resetting recommended pref browser.download.panel.shown
1762345928007	RemoteAgent	DEBUG	Resetting recommended pref browser.http.blank_page_with_error_response.enabled
1762345928007	RemoteAgent	DEBUG	Resetting recommended pref browser.newtabpage.activity-stream.asrouter.userprefs.cfr.features
1762345928007	RemoteAgent	DEBUG	Resetting recommended pref browser.newtabpage.activity-stream.discoverystream.region-weather-config
1762345928007	RemoteAgent	DEBUG	Resetting recommended pref browser.newtabpage.activity-stream.newtabWallpapers.enabled
1762345928008	RemoteAgent	DEBUG	Resetting recommended pref browser.newtabpage.activity-stream.showSponsoredTopSites
1762345928008	RemoteAgent	DEBUG	Resetting recommended pref browser.newtabpage.enabled
1762345928009	RemoteAgent	DEBUG	Resetting recommended pref browser.pagethumbnails.capturing_disabled
1762345928009	RemoteAgent	DEBUG	Resetting recommended pref browser.region.network.url
1762345928009	RemoteAgent	DEBUG	Resetting recommended pref browser.safebrowsing.blockedURIs.enabled
1762345928011	RemoteAgent	DEBUG	Resetting recommended pref browser.safebrowsing.downloads.enabled
1762345928012	RemoteAgent	DEBUG	Resetting recommended pref browser.safebrowsing.malware.enabled
1762345928014	RemoteAgent	DEBUG	Resetting recommended pref browser.safebrowsing.phishing.enabled
1762345928015	RemoteAgent	DEBUG	Resetting recommended pref browser.search.update
1762345928015	RemoteAgent	DEBUG	Resetting recommended pref browser.startup.couldRestoreSession.count
1762345928015	RemoteAgent	DEBUG	Resetting recommended pref browser.tabs.remote.unloadDelayMs
1762345928015	RemoteAgent	DEBUG	Resetting recommended pref browser.tabs.unloadOnLowMemory
1762345928015	RemoteAgent	DEBUG	Resetting recommended pref browser.tabs.warnOnClose
1762345928015	RemoteAgent	DEBUG	Resetting recommended pref browser.tabs.warnOnCloseOtherTabs
1762345928015	RemoteAgent	DEBUG	Resetting recommended pref browser.tabs.warnOnOpen
1762345928015	RemoteAgent	DEBUG	Resetting recommended pref browser.toolbars.bookmarks.visibility
1762345928015	RemoteAgent	DEBUG	Resetting recommended pref browser.topsites.contile.enabled
1762345928016	RemoteAgent	DEBUG	Resetting recommended pref browser.usedOnWindows10.introURL
1762345928016	RemoteAgent	DEBUG	Resetting recommended pref browser.urlbar.merino.endpointURL
1762345928017	RemoteAgent	DEBUG	Resetting recommended pref browser.urlbar.suggest.searches
1762345928018	RemoteAgent	DEBUG	Resetting recommended pref datareporting.policy.dataSubmissionPolicyAccepted
1762345928018	RemoteAgent	DEBUG	Resetting recommended pref datareporting.usage.uploadEnabled
1762345928018	RemoteAgent	DEBUG	Resetting recommended pref telemetry.fog.test.localhost_port
1762345928018	RemoteAgent	DEBUG	Resetting recommended pref dom.disable_open_during_load
1762345928018	RemoteAgent	DEBUG	Resetting recommended pref dom.file.createInChild
1762345928018	RemoteAgent	DEBUG	Resetting recommended pref dom.input_events.security.minNumTicks
1762345928018	RemoteAgent	DEBUG	Resetting recommended pref dom.input_events.security.minTimeElapsedInMS
1762345928019	RemoteAgent	DEBUG	Resetting recommended pref threads.lower_mainthread_priority_in_background.enabled
1762345928019	RemoteAgent	DEBUG	Resetting recommended pref dom.ipc.processPriorityManager.enabled
1762345928019	RemoteAgent	DEBUG	Resetting recommended pref dom.max_chrome_script_run_time
1762345928019	RemoteAgent	DEBUG	Resetting recommended pref dom.max_script_run_time
1762345928019	RemoteAgent	DEBUG	Resetting recommended pref dom.navigation.navigationRateLimit.count
1762345928020	RemoteAgent	DEBUG	Resetting recommended pref dom.push.connection.enabled
1762345928020	RemoteAgent	DEBUG	Resetting recommended pref dom.screenorientation.allow-lock
1762345928020	RemoteAgent	DEBUG	Resetting recommended pref dom.successive_dialog_time_limit
1762345928020	RemoteAgent	DEBUG	Resetting recommended pref extensions.getAddons.cache.enabled
1762345928020	RemoteAgent	DEBUG	Resetting recommended pref extensions.getAddons.discovery.api_url
1762345928020	RemoteAgent	DEBUG	Resetting recommended pref extensions.blocklist.detailsURL
1762345928020	RemoteAgent	DEBUG	Resetting recommended pref extensions.blocklist.itemURL
1762345928020	RemoteAgent	DEBUG	Resetting recommended pref extensions.hotfix.url
1762345928020	RemoteAgent	DEBUG	Resetting recommended pref extensions.systemAddon.update.enabled
1762345928020	RemoteAgent	DEBUG	Resetting recommended pref extensions.update.background.url
1762345928021	RemoteAgent	DEBUG	Resetting recommended pref extensions.update.url
1762345928022	RemoteAgent	DEBUG	Resetting recommended pref extensions.getAddons.get.url
1762345928022	RemoteAgent	DEBUG	Resetting recommended pref extensions.getAddons.search.browseURL
1762345928022	RemoteAgent	DEBUG	Resetting recommended pref geo.provider.network.url
1762345928022	RemoteAgent	DEBUG	Resetting recommended pref identity.fxaccounts.auth.uri
1762345928022	RemoteAgent	DEBUG	Resetting recommended pref network.connectivity-service.enabled
1762345928022	RemoteAgent	DEBUG	Resetting recommended pref network.http.phishy-userpass-length
1762345928023	RemoteAgent	DEBUG	Resetting recommended pref network.http.prompt-temp-redirect
1762345928023	RemoteAgent	DEBUG	Resetting recommended pref privacy.trackingprotection.enabled
1762345928023	RemoteAgent	DEBUG	Resetting recommended pref remote.prefs.recommended.applied
1762345928023	RemoteAgent	DEBUG	Resetting recommended pref security.fileuri.strict_origin_policy
1762345928023	RemoteAgent	DEBUG	Resetting recommended pref security.notification_enable_delay
1762345928023	RemoteAgent	DEBUG	Resetting recommended pref security.remote_settings.intermediates.enabled
1762345928023	RemoteAgent	DEBUG	Resetting recommended pref services.settings.loglevel
1762345928024	RemoteAgent	DEBUG	Resetting recommended pref signon.autofillForms
1762345928024	RemoteAgent	DEBUG	Resetting recommended pref signon.rememberSignons
1762345928025	RemoteAgent	DEBUG	Resetting recommended pref termsofuse.bypassNotification
1762345928025	RemoteAgent	DEBUG	Resetting recommended pref toolkit.telemetry.server
1762345928025	RemoteAgent	DEBUG	Resetting recommended pref widget.windows.window_occlusion_tracking.enabled
Dynamically enable window occlusion 1
1762345928041	Marionette	DEBUG	0 <- [1,14,null,{"cause":"shutdown","forced":false,"in_app":true}]
1762345928054	Marionette	DEBUG	Marionette stopped listening
1762345928058	webdriver::server	DEBUG	Teardown session
1762345928058	geckodriver::marionette	DEBUG	To store minidump files of Firefox crashes the MINIDUMP_SAVE_PATH environment variable needs to be set.
1762345928064	Marionette	DEBUG	Closed connection 0
console.error: "Failed to fetch https://spocs.getpocket.com/user:" "NetworkError when attempting to fetch resource."
console.error: (new TypeError("NetworkError when attempting to fetch resource.", ""))
console.error: (new Error("OHTTP was configured for https://ads.mozilla.org/v1/delete_user but we couldn't fetch a valid config", "moz-src:///browser/modules/ContextId.sys.mjs", 234))
console.warn: TopSitesFeed: Failed to fetch data from MARS server: NetworkError when attempting to fetch resource.
JavaScript error: resource://gre/modules/ObliviousHTTP.sys.mjs, line 117: NS_ERROR_XPC_CANT_CONVERT_PRIMITIVE_TO_ARRAY: Cannot convert primitive JavaScript value into an array arg 2 [nsIObliviousHttpService.newChannel]
JavaScript error: resource://services-settings/RemoteSettingsClient.sys.mjs, line 85: Error: Unknown callback
1762345928258	geckodriver::browser	DEBUG	Browser process stopped: exit code: 0
1762345928282	webdriver::server	DEBUG	<- 200 OK {"value":null}
]]></system-out>
    <system-err><![CDATA[[main] INFO autotests.ui.BaseTest - setUp
[main] INFO io.github.bonigarcia.wdm.WebDriverManager - Using geckodriver 0.36.0 (resolved driver for Firefox 144)
[main] INFO io.github.bonigarcia.wdm.WebDriverManager - Exporting webdriver.gecko.driver as C:\Users\User\.cache\selenium\geckodriver\win64\0.36.0\geckodriver.exe
[main] INFO config.BrowserSettings - Название браузера: firefox
[main] INFO autotests.ui.BaseTest - tearDown
]]></system-err>
  </testcase>
  <testcase name="e2eTest(String, String)[1]" classname="autotests.ui.UiTest" time="3.908">
    <system-out><![CDATA[1762345928397	geckodriver	INFO	Listening on 127.0.0.1:41389
1762345928417	webdriver::server	DEBUG	-> POST /session {
  "capabilities": {
    "firstMatch": [
      {
        "acceptInsecureCerts": true,
        "browserName" ... m-usage"
          ],
          "prefs": {
            "remote.active-protocols": 1
          }
        }
      }
    ]
  }
}
1762345928418	geckodriver::capabilities	DEBUG	Trying to read firefox version from ini files
1762345928418	geckodriver::capabilities	DEBUG	Found version 144.0
1762345928422	mozrunner::runner	INFO	Running command: "C:\\Program Files (x86)\\Mozilla Firefox\\firefox.exe" "--marionette" "--headless" "--disable-gpu" "--no-sandbox" "--disable-dev-shm-usage" "-no-remote" "-profile" "C:\\Users\\User\\AppData\\Local\\Temp\\rust_mozprofile7o1hJa"
1762345928430	geckodriver::marionette	DEBUG	Waiting 60s to connect to browser on 127.0.0.1
*** You are running in headless mode.
console.warn: services.settings: Ignoring preference override of remote settings server
console.warn: services.settings: Allow by setting MOZ_REMOTE_SETTINGS_DEVTOOLS=1 in the environment
1762345928685	Marionette	INFO	Marionette enabled
1762345928685	RemoteAgent	DEBUG	Setting recommended pref apz.content_response_timeout to 60000
1762345928685	RemoteAgent	DEBUG	Setting recommended pref browser.contentblocking.introCount to 99
1762345928685	RemoteAgent	DEBUG	Setting recommended pref browser.download.panel.shown to true
1762345928685	RemoteAgent	DEBUG	Setting recommended pref browser.http.blank_page_with_error_response.enabled to true
1762345928685	RemoteAgent	DEBUG	Setting recommended pref browser.newtabpage.activity-stream.asrouter.userprefs.cfr.features to false
1762345928685	RemoteAgent	DEBUG	Setting recommended pref browser.newtabpage.activity-stream.discoverystream.region-weather-config to 
1762345928685	RemoteAgent	DEBUG	Setting recommended pref browser.newtabpage.activity-stream.newtabWallpapers.enabled to false
1762345928685	RemoteAgent	DEBUG	Setting recommended pref browser.newtabpage.activity-stream.showSponsoredTopSites to false
1762345928685	RemoteAgent	DEBUG	Setting recommended pref browser.newtabpage.enabled to false
1762345928685	RemoteAgent	DEBUG	Setting recommended pref browser.pagethumbnails.capturing_disabled to true
1762345928686	RemoteAgent	DEBUG	Setting recommended pref browser.region.network.url to 
1762345928686	RemoteAgent	DEBUG	Setting recommended pref browser.safebrowsing.blockedURIs.enabled to false
1762345928686	RemoteAgent	DEBUG	Setting recommended pref browser.safebrowsing.downloads.enabled to false
1762345928686	RemoteAgent	DEBUG	Setting recommended pref browser.safebrowsing.malware.enabled to false
1762345928686	RemoteAgent	DEBUG	Setting recommended pref browser.safebrowsing.phishing.enabled to false
1762345928686	RemoteAgent	DEBUG	Setting recommended pref browser.search.update to false
1762345928686	RemoteAgent	DEBUG	Setting recommended pref browser.startup.couldRestoreSession.count to -1
1762345928686	RemoteAgent	DEBUG	Setting recommended pref browser.tabs.remote.unloadDelayMs to 0
1762345928686	RemoteAgent	DEBUG	Setting recommended pref browser.tabs.unloadOnLowMemory to false
1762345928686	RemoteAgent	DEBUG	Setting recommended pref browser.tabs.warnOnClose to false
1762345928686	RemoteAgent	DEBUG	Setting recommended pref browser.tabs.warnOnCloseOtherTabs to false
1762345928686	RemoteAgent	DEBUG	Setting recommended pref browser.tabs.warnOnOpen to false
1762345928686	RemoteAgent	DEBUG	Setting recommended pref browser.toolbars.bookmarks.visibility to never
1762345928686	RemoteAgent	DEBUG	Setting recommended pref browser.topsites.contile.enabled to false
1762345928686	RemoteAgent	DEBUG	Setting recommended pref browser.usedOnWindows10.introURL to 
1762345928686	RemoteAgent	DEBUG	Setting recommended pref browser.urlbar.merino.endpointURL to 
1762345928686	RemoteAgent	DEBUG	Setting recommended pref browser.urlbar.suggest.searches to false
1762345928686	RemoteAgent	DEBUG	Setting recommended pref datareporting.policy.dataSubmissionPolicyAccepted to false
1762345928686	RemoteAgent	DEBUG	Setting recommended pref datareporting.usage.uploadEnabled to false
1762345928686	RemoteAgent	DEBUG	Setting recommended pref telemetry.fog.test.localhost_port to -1
1762345928686	RemoteAgent	DEBUG	Setting recommended pref dom.disable_open_during_load to false
1762345928686	RemoteAgent	DEBUG	Setting recommended pref dom.file.createInChild to true
1762345928686	RemoteAgent	DEBUG	Setting recommended pref dom.input_events.security.minNumTicks to 0
1762345928686	RemoteAgent	DEBUG	Setting recommended pref dom.input_events.security.minTimeElapsedInMS to 0
1762345928686	RemoteAgent	DEBUG	Setting recommended pref threads.lower_mainthread_priority_in_background.enabled to false
1762345928687	RemoteAgent	DEBUG	Setting recommended pref dom.ipc.processPriorityManager.enabled to false
1762345928687	RemoteAgent	DEBUG	Setting recommended pref dom.max_chrome_script_run_time to 0
1762345928687	RemoteAgent	DEBUG	Setting recommended pref dom.max_script_run_time to 0
1762345928687	RemoteAgent	DEBUG	Setting recommended pref dom.navigation.navigationRateLimit.count to 0
1762345928687	RemoteAgent	DEBUG	Setting recommended pref dom.push.connection.enabled to false
1762345928687	RemoteAgent	DEBUG	Setting recommended pref dom.screenorientation.allow-lock to true
1762345928687	RemoteAgent	DEBUG	Setting recommended pref dom.successive_dialog_time_limit to 0
1762345928687	RemoteAgent	DEBUG	Setting recommended pref extensions.getAddons.cache.enabled to false
1762345928687	RemoteAgent	DEBUG	Setting recommended pref extensions.getAddons.discovery.api_url to data:, 
1762345928687	RemoteAgent	DEBUG	Setting recommended pref extensions.blocklist.detailsURL to http://%(server)s/extensions-dummy/blocklistDetailsURL
1762345928687	RemoteAgent	DEBUG	Setting recommended pref extensions.blocklist.itemURL to http://%(server)s/extensions-dummy/blocklistItemURL
1762345928687	RemoteAgent	DEBUG	Setting recommended pref extensions.hotfix.url to http://%(server)s/extensions-dummy/hotfixURL
1762345928687	RemoteAgent	DEBUG	Setting recommended pref extensions.systemAddon.update.enabled to false
1762345928687	RemoteAgent	DEBUG	Setting recommended pref extensions.update.background.url to http://%(server)s/extensions-dummy/updateBackgroundURL
1762345928687	RemoteAgent	DEBUG	Setting recommended pref extensions.update.url to http://%(server)s/extensions-dummy/updateURL
1762345928687	RemoteAgent	DEBUG	Setting recommended pref extensions.getAddons.get.url to http://%(server)s/extensions-dummy/repositoryGetURL
1762345928687	RemoteAgent	DEBUG	Setting recommended pref extensions.getAddons.search.browseURL to http://%(server)s/extensions-dummy/repositoryBrowseURL
1762345928687	RemoteAgent	DEBUG	Setting recommended pref geo.provider.network.url to 
1762345928687	RemoteAgent	DEBUG	Setting recommended pref identity.fxaccounts.auth.uri to https://{server}/dummy/fxa
1762345928687	RemoteAgent	DEBUG	Setting recommended pref network.connectivity-service.enabled to false
1762345928687	RemoteAgent	DEBUG	Setting recommended pref network.http.phishy-userpass-length to 255
1762345928687	RemoteAgent	DEBUG	Setting recommended pref network.http.prompt-temp-redirect to false
1762345928687	RemoteAgent	DEBUG	Setting recommended pref privacy.trackingprotection.enabled to false
1762345928687	RemoteAgent	DEBUG	Setting recommended pref remote.prefs.recommended.applied to true
1762345928687	RemoteAgent	DEBUG	Setting recommended pref security.fileuri.strict_origin_policy to false
1762345928687	RemoteAgent	DEBUG	Setting recommended pref security.notification_enable_delay to 0
1762345928687	RemoteAgent	DEBUG	Setting recommended pref security.remote_settings.intermediates.enabled to false
1762345928687	RemoteAgent	DEBUG	Setting recommended pref services.settings.loglevel to off
1762345928687	RemoteAgent	DEBUG	Setting recommended pref signon.autofillForms to false
1762345928687	RemoteAgent	DEBUG	Setting recommended pref signon.rememberSignons to false
1762345928687	RemoteAgent	DEBUG	Setting recommended pref termsofuse.bypassNotification to true
1762345928687	RemoteAgent	DEBUG	Setting recommended pref toolkit.telemetry.server to https://%(server)s/telemetry-dummy/
1762345928687	RemoteAgent	DEBUG	Setting recommended pref widget.windows.window_occlusion_tracking.enabled to false
Dynamically enable window occlusion 0
console.error: "Warning: unrecognized command line flag" "-disable-gpu"
console.error: "Warning: unrecognized command line flag" "-disable-dev-shm-usage"
1762345928746	Marionette	INFO	Listening on port 62117
1762345928747	Marionette	DEBUG	Marionette is listening
Read port: 62117
1762345928858	Marionette	DEBUG	Accepted connection 0 from 127.0.0.1:62120
1762345928861	geckodriver::marionette	DEBUG	Connection to Marionette established on 127.0.0.1:62117.
1762345928893	Marionette	DEBUG	0 -> [0,1,"WebDriver:NewSession",{"acceptInsecureCerts":true,"browserName":"firefox"}]
1762345928895	RemoteAgent	WARN	TLS certificate errors will be ignored for this session
1762345928912	Marionette	DEBUG	Waiting for initial application window
[GFX1-]: RenderCompositorSWGL failed mapping default framebuffer, no dt
console.error: [Exception... "Component returned failure code: 0x80070057 (NS_ERROR_ILLEGAL_VALUE) [nsIWinTaskbar.getTaskbarProgress]"  nsresult: "0x80070057 (NS_ERROR_ILLEGAL_VALUE)"  location: "JS frame :: moz-src:///browser/components/downloads/DownloadsTaskbar.sys.mjs :: #windowsAttachIndicator :: line 183"  data: no]
1762345929591	Marionette	DEBUG	0 <- [1,1,null,{"sessionId":"0fd8d88a-5274-47e9-94aa-7f06b1bb3074","capabilities":{"acceptInsecureCerts":true,"browserName":"firefox","browserVersion":"144.0","platformName":"windows","unhandledPromptBehavior":"dismiss and notify","userAgent":"Mozilla/5.0 (Windows NT 10.0; Win64; x64; rv:144.0) Gecko/20100101 Firefox/144.0","moz:buildID":"20251009125714","moz:headless":true,"moz:platformVersion":"10.0","moz:processID":17388,"moz:profile":"C:\\Users\\User\\AppData\\Local\\Temp\\rust_mozprofile7o1hJa","moz:shutdownTimeout":60000,"pageLoadStrategy":"normal","timeouts":{"implicit":0,"pageLoad":300000,"script":30000},"setWindowRect":true,"strictFileInteractability":false,"moz:accessibilityChecks":false,"moz:webdriverClick":true,"moz:windowless":false,"proxy":{}}}]
1762345929594	webdriver::server	DEBUG	<- 200 OK {"value":{"sessionId":"0fd8d88a-5274-47e9-94aa-7f06b1bb3074","capabilities":{"acceptInsecureCerts":true,"browserNam ... avior":"dismiss and notify","userAgent":"Mozilla/5.0 (Windows NT 10.0; Win64; x64; rv:144.0) Gecko/20100101 Firefox/144.0"}}}
1762345929598	webdriver::server	DEBUG	-> POST /session/0fd8d88a-5274-47e9-94aa-7f06b1bb3074/window/maximize {
}
1762345929598	Marionette	DEBUG	0 -> [0,2,"WebDriver:MaximizeWindow",{}]
1762345929599	Marionette	DEBUG	0 <- [1,2,null,{"x":0,"y":0,"width":1366,"height":768}]
1762345929599	webdriver::server	DEBUG	<- 200 OK {"value":{"x":0,"y":0,"width":1366,"height":768}}
1762345929601	webdriver::server	DEBUG	-> POST /session/0fd8d88a-5274-47e9-94aa-7f06b1bb3074/timeouts {
  "implicit": 20000
}
1762345929602	Marionette	DEBUG	0 -> [0,3,"WebDriver:SetTimeouts",{"implicit":20000}]
1762345929602	Marionette	DEBUG	0 <- [1,3,null,{"value":null}]
1762345929602	webdriver::server	DEBUG	<- 200 OK {"value":null}
1762345929614	webdriver::server	DEBUG	-> POST /session/0fd8d88a-5274-47e9-94aa-7f06b1bb3074/url {
  "url": "https:\u002f\u002fwww.saucedemo.com\u002f"
}
1762345929615	Marionette	DEBUG	0 -> [0,4,"WebDriver:Navigate",{"url":"https://www.saucedemo.com/"}]
1762345930502	Marionette	DEBUG	0 <- [1,4,null,{"value":null}]
1762345930503	webdriver::server	DEBUG	<- 200 OK {"value":null}
1762345930505	webdriver::server	DEBUG	-> POST /session/0fd8d88a-5274-47e9-94aa-7f06b1bb3074/element {
  "value": "*[name='user-name']",
  "using": "css selector"
}
1762345930506	Marionette	DEBUG	0 -> [0,5,"WebDriver:FindElement",{"using":"css selector","value":"*[name='user-name']"}]
1762345930513	Marionette	DEBUG	0 <- [1,5,null,{"value":{"element-6066-11e4-a52e-4f735466cecf":"907bb930-b499-4286-b022-c253e87a4e1c"}}]
1762345930514	webdriver::server	DEBUG	<- 200 OK {"value":{"element-6066-11e4-a52e-4f735466cecf":"907bb930-b499-4286-b022-c253e87a4e1c"}}
1762345930516	webdriver::server	DEBUG	-> POST /session/0fd8d88a-5274-47e9-94aa-7f06b1bb3074/element/907bb930-b499-4286-b022-c253e87a4e1c/value {
  "id": "907bb930- ... a",
    "n",
    "d",
    "a",
    "r",
    "d",
    "_",
    "u",
    "s",
    "e",
    "r"
  ],
  "text": "standard_user"
}
1762345930518	Marionette	DEBUG	0 -> [0,6,"WebDriver:ElementSendKeys",{"id":"907bb930-b499-4286-b022-c253e87a4e1c","text":"standard_user","value":["s","t","a","n","d","a","r","d","_","u","s","e","r"]}]
1762345930571	Marionette	DEBUG	0 <- [1,6,null,{"value":null}]
1762345930571	webdriver::server	DEBUG	<- 200 OK {"value":null}
1762345930573	webdriver::server	DEBUG	-> POST /session/0fd8d88a-5274-47e9-94aa-7f06b1bb3074/element {
  "value": "*[name='password']",
  "using": "css selector"
}
1762345930573	Marionette	DEBUG	0 -> [0,7,"WebDriver:FindElement",{"using":"css selector","value":"*[name='password']"}]
1762345930576	Marionette	DEBUG	0 <- [1,7,null,{"value":{"element-6066-11e4-a52e-4f735466cecf":"560d236e-1b1f-444c-ac1c-1d24206a4b39"}}]
1762345930576	webdriver::server	DEBUG	<- 200 OK {"value":{"element-6066-11e4-a52e-4f735466cecf":"560d236e-1b1f-444c-ac1c-1d24206a4b39"}}
1762345930578	webdriver::server	DEBUG	-> POST /session/0fd8d88a-5274-47e9-94aa-7f06b1bb3074/element/560d236e-1b1f-444c-ac1c-1d24206a4b39/value {
  "id": "560d236e- ... "e",
    "c",
    "r",
    "e",
    "t",
    "_",
    "s",
    "a",
    "u",
    "c",
    "e"
  ],
  "text": "secret_sauce"
}
1762345930579	Marionette	DEBUG	0 -> [0,8,"WebDriver:ElementSendKeys",{"id":"560d236e-1b1f-444c-ac1c-1d24206a4b39","text":"secret_sauce","value":["s","e","c","r","e","t","_","s","a","u","c","e"]}]
1762345930598	Marionette	DEBUG	0 <- [1,8,null,{"value":null}]
1762345930598	webdriver::server	DEBUG	<- 200 OK {"value":null}
1762345930600	webdriver::server	DEBUG	-> POST /session/0fd8d88a-5274-47e9-94aa-7f06b1bb3074/element {
  "value": "*[name='login-button']",
  "using": "css selector"
}
1762345930601	Marionette	DEBUG	0 -> [0,9,"WebDriver:FindElement",{"using":"css selector","value":"*[name='login-button']"}]
1762345930602	Marionette	DEBUG	0 <- [1,9,null,{"value":{"element-6066-11e4-a52e-4f735466cecf":"4b1f6977-f179-45f3-b2b2-612b0b543bc1"}}]
1762345930602	webdriver::server	DEBUG	<- 200 OK {"value":{"element-6066-11e4-a52e-4f735466cecf":"4b1f6977-f179-45f3-b2b2-612b0b543bc1"}}
1762345930604	webdriver::server	DEBUG	-> POST /session/0fd8d88a-5274-47e9-94aa-7f06b1bb3074/element/4b1f6977-f179-45f3-b2b2-612b0b543bc1/click {
  "id": "4b1f6977-f179-45f3-b2b2-612b0b543bc1"
}
1762345930604	Marionette	DEBUG	0 -> [0,10,"WebDriver:ElementClick",{"id":"4b1f6977-f179-45f3-b2b2-612b0b543bc1"}]
console.warn: LoginRecipes: "Falling back to a synchronous message for: https://www.saucedemo.com."
console.warn: LoginRecipes: "Falling back to a synchronous message for: https://www.saucedemo.com."
1762345930715	Marionette	DEBUG	0 <- [1,10,null,{"value":null}]
1762345930715	webdriver::server	DEBUG	<- 200 OK {"value":null}
1762345930718	webdriver::server	DEBUG	-> POST /session/0fd8d88a-5274-47e9-94aa-7f06b1bb3074/elements {
  "value": ".inventory_item",
  "using": "css selector"
}
1762345930719	Marionette	DEBUG	0 -> [0,11,"WebDriver:FindElements",{"using":"css selector","value":".inventory_item"}]
1762345930720	Marionette	DEBUG	0 <- [1,11,null,[{"element-6066-11e4-a52e-4f735466cecf":"78f14b88-2d04-4dcb-998f-998000e1e0b7"},{"element-6066-11e4-a52e-4f735466cecf":"059b3299-5370-4316-b9b4-bc194cd15bdc"},{"element-6066-11e4-a52e-4f735466cecf":"d6fd5fcb-0b41-47d6-90fc-642841972246"},{"element-6066-11e4-a52e-4f735466cecf":"247d0d05-1f3b-4d28-9073-9e8d5131f11b"},{"element-6066-11e4-a52e-4f735466cecf":"ea76914a-2b38-4e66-811e-2785d3b8168e"},{"element-6066-11e4-a52e-4f735466cecf":"421c1905-abf7-420c-b558-c77ed8f394cc"}]]
1762345930720	webdriver::server	DEBUG	<- 200 OK {"value":[{"element-6066-11e4-a52e-4f735466cecf":"78f14b88-2d04-4dcb-998f-998000e1e0b7"},{"element-6066-11e4-a52e-4 ... ecf":"ea76914a-2b38-4e66-811e-2785d3b8168e"},{"element-6066-11e4-a52e-4f735466cecf":"421c1905-abf7-420c-b558-c77ed8f394cc"}]}
1762345930726	webdriver::server	DEBUG	-> POST /session/0fd8d88a-5274-47e9-94aa-7f06b1bb3074/execute/sync {
  "args": [
    {
      "element-6066-11e4-a52e-4f735466 ... =Ta;; return this.se_exportedFunctionSymbol.apply(null,arguments);}).apply(window, arguments);}\n).apply(null, arguments);"
}
1762345930730	Marionette	DEBUG	0 -> [0,12,"WebDriver:ExecuteScript",{"args":[{"element-6066-11e4-a52e-4f735466cecf":"78f14b88-2d04-4dcb-998f-998000e1e0b7"}],"script":"/* isDisplayed */return (function(){return (function(){var g=this||self;\nfunction aa(a){var b=typeof a;if(\"object\"==b)if(a){i ... Y[Z]=Ta;; return this.se_exportedFunctionSymbol.apply(null,arguments);}).apply(window, arguments);}\n).apply(null, arguments);"}]
1762345930735	Marionette	DEBUG	0 <- [1,12,null,{"value":true}]
1762345930735	webdriver::server	DEBUG	<- 200 OK {"value":true}
1762345930738	webdriver::server	DEBUG	-> POST /session/0fd8d88a-5274-47e9-94aa-7f06b1bb3074/execute/sync {
  "args": [
    {
      "element-6066-11e4-a52e-4f735466 ... =Ta;; return this.se_exportedFunctionSymbol.apply(null,arguments);}).apply(window, arguments);}\n).apply(null, arguments);"
}
1762345930738	Marionette	DEBUG	0 -> [0,13,"WebDriver:ExecuteScript",{"args":[{"element-6066-11e4-a52e-4f735466cecf":"059b3299-5370-4316-b9b4-bc194cd15bdc"}],"script":"/* isDisplayed */return (function(){return (function(){var g=this||self;\nfunction aa(a){var b=typeof a;if(\"object\"==b)if(a){i ... Y[Z]=Ta;; return this.se_exportedFunctionSymbol.apply(null,arguments);}).apply(window, arguments);}\n).apply(null, arguments);"}]
1762345930741	Marionette	DEBUG	0 <- [1,13,null,{"value":true}]
1762345930742	webdriver::server	DEBUG	<- 200 OK {"value":true}
1762345930745	webdriver::server	DEBUG	-> POST /session/0fd8d88a-5274-47e9-94aa-7f06b1bb3074/execute/sync {
  "args": [
    {
      "element-6066-11e4-a52e-4f735466 ... =Ta;; return this.se_exportedFunctionSymbol.apply(null,arguments);}).apply(window, arguments);}\n).apply(null, arguments);"
}
1762345930746	Marionette	DEBUG	0 -> [0,14,"WebDriver:ExecuteScript",{"args":[{"element-6066-11e4-a52e-4f735466cecf":"d6fd5fcb-0b41-47d6-90fc-642841972246"}],"script":"/* isDisplayed */return (function(){return (function(){var g=this||self;\nfunction aa(a){var b=typeof a;if(\"object\"==b)if(a){i ... Y[Z]=Ta;; return this.se_exportedFunctionSymbol.apply(null,arguments);}).apply(window, arguments);}\n).apply(null, arguments);"}]
1762345930750	Marionette	DEBUG	0 <- [1,14,null,{"value":true}]
1762345930751	webdriver::server	DEBUG	<- 200 OK {"value":true}
1762345930754	webdriver::server	DEBUG	-> POST /session/0fd8d88a-5274-47e9-94aa-7f06b1bb3074/execute/sync {
  "args": [
    {
      "element-6066-11e4-a52e-4f735466 ... =Ta;; return this.se_exportedFunctionSymbol.apply(null,arguments);}).apply(window, arguments);}\n).apply(null, arguments);"
}
1762345930755	Marionette	DEBUG	0 -> [0,15,"WebDriver:ExecuteScript",{"args":[{"element-6066-11e4-a52e-4f735466cecf":"247d0d05-1f3b-4d28-9073-9e8d5131f11b"}],"script":"/* isDisplayed */return (function(){return (function(){var g=this||self;\nfunction aa(a){var b=typeof a;if(\"object\"==b)if(a){i ... Y[Z]=Ta;; return this.se_exportedFunctionSymbol.apply(null,arguments);}).apply(window, arguments);}\n).apply(null, arguments);"}]
1762345930758	Marionette	DEBUG	0 <- [1,15,null,{"value":true}]
1762345930758	webdriver::server	DEBUG	<- 200 OK {"value":true}
1762345930761	webdriver::server	DEBUG	-> POST /session/0fd8d88a-5274-47e9-94aa-7f06b1bb3074/execute/sync {
  "args": [
    {
      "element-6066-11e4-a52e-4f735466 ... =Ta;; return this.se_exportedFunctionSymbol.apply(null,arguments);}).apply(window, arguments);}\n).apply(null, arguments);"
}
1762345930762	Marionette	DEBUG	0 -> [0,16,"WebDriver:ExecuteScript",{"args":[{"element-6066-11e4-a52e-4f735466cecf":"ea76914a-2b38-4e66-811e-2785d3b8168e"}],"script":"/* isDisplayed */return (function(){return (function(){var g=this||self;\nfunction aa(a){var b=typeof a;if(\"object\"==b)if(a){i ... Y[Z]=Ta;; return this.se_exportedFunctionSymbol.apply(null,arguments);}).apply(window, arguments);}\n).apply(null, arguments);"}]
1762345930767	Marionette	DEBUG	0 <- [1,16,null,{"value":true}]
1762345930767	webdriver::server	DEBUG	<- 200 OK {"value":true}
1762345930769	webdriver::server	DEBUG	-> POST /session/0fd8d88a-5274-47e9-94aa-7f06b1bb3074/execute/sync {
  "args": [
    {
      "element-6066-11e4-a52e-4f735466 ... =Ta;; return this.se_exportedFunctionSymbol.apply(null,arguments);}).apply(window, arguments);}\n).apply(null, arguments);"
}
1762345930770	Marionette	DEBUG	0 -> [0,17,"WebDriver:ExecuteScript",{"args":[{"element-6066-11e4-a52e-4f735466cecf":"421c1905-abf7-420c-b558-c77ed8f394cc"}],"script":"/* isDisplayed */return (function(){return (function(){var g=this||self;\nfunction aa(a){var b=typeof a;if(\"object\"==b)if(a){i ... Y[Z]=Ta;; return this.se_exportedFunctionSymbol.apply(null,arguments);}).apply(window, arguments);}\n).apply(null, arguments);"}]
1762345930773	Marionette	DEBUG	0 <- [1,17,null,{"value":true}]
1762345930773	webdriver::server	DEBUG	<- 200 OK {"value":true}
1762345930775	webdriver::server	DEBUG	-> POST /session/0fd8d88a-5274-47e9-94aa-7f06b1bb3074/elements {
  "value": ".inventory_item_name",
  "using": "css selector"
}
1762345930775	Marionette	DEBUG	0 -> [0,18,"WebDriver:FindElements",{"using":"css selector","value":".inventory_item_name"}]
1762345930776	Marionette	DEBUG	0 <- [1,18,null,[{"element-6066-11e4-a52e-4f735466cecf":"4b57d332-28c6-45ce-9a60-26ca6f7b4056"},{"element-6066-11e4-a52e-4f735466cecf":"de1b4101-a0d7-4d68-8dea-3189b7ce31ad"},{"element-6066-11e4-a52e-4f735466cecf":"c4a28f30-4adb-4a2f-8dc5-34398a8b46fd"},{"element-6066-11e4-a52e-4f735466cecf":"3869dd9e-a967-4ea8-adbf-1d1e1b711657"},{"element-6066-11e4-a52e-4f735466cecf":"34062a85-05b6-48e9-9f79-501c05f59af7"},{"element-6066-11e4-a52e-4f735466cecf":"f2bd9e54-bc33-40f6-95ea-0d8f53ab803e"}]]
1762345930776	webdriver::server	DEBUG	<- 200 OK {"value":[{"element-6066-11e4-a52e-4f735466cecf":"4b57d332-28c6-45ce-9a60-26ca6f7b4056"},{"element-6066-11e4-a52e-4 ... ecf":"34062a85-05b6-48e9-9f79-501c05f59af7"},{"element-6066-11e4-a52e-4f735466cecf":"f2bd9e54-bc33-40f6-95ea-0d8f53ab803e"}]}
1762345930778	webdriver::server	DEBUG	-> GET /session/0fd8d88a-5274-47e9-94aa-7f06b1bb3074/element/4b57d332-28c6-45ce-9a60-26ca6f7b4056/text 
1762345930778	Marionette	DEBUG	0 -> [0,19,"WebDriver:GetElementText",{"id":"4b57d332-28c6-45ce-9a60-26ca6f7b4056"}]
1762345930782	Marionette	DEBUG	0 <- [1,19,null,{"value":"Sauce Labs Backpack"}]
1762345930782	webdriver::server	DEBUG	<- 200 OK {"value":"Sauce Labs Backpack"}
1762345930784	webdriver::server	DEBUG	-> GET /session/0fd8d88a-5274-47e9-94aa-7f06b1bb3074/element/de1b4101-a0d7-4d68-8dea-3189b7ce31ad/text 
1762345930784	Marionette	DEBUG	0 -> [0,20,"WebDriver:GetElementText",{"id":"de1b4101-a0d7-4d68-8dea-3189b7ce31ad"}]
1762345930789	Marionette	DEBUG	0 <- [1,20,null,{"value":"Sauce Labs Bike Light"}]
1762345930789	webdriver::server	DEBUG	<- 200 OK {"value":"Sauce Labs Bike Light"}
1762345930791	webdriver::server	DEBUG	-> GET /session/0fd8d88a-5274-47e9-94aa-7f06b1bb3074/element/c4a28f30-4adb-4a2f-8dc5-34398a8b46fd/text 
1762345930791	Marionette	DEBUG	0 -> [0,21,"WebDriver:GetElementText",{"id":"c4a28f30-4adb-4a2f-8dc5-34398a8b46fd"}]
1762345930794	Marionette	DEBUG	0 <- [1,21,null,{"value":"Sauce Labs Bolt T-Shirt"}]
1762345930794	webdriver::server	DEBUG	<- 200 OK {"value":"Sauce Labs Bolt T-Shirt"}
1762345930796	webdriver::server	DEBUG	-> GET /session/0fd8d88a-5274-47e9-94aa-7f06b1bb3074/element/3869dd9e-a967-4ea8-adbf-1d1e1b711657/text 
1762345930796	Marionette	DEBUG	0 -> [0,22,"WebDriver:GetElementText",{"id":"3869dd9e-a967-4ea8-adbf-1d1e1b711657"}]
1762345930799	Marionette	DEBUG	0 <- [1,22,null,{"value":"Sauce Labs Fleece Jacket"}]
1762345930799	webdriver::server	DEBUG	<- 200 OK {"value":"Sauce Labs Fleece Jacket"}
1762345930801	webdriver::server	DEBUG	-> GET /session/0fd8d88a-5274-47e9-94aa-7f06b1bb3074/element/34062a85-05b6-48e9-9f79-501c05f59af7/text 
1762345930801	Marionette	DEBUG	0 -> [0,23,"WebDriver:GetElementText",{"id":"34062a85-05b6-48e9-9f79-501c05f59af7"}]
1762345930804	Marionette	DEBUG	0 <- [1,23,null,{"value":"Sauce Labs Onesie"}]
1762345930805	webdriver::server	DEBUG	<- 200 OK {"value":"Sauce Labs Onesie"}
1762345930806	webdriver::server	DEBUG	-> GET /session/0fd8d88a-5274-47e9-94aa-7f06b1bb3074/element/f2bd9e54-bc33-40f6-95ea-0d8f53ab803e/text 
1762345930807	Marionette	DEBUG	0 -> [0,24,"WebDriver:GetElementText",{"id":"f2bd9e54-bc33-40f6-95ea-0d8f53ab803e"}]
1762345930810	Marionette	DEBUG	0 <- [1,24,null,{"value":"Test.allTheThings() T-Shirt (Red)"}]
1762345930810	webdriver::server	DEBUG	<- 200 OK {"value":"Test.allTheThings() T-Shirt (Red)"}
1762345930812	webdriver::server	DEBUG	-> POST /session/0fd8d88a-5274-47e9-94aa-7f06b1bb3074/elements {
  "value": ".inventory_item",
  "using": "css selector"
}
1762345930812	Marionette	DEBUG	0 -> [0,25,"WebDriver:FindElements",{"using":"css selector","value":".inventory_item"}]
1762345930812	Marionette	DEBUG	0 <- [1,25,null,[{"element-6066-11e4-a52e-4f735466cecf":"78f14b88-2d04-4dcb-998f-998000e1e0b7"},{"element-6066-11e4-a52e-4f735466cecf":"059b3299-5370-4316-b9b4-bc194cd15bdc"},{"element-6066-11e4-a52e-4f735466cecf":"d6fd5fcb-0b41-47d6-90fc-642841972246"},{"element-6066-11e4-a52e-4f735466cecf":"247d0d05-1f3b-4d28-9073-9e8d5131f11b"},{"element-6066-11e4-a52e-4f735466cecf":"ea76914a-2b38-4e66-811e-2785d3b8168e"},{"element-6066-11e4-a52e-4f735466cecf":"421c1905-abf7-420c-b558-c77ed8f394cc"}]]
1762345930813	webdriver::server	DEBUG	<- 200 OK {"value":[{"element-6066-11e4-a52e-4f735466cecf":"78f14b88-2d04-4dcb-998f-998000e1e0b7"},{"element-6066-11e4-a52e-4 ... ecf":"ea76914a-2b38-4e66-811e-2785d3b8168e"},{"element-6066-11e4-a52e-4f735466cecf":"421c1905-abf7-420c-b558-c77ed8f394cc"}]}
1762345930815	webdriver::server	DEBUG	-> POST /session/0fd8d88a-5274-47e9-94aa-7f06b1bb3074/execute/sync {
  "args": [
    {
      "element-6066-11e4-a52e-4f735466 ... =Ta;; return this.se_exportedFunctionSymbol.apply(null,arguments);}).apply(window, arguments);}\n).apply(null, arguments);"
}
1762345930815	Marionette	DEBUG	0 -> [0,26,"WebDriver:ExecuteScript",{"args":[{"element-6066-11e4-a52e-4f735466cecf":"78f14b88-2d04-4dcb-998f-998000e1e0b7"}],"script":"/* isDisplayed */return (function(){return (function(){var g=this||self;\nfunction aa(a){var b=typeof a;if(\"object\"==b)if(a){i ... Y[Z]=Ta;; return this.se_exportedFunctionSymbol.apply(null,arguments);}).apply(window, arguments);}\n).apply(null, arguments);"}]
1762345930818	Marionette	DEBUG	0 <- [1,26,null,{"value":true}]
1762345930819	webdriver::server	DEBUG	<- 200 OK {"value":true}
1762345930821	webdriver::server	DEBUG	-> POST /session/0fd8d88a-5274-47e9-94aa-7f06b1bb3074/execute/sync {
  "args": [
    {
      "element-6066-11e4-a52e-4f735466 ... =Ta;; return this.se_exportedFunctionSymbol.apply(null,arguments);}).apply(window, arguments);}\n).apply(null, arguments);"
}
1762345930822	Marionette	DEBUG	0 -> [0,27,"WebDriver:ExecuteScript",{"args":[{"element-6066-11e4-a52e-4f735466cecf":"059b3299-5370-4316-b9b4-bc194cd15bdc"}],"script":"/* isDisplayed */return (function(){return (function(){var g=this||self;\nfunction aa(a){var b=typeof a;if(\"object\"==b)if(a){i ... Y[Z]=Ta;; return this.se_exportedFunctionSymbol.apply(null,arguments);}).apply(window, arguments);}\n).apply(null, arguments);"}]
1762345930825	Marionette	DEBUG	0 <- [1,27,null,{"value":true}]
1762345930826	webdriver::server	DEBUG	<- 200 OK {"value":true}
1762345930828	webdriver::server	DEBUG	-> POST /session/0fd8d88a-5274-47e9-94aa-7f06b1bb3074/execute/sync {
  "args": [
    {
      "element-6066-11e4-a52e-4f735466 ... =Ta;; return this.se_exportedFunctionSymbol.apply(null,arguments);}).apply(window, arguments);}\n).apply(null, arguments);"
}
1762345930828	Marionette	DEBUG	0 -> [0,28,"WebDriver:ExecuteScript",{"args":[{"element-6066-11e4-a52e-4f735466cecf":"d6fd5fcb-0b41-47d6-90fc-642841972246"}],"script":"/* isDisplayed */return (function(){return (function(){var g=this||self;\nfunction aa(a){var b=typeof a;if(\"object\"==b)if(a){i ... Y[Z]=Ta;; return this.se_exportedFunctionSymbol.apply(null,arguments);}).apply(window, arguments);}\n).apply(null, arguments);"}]
1762345930832	Marionette	DEBUG	0 <- [1,28,null,{"value":true}]
1762345930832	webdriver::server	DEBUG	<- 200 OK {"value":true}
1762345930835	webdriver::server	DEBUG	-> POST /session/0fd8d88a-5274-47e9-94aa-7f06b1bb3074/execute/sync {
  "args": [
    {
      "element-6066-11e4-a52e-4f735466 ... =Ta;; return this.se_exportedFunctionSymbol.apply(null,arguments);}).apply(window, arguments);}\n).apply(null, arguments);"
}
[...]
1762345939963	Marionette	DEBUG	0 -> [0,52,"WebDriver:ExecuteScript",{"args":[{"element-6066-11e4-a52e-4f735466cecf":"304cbd44-b77e-4ee6-a37a-d820005721b2"}],"script":"/* isDisplayed */return (function(){return (function(){var g=this||self;\nfunction aa(a){var b=typeof a;if(\"object\"==b)if(a){i ... Y[Z]=Ta;; return this.se_exportedFunctionSymbol.apply(null,arguments);}).apply(window, arguments);}\n).apply(null, arguments);"}]
1762345939966	Marionette	DEBUG	0 <- [1,52,null,{"value":true}]
1762345939967	webdriver::server	DEBUG	<- 200 OK {"value":true}
1762345939968	webdriver::server	DEBUG	-> GET /session/f0885b86-c071-462e-83a3-33dc41151369/element/304cbd44-b77e-4ee6-a37a-d820005721b2/enabled 
1762345939968	Marionette	DEBUG	0 -> [0,53,"WebDriver:IsElementEnabled",{"id":"304cbd44-b77e-4ee6-a37a-d820005721b2"}]
1762345939969	Marionette	DEBUG	0 <- [1,53,null,{"value":true}]
1762345939969	webdriver::server	DEBUG	<- 200 OK {"value":true}
1762345939970	webdriver::server	DEBUG	-> POST /session/f0885b86-c071-462e-83a3-33dc41151369/element {
  "value": "#shopping_cart_container",
  "using": "css selector"
}
1762345939971	Marionette	DEBUG	0 -> [0,54,"WebDriver:FindElement",{"using":"css selector","value":"#shopping_cart_container"}]
1762345939971	Marionette	DEBUG	0 <- [1,54,null,{"value":{"element-6066-11e4-a52e-4f735466cecf":"304cbd44-b77e-4ee6-a37a-d820005721b2"}}]
1762345939971	webdriver::server	DEBUG	<- 200 OK {"value":{"element-6066-11e4-a52e-4f735466cecf":"304cbd44-b77e-4ee6-a37a-d820005721b2"}}
1762345939973	webdriver::server	DEBUG	-> POST /session/f0885b86-c071-462e-83a3-33dc41151369/element/304cbd44-b77e-4ee6-a37a-d820005721b2/click {
  "id": "304cbd44-b77e-4ee6-a37a-d820005721b2"
}
1762345939973	Marionette	DEBUG	0 -> [0,55,"WebDriver:ElementClick",{"id":"304cbd44-b77e-4ee6-a37a-d820005721b2"}]
1762345940042	Marionette	DEBUG	0 <- [1,55,null,{"value":null}]
1762345940043	webdriver::server	DEBUG	<- 200 OK {"value":null}
1762345940048	webdriver::server	DEBUG	-> POST /session/f0885b86-c071-462e-83a3-33dc41151369/elements {
  "value": ".cart_item",
  "using": "css selector"
}
1762345940049	Marionette	DEBUG	0 -> [0,56,"WebDriver:FindElements",{"using":"css selector","value":".cart_item"}]
1762345940050	Marionette	DEBUG	0 <- [1,56,null,[{"element-6066-11e4-a52e-4f735466cecf":"9a5c8409-d5a1-4c32-b434-db877e889a14"},{"element-6066-11e4-a52e-4f735466cecf":"0f183c74-65ca-4994-9763-e3938e8a295a"},{"element-6066-11e4-a52e-4f735466cecf":"77ead57a-f69a-493d-ae63-cfb39aec666a"}]]
1762345940050	webdriver::server	DEBUG	<- 200 OK {"value":[{"element-6066-11e4-a52e-4f735466cecf":"9a5c8409-d5a1-4c32-b434-db877e889a14"},{"element-6066-11e4-a52e-4 ... ecf":"0f183c74-65ca-4994-9763-e3938e8a295a"},{"element-6066-11e4-a52e-4f735466cecf":"77ead57a-f69a-493d-ae63-cfb39aec666a"}]}
1762345940052	webdriver::server	DEBUG	-> POST /session/f0885b86-c071-462e-83a3-33dc41151369/element {
  "value": "#checkout",
  "using": "css selector"
}
1762345940052	Marionette	DEBUG	0 -> [0,57,"WebDriver:FindElement",{"using":"css selector","value":"#checkout"}]
1762345940053	Marionette	DEBUG	0 <- [1,57,null,{"value":{"element-6066-11e4-a52e-4f735466cecf":"2923199f-8535-4d76-91df-0931acd72166"}}]
1762345940053	webdriver::server	DEBUG	<- 200 OK {"value":{"element-6066-11e4-a52e-4f735466cecf":"2923199f-8535-4d76-91df-0931acd72166"}}
1762345940054	webdriver::server	DEBUG	-> POST /session/f0885b86-c071-462e-83a3-33dc41151369/element/2923199f-8535-4d76-91df-0931acd72166/click {
  "id": "2923199f-8535-4d76-91df-0931acd72166"
}
1762345940055	Marionette	DEBUG	0 -> [0,58,"WebDriver:ElementClick",{"id":"2923199f-8535-4d76-91df-0931acd72166"}]
1762345940118	Marionette	DEBUG	0 <- [1,58,null,{"value":null}]
1762345940119	webdriver::server	DEBUG	<- 200 OK {"value":null}
1762345940123	webdriver::server	DEBUG	-> POST /session/f0885b86-c071-462e-83a3-33dc41151369/element {
  "value": "#first\\-name",
  "using": "css selector"
}
1762345940124	Marionette	DEBUG	0 -> [0,59,"WebDriver:FindElement",{"using":"css selector","value":"#first\\-name"}]
1762345940126	Marionette	DEBUG	0 <- [1,59,null,{"value":{"element-6066-11e4-a52e-4f735466cecf":"84e1bab7-48f0-466b-88ba-fad5a46e7005"}}]
1762345940126	webdriver::server	DEBUG	<- 200 OK {"value":{"element-6066-11e4-a52e-4f735466cecf":"84e1bab7-48f0-466b-88ba-fad5a46e7005"}}
1762345940129	webdriver::server	DEBUG	-> POST /session/f0885b86-c071-462e-83a3-33dc41151369/element/84e1bab7-48f0-466b-88ba-fad5a46e7005/value {
  "id": "84e1bab7-48f0-466b-88ba-fad5a46e7005",
  "value": [
    "E",
    "l",
    "e",
    "n",
    "a"
  ],
  "text": "Elena"
}
1762345940131	Marionette	DEBUG	0 -> [0,60,"WebDriver:ElementSendKeys",{"id":"84e1bab7-48f0-466b-88ba-fad5a46e7005","text":"Elena","value":["E","l","e","n","a"]}]
1762345940148	Marionette	DEBUG	0 <- [1,60,null,{"value":null}]
1762345940149	webdriver::server	DEBUG	<- 200 OK {"value":null}
1762345940150	webdriver::server	DEBUG	-> POST /session/f0885b86-c071-462e-83a3-33dc41151369/element {
  "value": "#last\\-name",
  "using": "css selector"
}
1762345940151	Marionette	DEBUG	0 -> [0,61,"WebDriver:FindElement",{"using":"css selector","value":"#last\\-name"}]
1762345940151	Marionette	DEBUG	0 <- [1,61,null,{"value":{"element-6066-11e4-a52e-4f735466cecf":"26113994-7c31-4013-8142-62e2f6dad0b9"}}]
1762345940152	webdriver::server	DEBUG	<- 200 OK {"value":{"element-6066-11e4-a52e-4f735466cecf":"26113994-7c31-4013-8142-62e2f6dad0b9"}}
1762345940153	webdriver::server	DEBUG	-> POST /session/f0885b86-c071-462e-83a3-33dc41151369/element/26113994-7c31-4013-8142-62e2f6dad0b9/value {
  "id": "26113994- ... 013-8142-62e2f6dad0b9",
  "value": [
    "B",
    "o",
    "b",
    "r",
    "o",
    "v",
    "a"
  ],
  "text": "Bobrova"
}
1762345940153	Marionette	DEBUG	0 -> [0,62,"WebDriver:ElementSendKeys",{"id":"26113994-7c31-4013-8142-62e2f6dad0b9","text":"Bobrova","value":["B","o","b","r","o","v","a"]}]
1762345940166	Marionette	DEBUG	0 <- [1,62,null,{"value":null}]
1762345940166	webdriver::server	DEBUG	<- 200 OK {"value":null}
1762345940168	webdriver::server	DEBUG	-> POST /session/f0885b86-c071-462e-83a3-33dc41151369/element {
  "value": "#postal\\-code",
  "using": "css selector"
}
1762345940168	Marionette	DEBUG	0 -> [0,63,"WebDriver:FindElement",{"using":"css selector","value":"#postal\\-code"}]
1762345940169	Marionette	DEBUG	0 <- [1,63,null,{"value":{"element-6066-11e4-a52e-4f735466cecf":"fca28976-4e83-467f-8a0e-09eadaca773b"}}]
1762345940169	webdriver::server	DEBUG	<- 200 OK {"value":{"element-6066-11e4-a52e-4f735466cecf":"fca28976-4e83-467f-8a0e-09eadaca773b"}}
1762345940171	webdriver::server	DEBUG	-> POST /session/f0885b86-c071-462e-83a3-33dc41151369/element/fca28976-4e83-467f-8a0e-09eadaca773b/value {
  "id": "fca28976-4e83-467f-8a0e-09eadaca773b",
  "value": [
    "2",
    "3",
    "9",
    "0",
    "0",
    "0"
  ],
  "text": "239000"
}
1762345940171	Marionette	DEBUG	0 -> [0,64,"WebDriver:ElementSendKeys",{"id":"fca28976-4e83-467f-8a0e-09eadaca773b","text":"239000","value":["2","3","9","0","0","0"]}]
1762345940182	Marionette	DEBUG	0 <- [1,64,null,{"value":null}]
1762345940182	webdriver::server	DEBUG	<- 200 OK {"value":null}
1762345940184	webdriver::server	DEBUG	-> POST /session/f0885b86-c071-462e-83a3-33dc41151369/element {
  "value": "#continue",
  "using": "css selector"
}
1762345940184	Marionette	DEBUG	0 -> [0,65,"WebDriver:FindElement",{"using":"css selector","value":"#continue"}]
1762345940185	Marionette	DEBUG	0 <- [1,65,null,{"value":{"element-6066-11e4-a52e-4f735466cecf":"3ff61bc4-b3e8-4ebf-add7-0aba49134fb4"}}]
1762345940185	webdriver::server	DEBUG	<- 200 OK {"value":{"element-6066-11e4-a52e-4f735466cecf":"3ff61bc4-b3e8-4ebf-add7-0aba49134fb4"}}
1762345940186	webdriver::server	DEBUG	-> POST /session/f0885b86-c071-462e-83a3-33dc41151369/element/3ff61bc4-b3e8-4ebf-add7-0aba49134fb4/click {
  "id": "3ff61bc4-b3e8-4ebf-add7-0aba49134fb4"
}
1762345940186	Marionette	DEBUG	0 -> [0,66,"WebDriver:ElementClick",{"id":"3ff61bc4-b3e8-4ebf-add7-0aba49134fb4"}]
1762345940259	Marionette	DEBUG	0 <- [1,66,null,{"value":null}]
1762345940260	webdriver::server	DEBUG	<- 200 OK {"value":null}
1762345940265	webdriver::server	DEBUG	-> POST /session/f0885b86-c071-462e-83a3-33dc41151369/element {
  "using": "xpath",
  "value": "\u002f\u002fdiv[@class='summary_total_label']"
}
1762345940267	Marionette	DEBUG	0 -> [0,67,"WebDriver:FindElement",{"using":"xpath","value":"//div[@class='summary_total_label']"}]
1762345940268	Marionette	DEBUG	0 <- [1,67,null,{"value":{"element-6066-11e4-a52e-4f735466cecf":"9e41e157-676a-4a69-a47a-a9b1e7f79fe3"}}]
1762345940269	webdriver::server	DEBUG	<- 200 OK {"value":{"element-6066-11e4-a52e-4f735466cecf":"9e41e157-676a-4a69-a47a-a9b1e7f79fe3"}}
1762345940270	webdriver::server	DEBUG	-> GET /session/f0885b86-c071-462e-83a3-33dc41151369/element/9e41e157-676a-4a69-a47a-a9b1e7f79fe3/text 
1762345940271	Marionette	DEBUG	0 -> [0,68,"WebDriver:GetElementText",{"id":"9e41e157-676a-4a69-a47a-a9b1e7f79fe3"}]
1762345940274	Marionette	DEBUG	0 <- [1,68,null,{"value":"Total: $58.29"}]
1762345940274	webdriver::server	DEBUG	<- 200 OK {"value":"Total: $58.29"}
1762345940276	webdriver::server	DEBUG	-> POST /session/f0885b86-c071-462e-83a3-33dc41151369/element {
  "value": "#finish",
  "using": "css selector"
}
1762345940276	Marionette	DEBUG	0 -> [0,69,"WebDriver:FindElement",{"using":"css selector","value":"#finish"}]
1762345940277	Marionette	DEBUG	0 <- [1,69,null,{"value":{"element-6066-11e4-a52e-4f735466cecf":"9938c8f0-9e5c-4a3d-9fb3-0397cb2da34d"}}]
1762345940277	webdriver::server	DEBUG	<- 200 OK {"value":{"element-6066-11e4-a52e-4f735466cecf":"9938c8f0-9e5c-4a3d-9fb3-0397cb2da34d"}}
1762345940278	webdriver::server	DEBUG	-> POST /session/f0885b86-c071-462e-83a3-33dc41151369/element/9938c8f0-9e5c-4a3d-9fb3-0397cb2da34d/click {
  "id": "9938c8f0-9e5c-4a3d-9fb3-0397cb2da34d"
}
1762345940278	Marionette	DEBUG	0 -> [0,70,"WebDriver:ElementClick",{"id":"9938c8f0-9e5c-4a3d-9fb3-0397cb2da34d"}]
1762345940352	Marionette	DEBUG	0 <- [1,70,null,{"value":null}]
1762345940353	webdriver::server	DEBUG	<- 200 OK {"value":null}
1762345940358	webdriver::server	DEBUG	-> POST /session/f0885b86-c071-462e-83a3-33dc41151369/element {
  "using": "xpath",
  "value": "\u002f\u002fdiv\u002fspan[@data-test='title']"
}
1762345940359	Marionette	DEBUG	0 -> [0,71,"WebDriver:FindElement",{"using":"xpath","value":"//div/span[@data-test='title']"}]
1762345940362	Marionette	DEBUG	0 <- [1,71,null,{"value":{"element-6066-11e4-a52e-4f735466cecf":"b44a8023-a3f8-449f-9257-b66d67a238e5"}}]
1762345940362	webdriver::server	DEBUG	<- 200 OK {"value":{"element-6066-11e4-a52e-4f735466cecf":"b44a8023-a3f8-449f-9257-b66d67a238e5"}}
1762345940365	webdriver::server	DEBUG	-> GET /session/f0885b86-c071-462e-83a3-33dc41151369/element/b44a8023-a3f8-449f-9257-b66d67a238e5/text 
1762345940366	Marionette	DEBUG	0 -> [0,72,"WebDriver:GetElementText",{"id":"b44a8023-a3f8-449f-9257-b66d67a238e5"}]
1762345940372	Marionette	DEBUG	0 <- [1,72,null,{"value":"Checkout: Complete!"}]
1762345940372	webdriver::server	DEBUG	<- 200 OK {"value":"Checkout: Complete!"}
1762345940374	webdriver::server	DEBUG	-> DELETE /session/f0885b86-c071-462e-83a3-33dc41151369/cookie 
1762345940374	Marionette	DEBUG	0 -> [0,73,"WebDriver:DeleteAllCookies",{}]
1762345940375	Marionette	DEBUG	0 <- [1,73,null,{"value":null}]
1762345940375	webdriver::server	DEBUG	<- 200 OK {"value":null}
1762345940377	webdriver::server	DEBUG	-> DELETE /session/f0885b86-c071-462e-83a3-33dc41151369 
1762345940377	Marionette	DEBUG	0 -> [0,74,"Marionette:Quit",{"flags":["eForceQuit"]}]
1762345940378	Marionette	INFO	Stopped listening on port 62150
1762345940714	RemoteAgent	DEBUG	Resetting recommended pref apz.content_response_timeout
1762345940714	RemoteAgent	DEBUG	Resetting recommended pref browser.contentblocking.introCount
1762345940714	RemoteAgent	DEBUG	Resetting recommended pref browser.download.panel.shown
1762345940715	RemoteAgent	DEBUG	Resetting recommended pref browser.http.blank_page_with_error_response.enabled
1762345940715	RemoteAgent	DEBUG	Resetting recommended pref browser.newtabpage.activity-stream.asrouter.userprefs.cfr.features
1762345940715	RemoteAgent	DEBUG	Resetting recommended pref browser.newtabpage.activity-stream.discoverystream.region-weather-config
1762345940715	RemoteAgent	DEBUG	Resetting recommended pref browser.newtabpage.activity-stream.newtabWallpapers.enabled
1762345940716	RemoteAgent	DEBUG	Resetting recommended pref browser.newtabpage.activity-stream.showSponsoredTopSites
1762345940717	RemoteAgent	DEBUG	Resetting recommended pref browser.newtabpage.enabled
1762345940717	RemoteAgent	DEBUG	Resetting recommended pref browser.pagethumbnails.capturing_disabled
1762345940717	RemoteAgent	DEBUG	Resetting recommended pref browser.region.network.url
1762345940718	RemoteAgent	DEBUG	Resetting recommended pref browser.safebrowsing.blockedURIs.enabled
1762345940720	RemoteAgent	DEBUG	Resetting recommended pref browser.safebrowsing.downloads.enabled
1762345940722	RemoteAgent	DEBUG	Resetting recommended pref browser.safebrowsing.malware.enabled
1762345940723	RemoteAgent	DEBUG	Resetting recommended pref browser.safebrowsing.phishing.enabled
1762345940724	RemoteAgent	DEBUG	Resetting recommended pref browser.search.update
1762345940725	RemoteAgent	DEBUG	Resetting recommended pref browser.startup.couldRestoreSession.count
1762345940725	RemoteAgent	DEBUG	Resetting recommended pref browser.tabs.remote.unloadDelayMs
1762345940725	RemoteAgent	DEBUG	Resetting recommended pref browser.tabs.unloadOnLowMemory
1762345940725	RemoteAgent	DEBUG	Resetting recommended pref browser.tabs.warnOnClose
1762345940725	RemoteAgent	DEBUG	Resetting recommended pref browser.tabs.warnOnCloseOtherTabs
1762345940725	RemoteAgent	DEBUG	Resetting recommended pref browser.tabs.warnOnOpen
1762345940725	RemoteAgent	DEBUG	Resetting recommended pref browser.toolbars.bookmarks.visibility
1762345940725	RemoteAgent	DEBUG	Resetting recommended pref browser.topsites.contile.enabled
1762345940726	RemoteAgent	DEBUG	Resetting recommended pref browser.usedOnWindows10.introURL
1762345940726	RemoteAgent	DEBUG	Resetting recommended pref browser.urlbar.merino.endpointURL
1762345940727	RemoteAgent	DEBUG	Resetting recommended pref browser.urlbar.suggest.searches
1762345940728	RemoteAgent	DEBUG	Resetting recommended pref datareporting.policy.dataSubmissionPolicyAccepted
1762345940728	RemoteAgent	DEBUG	Resetting recommended pref datareporting.usage.uploadEnabled
1762345940728	RemoteAgent	DEBUG	Resetting recommended pref telemetry.fog.test.localhost_port
1762345940728	RemoteAgent	DEBUG	Resetting recommended pref dom.disable_open_during_load
1762345940728	RemoteAgent	DEBUG	Resetting recommended pref dom.file.createInChild
1762345940728	RemoteAgent	DEBUG	Resetting recommended pref dom.input_events.security.minNumTicks
1762345940728	RemoteAgent	DEBUG	Resetting recommended pref dom.input_events.security.minTimeElapsedInMS
1762345940728	RemoteAgent	DEBUG	Resetting recommended pref threads.lower_mainthread_priority_in_background.enabled
1762345940728	RemoteAgent	DEBUG	Resetting recommended pref dom.ipc.processPriorityManager.enabled
1762345940729	RemoteAgent	DEBUG	Resetting recommended pref dom.max_chrome_script_run_time
1762345940729	RemoteAgent	DEBUG	Resetting recommended pref dom.max_script_run_time
1762345940729	RemoteAgent	DEBUG	Resetting recommended pref dom.navigation.navigationRateLimit.count
1762345940729	RemoteAgent	DEBUG	Resetting recommended pref dom.push.connection.enabled
1762345940730	RemoteAgent	DEBUG	Resetting recommended pref dom.screenorientation.allow-lock
1762345940730	RemoteAgent	DEBUG	Resetting recommended pref dom.successive_dialog_time_limit
1762345940730	RemoteAgent	DEBUG	Resetting recommended pref extensions.getAddons.cache.enabled
1762345940730	RemoteAgent	DEBUG	Resetting recommended pref extensions.getAddons.discovery.api_url
1762345940730	RemoteAgent	DEBUG	Resetting recommended pref extensions.blocklist.detailsURL
1762345940730	RemoteAgent	DEBUG	Resetting recommended pref extensions.blocklist.itemURL
1762345940730	RemoteAgent	DEBUG	Resetting recommended pref extensions.hotfix.url
1762345940730	RemoteAgent	DEBUG	Resetting recommended pref extensions.systemAddon.update.enabled
1762345940730	RemoteAgent	DEBUG	Resetting recommended pref extensions.update.background.url
1762345940731	RemoteAgent	DEBUG	Resetting recommended pref extensions.update.url
1762345940731	RemoteAgent	DEBUG	Resetting recommended pref extensions.getAddons.get.url
1762345940732	RemoteAgent	DEBUG	Resetting recommended pref extensions.getAddons.search.browseURL
1762345940732	RemoteAgent	DEBUG	Resetting recommended pref geo.provider.network.url
1762345940732	RemoteAgent	DEBUG	Resetting recommended pref identity.fxaccounts.auth.uri
1762345940732	RemoteAgent	DEBUG	Resetting recommended pref network.connectivity-service.enabled
1762345940732	RemoteAgent	DEBUG	Resetting recommended pref network.http.phishy-userpass-length
1762345940732	RemoteAgent	DEBUG	Resetting recommended pref network.http.prompt-temp-redirect
1762345940732	RemoteAgent	DEBUG	Resetting recommended pref privacy.trackingprotection.enabled
1762345940732	RemoteAgent	DEBUG	Resetting recommended pref remote.prefs.recommended.applied
1762345940732	RemoteAgent	DEBUG	Resetting recommended pref security.fileuri.strict_origin_policy
1762345940733	RemoteAgent	DEBUG	Resetting recommended pref security.notification_enable_delay
1762345940733	RemoteAgent	DEBUG	Resetting recommended pref security.remote_settings.intermediates.enabled
1762345940733	RemoteAgent	DEBUG	Resetting recommended pref services.settings.loglevel
1762345940733	RemoteAgent	DEBUG	Resetting recommended pref signon.autofillForms
1762345940734	RemoteAgent	DEBUG	Resetting recommended pref signon.rememberSignons
1762345940735	RemoteAgent	DEBUG	Resetting recommended pref termsofuse.bypassNotification
1762345940735	RemoteAgent	DEBUG	Resetting recommended pref toolkit.telemetry.server
1762345940735	RemoteAgent	DEBUG	Resetting recommended pref widget.windows.window_occlusion_tracking.enabled
Dynamically enable window occlusion 1
1762345940754	Marionette	DEBUG	0 <- [1,74,null,{"cause":"shutdown","forced":false,"in_app":true}]
1762345940767	Marionette	DEBUG	Marionette stopped listening
1762345940772	webdriver::server	DEBUG	Teardown session
1762345940772	geckodriver::marionette	DEBUG	To store minidump files of Firefox crashes the MINIDUMP_SAVE_PATH environment variable needs to be set.
1762345940778	Marionette	DEBUG	Closed connection 0
console.error: "Failed to fetch https://spocs.getpocket.com/user:" "NetworkError when attempting to fetch resource."
console.error: (new TypeError("NetworkError when attempting to fetch resource.", ""))
console.error: (new Error("OHTTP was configured for https://ads.mozilla.org/v1/delete_user but we couldn't fetch a valid config", "moz-src:///browser/modules/ContextId.sys.mjs", 234))
console.warn: TopSitesFeed: Failed to fetch data from MARS server: NetworkError when attempting to fetch resource.
JavaScript error: resource://gre/modules/ObliviousHTTP.sys.mjs, line 117: NS_ERROR_XPC_CANT_CONVERT_PRIMITIVE_TO_ARRAY: Cannot convert primitive JavaScript value into an array arg 2 [nsIObliviousHttpService.newChannel]
JavaScript error: resource://services-settings/RemoteSettingsClient.sys.mjs, line 85: Error: Unknown callback
1762345940973	geckodriver::browser	DEBUG	Browser process stopped: exit code: 0
1762345941013	webdriver::server	DEBUG	<- 200 OK {"value":null}
]]></system-out>
    <system-err><![CDATA[[main] INFO autotests.ui.BaseTest - setUp
[main] INFO io.github.bonigarcia.wdm.WebDriverManager - Using geckodriver 0.36.0 (resolved driver for Firefox 144)
[main] INFO io.github.bonigarcia.wdm.WebDriverManager - Exporting webdriver.gecko.driver as C:\Users\User\.cache\selenium\geckodriver\win64\0.36.0\geckodriver.exe
[main] INFO config.BrowserSettings - Название браузера: firefox
[main] INFO autotests.ui.BaseTest - tearDown
]]></system-err>
  </testcase>
</testsuite>